/home/shinhwan/.local/lib/python2.7/site-packages/torch/nn/functional.py:52: UserWarning: size_average and reduce args will be deprecated, please use reduction='sum' instead.
  warnings.warn(warning.format(ret))
pretrain.py:70: UserWarning: nn.init.xavier_normal is now deprecated in favor of nn.init.xavier_normal_.
  nn.init.xavier_normal(param)
pretrain.py:68: UserWarning: nn.init.constant is now deprecated in favor of nn.init.constant_.
  nn.init.constant(param, 0)
Model #Params: 5110K
...Finish Making Plot Folder...
EPOCH: 1 | TIME: 2020-03-08 22:34:13.822932 
[0][20] KL: 204.6, Word: 18.49, Topo: 72.44, Assm: 53.59, Steo: 42.25
[0][40] KL: 218.5, Word: 25.13, Topo: 85.69, Assm: 59.16, Steo: 39.50
[0][60] KL: 249.7, Word: 32.00, Topo: 89.44, Assm: 60.78, Steo: 44.67
[0][80] KL: 236.8, Word: 39.63, Topo: 89.93, Assm: 59.80, Steo: 45.50
[0][100] KL: 229.2, Word: 44.86, Topo: 91.34, Assm: 60.38, Steo: 49.50
[0][120] KL: 242.2, Word: 49.55, Topo: 91.69, Assm: 62.31, Steo: 38.25
[0][140] KL: 239.8, Word: 53.51, Topo: 91.98, Assm: 59.58, Steo: 66.25
[0][160] KL: 247.2, Word: 55.78, Topo: 92.93, Assm: 62.26, Steo: 35.17
[0][180] KL: 275.6, Word: 56.94, Topo: 93.25, Assm: 61.55, Steo: 49.96
[0][200] KL: 230.4, Word: 59.72, Topo: 93.16, Assm: 62.51, Steo: 49.33
[0][220] KL: 239.3, Word: 60.32, Topo: 92.62, Assm: 62.00, Steo: 49.58
[0][240] KL: 263.2, Word: 61.39, Topo: 93.16, Assm: 62.26, Steo: 46.25
[0][260] KL: 264.7, Word: 63.29, Topo: 93.35, Assm: 63.24, Steo: 67.25
[0][280] KL: 271.6, Word: 64.21, Topo: 93.24, Assm: 63.98, Steo: 68.25
[0][300] KL: 272.4, Word: 64.82, Topo: 94.01, Assm: 63.57, Steo: 66.12
[0][320] KL: 339.2, Word: 65.43, Topo: 94.07, Assm: 63.80, Steo: 95.00
[0][340] KL: 321.1, Word: 67.10, Topo: 94.11, Assm: 64.19, Steo: 100.00
[0][360] KL: 347.8, Word: 67.74, Topo: 94.16, Assm: 64.39, Steo: 100.00
[0][380] KL: 330.7, Word: 67.54, Topo: 94.32, Assm: 63.16, Steo: 100.00
[0][400] KL: 357.5, Word: 68.81, Topo: 94.53, Assm: 64.31, Steo: 98.33
[0][420] KL: 375.4, Word: 69.19, Topo: 94.74, Assm: 65.86, Steo: 97.50
[0][440] KL: 346.8, Word: 69.56, Topo: 94.40, Assm: 65.29, Steo: 98.75
[0][460] KL: 400.9, Word: 71.27, Topo: 94.36, Assm: 65.64, Steo: 96.25
[0][480] KL: 404.4, Word: 71.68, Topo: 95.07, Assm: 68.26, Steo: 98.75
[0][500] KL: 390.8, Word: 70.62, Topo: 94.92, Assm: 67.15, Steo: 99.29
[0][520] KL: 405.7, Word: 73.22, Topo: 95.45, Assm: 68.95, Steo: 100.00
[0][540] KL: 405.7, Word: 72.68, Topo: 95.14, Assm: 68.51, Steo: 100.00
[0][560] KL: 434.6, Word: 73.08, Topo: 95.62, Assm: 67.45, Steo: 99.00
[0][580] KL: 441.1, Word: 73.52, Topo: 95.72, Assm: 70.51, Steo: 99.29
[0][600] KL: 443.1, Word: 72.86, Topo: 95.44, Assm: 70.02, Steo: 97.50
[0][620] KL: 451.0, Word: 73.30, Topo: 95.61, Assm: 71.01, Steo: 100.00
[0][640] KL: 459.1, Word: 73.89, Topo: 95.68, Assm: 72.06, Steo: 100.00
[0][660] KL: 485.2, Word: 74.40, Topo: 96.10, Assm: 73.47, Steo: 100.00
[0][680] KL: 446.7, Word: 74.54, Topo: 95.94, Assm: 72.18, Steo: 98.75
[0][700] KL: 461.7, Word: 74.81, Topo: 96.05, Assm: 73.93, Steo: 100.00
[0][720] KL: 463.3, Word: 74.96, Topo: 96.12, Assm: 73.50, Steo: 98.33
[0][740] KL: 484.3, Word: 75.34, Topo: 95.89, Assm: 73.88, Steo: 97.50
[0][760] KL: 495.3, Word: 75.06, Topo: 96.05, Assm: 74.65, Steo: 100.00
[0][780] KL: 481.1, Word: 76.33, Topo: 96.26, Assm: 75.23, Steo: 100.00
[0][800] KL: 495.5, Word: 75.76, Topo: 95.98, Assm: 76.56, Steo: 100.00
[0][820] KL: 487.8, Word: 76.22, Topo: 96.13, Assm: 74.90, Steo: 100.00
[0][840] KL: 494.6, Word: 76.74, Topo: 96.24, Assm: 77.06, Steo: 100.00
[0][860] KL: 458.0, Word: 76.82, Topo: 96.43, Assm: 76.23, Steo: 100.00
[0][880] KL: 530.9, Word: 77.40, Topo: 96.35, Assm: 75.80, Steo: 100.00
[0][900] KL: 504.8, Word: 76.93, Topo: 96.30, Assm: 77.64, Steo: 100.00
[0][920] KL: 546.9, Word: 77.96, Topo: 96.24, Assm: 76.68, Steo: 100.00
[0][940] KL: 571.8, Word: 77.73, Topo: 96.50, Assm: 77.75, Steo: 100.00
[0][960] KL: 530.9, Word: 77.67, Topo: 96.32, Assm: 78.83, Steo: 100.00
[0][980] KL: 555.4, Word: 78.02, Topo: 96.32, Assm: 78.58, Steo: 100.00
[0][1000] KL: 591.3, Word: 78.70, Topo: 96.71, Assm: 78.52, Steo: 100.00
[0][1020] KL: 529.4, Word: 78.91, Topo: 96.62, Assm: 78.78, Steo: 100.00
[0][1040] KL: 559.8, Word: 79.50, Topo: 96.86, Assm: 79.68, Steo: 100.00
[0][1060] KL: 595.0, Word: 80.08, Topo: 96.74, Assm: 77.42, Steo: 100.00
[0][1080] KL: 552.7, Word: 79.56, Topo: 96.61, Assm: 79.77, Steo: 100.00
[0][1100] KL: 620.7, Word: 79.63, Topo: 96.91, Assm: 79.57, Steo: 100.00
[0][1120] KL: 586.3, Word: 80.23, Topo: 96.66, Assm: 79.52, Steo: 100.00
[0][1140] KL: 596.0, Word: 80.54, Topo: 96.79, Assm: 79.64, Steo: 100.00
[0][1160] KL: 619.0, Word: 80.52, Topo: 96.84, Assm: 79.00, Steo: 95.00
[0][1180] KL: 612.3, Word: 80.04, Topo: 96.87, Assm: 81.03, Steo: 100.00
[0][1200] KL: 615.4, Word: 80.42, Topo: 96.96, Assm: 80.66, Steo: 100.00
[0][1220] KL: 607.0, Word: 80.70, Topo: 96.56, Assm: 80.47, Steo: 100.00
[0][1240] KL: 620.2, Word: 80.68, Topo: 96.78, Assm: 79.50, Steo: 100.00
[0][1260] KL: 656.2, Word: 81.58, Topo: 97.28, Assm: 81.91, Steo: 100.00
[0][1280] KL: 638.4, Word: 81.11, Topo: 97.08, Assm: 81.49, Steo: 100.00
[0][1300] KL: 677.3, Word: 81.84, Topo: 97.06, Assm: 81.68, Steo: 100.00
[0][1320] KL: 638.6, Word: 82.20, Topo: 96.96, Assm: 82.45, Steo: 100.00
[0][1340] KL: 605.0, Word: 81.25, Topo: 96.99, Assm: 80.70, Steo: 100.00
[0][1360] KL: 649.9, Word: 82.36, Topo: 97.30, Assm: 82.95, Steo: 100.00
[0][1380] KL: 706.3, Word: 82.50, Topo: 97.13, Assm: 81.42, Steo: 100.00
[0][1400] KL: 672.3, Word: 81.71, Topo: 97.23, Assm: 82.77, Steo: 100.00
[0][1420] KL: 631.8, Word: 81.93, Topo: 97.00, Assm: 81.47, Steo: 100.00
[0][1440] KL: 659.7, Word: 81.32, Topo: 96.87, Assm: 83.63, Steo: 100.00
[0][1460] KL: 653.3, Word: 82.12, Topo: 97.25, Assm: 85.15, Steo: 100.00
[0][1480] KL: 663.8, Word: 82.29, Topo: 97.06, Assm: 83.17, Steo: 100.00
[0][1500] KL: 688.6, Word: 83.10, Topo: 97.08, Assm: 83.64, Steo: 98.75
[0][1520] KL: 662.2, Word: 82.50, Topo: 96.86, Assm: 83.20, Steo: 100.00
[0][1540] KL: 652.5, Word: 82.27, Topo: 97.11, Assm: 84.11, Steo: 100.00
[0][1560] KL: 708.7, Word: 82.61, Topo: 97.18, Assm: 84.72, Steo: 100.00
[0][1580] KL: 668.8, Word: 83.31, Topo: 97.47, Assm: 84.69, Steo: 100.00
[0][1600] KL: 662.9, Word: 83.40, Topo: 97.65, Assm: 84.93, Steo: 100.00
[0][1620] KL: 684.4, Word: 83.82, Topo: 97.21, Assm: 84.30, Steo: 100.00
[0][1640] KL: 693.4, Word: 82.73, Topo: 97.27, Assm: 85.21, Steo: 100.00
[0][1660] KL: 673.1, Word: 83.33, Topo: 97.34, Assm: 85.20, Steo: 100.00
[0][1680] KL: 682.8, Word: 84.07, Topo: 97.45, Assm: 85.68, Steo: 100.00
[0][1700] KL: 708.8, Word: 83.41, Topo: 97.08, Assm: 86.83, Steo: 100.00
[0][1720] KL: 700.2, Word: 84.50, Topo: 97.49, Assm: 85.42, Steo: 100.00
[0][1740] KL: 702.1, Word: 84.83, Topo: 97.49, Assm: 84.98, Steo: 100.00
[0][1760] KL: 737.6, Word: 84.48, Topo: 97.85, Assm: 85.76, Steo: 100.00
[0][1780] KL: 722.1, Word: 84.17, Topo: 97.51, Assm: 85.55, Steo: 100.00
[0][1800] KL: 740.1, Word: 84.69, Topo: 97.63, Assm: 85.72, Steo: 100.00
[0][1820] KL: 698.9, Word: 84.57, Topo: 97.57, Assm: 86.72, Steo: 100.00
[0][1840] KL: 754.8, Word: 84.84, Topo: 97.60, Assm: 85.14, Steo: 100.00
[0][1860] KL: 703.4, Word: 85.01, Topo: 97.76, Assm: 85.13, Steo: 100.00
[0][1880] KL: 727.6, Word: 84.84, Topo: 97.68, Assm: 86.39, Steo: 100.00
[0][1900] KL: 716.5, Word: 83.98, Topo: 97.31, Assm: 86.75, Steo: 100.00
[0][1920] KL: 763.7, Word: 85.54, Topo: 97.62, Assm: 87.13, Steo: 100.00
[0][1940] KL: 730.6, Word: 84.66, Topo: 97.75, Assm: 86.37, Steo: 100.00
[0][1960] KL: 762.9, Word: 85.47, Topo: 97.85, Assm: 87.88, Steo: 100.00
[0][1980] KL: 717.0, Word: 86.06, Topo: 97.75, Assm: 85.82, Steo: 95.00
[0][2000] KL: 735.9, Word: 85.81, Topo: 97.81, Assm: 88.14, Steo: 98.33
[0][2020] KL: 784.1, Word: 86.17, Topo: 97.65, Assm: 89.22, Steo: 100.00
[0][2040] KL: 764.8, Word: 86.73, Topo: 97.95, Assm: 86.98, Steo: 100.00
[0][2060] KL: 805.8, Word: 86.53, Topo: 97.84, Assm: 88.75, Steo: 100.00
[0][2080] KL: 765.1, Word: 85.80, Topo: 97.65, Assm: 87.82, Steo: 100.00
[0][2100] KL: 774.6, Word: 85.87, Topo: 97.32, Assm: 86.38, Steo: 100.00
[0][2120] KL: 803.2, Word: 85.58, Topo: 97.56, Assm: 86.43, Steo: 100.00
[0][2140] KL: 739.3, Word: 85.77, Topo: 97.99, Assm: 87.66, Steo: 100.00
[0][2160] KL: 773.9, Word: 86.28, Topo: 97.78, Assm: 89.12, Steo: 100.00
[0][2180] KL: 794.0, Word: 86.43, Topo: 97.84, Assm: 88.34, Steo: 100.00
[0][2200] KL: 776.4, Word: 86.67, Topo: 97.81, Assm: 87.62, Steo: 100.00
[0][2220] KL: 770.4, Word: 86.18, Topo: 98.02, Assm: 88.61, Steo: 100.00
[0][2240] KL: 777.8, Word: 86.44, Topo: 97.91, Assm: 87.87, Steo: 100.00
[0][2260] KL: 790.5, Word: 87.25, Topo: 98.05, Assm: 88.65, Steo: 100.00
[0][2280] KL: 790.6, Word: 87.45, Topo: 97.92, Assm: 88.94, Steo: 100.00
[0][2300] KL: 766.9, Word: 87.73, Topo: 97.78, Assm: 87.32, Steo: 100.00
[0][2320] KL: 804.8, Word: 86.84, Topo: 97.79, Assm: 88.85, Steo: 100.00
[0][2340] KL: 804.4, Word: 87.40, Topo: 98.08, Assm: 89.87, Steo: 100.00
[0][2360] KL: 773.4, Word: 86.81, Topo: 98.03, Assm: 88.51, Steo: 100.00
[0][2380] KL: 780.2, Word: 87.08, Topo: 98.10, Assm: 88.45, Steo: 100.00
[0][2400] KL: 785.5, Word: 87.37, Topo: 98.14, Assm: 87.91, Steo: 100.00
[0][2420] KL: 837.4, Word: 87.56, Topo: 97.98, Assm: 87.88, Steo: 100.00
[0][2440] KL: 774.2, Word: 87.64, Topo: 98.04, Assm: 88.37, Steo: 100.00
[0][2460] KL: 806.8, Word: 87.26, Topo: 98.10, Assm: 88.96, Steo: 98.75
[0][2480] KL: 831.8, Word: 87.53, Topo: 97.82, Assm: 87.87, Steo: 100.00
[0][2500] KL: 845.8, Word: 88.14, Topo: 98.26, Assm: 88.78, Steo: 100.00
[0][2520] KL: 780.2, Word: 87.98, Topo: 98.10, Assm: 88.14, Steo: 100.00
[0][2540] KL: 823.0, Word: 87.68, Topo: 98.00, Assm: 88.75, Steo: 100.00
[0][2560] KL: 855.0, Word: 87.97, Topo: 97.90, Assm: 89.45, Steo: 100.00
[0][2580] KL: 794.8, Word: 88.21, Topo: 98.20, Assm: 88.18, Steo: 100.00
[0][2600] KL: 778.4, Word: 87.09, Topo: 97.88, Assm: 87.58, Steo: 100.00
[0][2620] KL: 824.0, Word: 87.31, Topo: 98.23, Assm: 88.75, Steo: 100.00
[0][2640] KL: 824.8, Word: 87.76, Topo: 98.09, Assm: 88.68, Steo: 100.00
[0][2660] KL: 802.5, Word: 88.46, Topo: 98.17, Assm: 90.18, Steo: 100.00
[0][2680] KL: 831.1, Word: 88.33, Topo: 98.18, Assm: 90.18, Steo: 100.00
[0][2700] KL: 812.6, Word: 88.26, Topo: 98.17, Assm: 90.38, Steo: 100.00
[0][2720] KL: 834.3, Word: 87.53, Topo: 98.21, Assm: 90.57, Steo: 100.00
[0][2740] KL: 816.2, Word: 87.66, Topo: 98.05, Assm: 89.42, Steo: 100.00
[0][2760] KL: 851.6, Word: 87.89, Topo: 98.03, Assm: 90.02, Steo: 100.00
[0][2780] KL: 883.8, Word: 87.73, Topo: 98.16, Assm: 89.52, Steo: 100.00
[0][2800] KL: 838.8, Word: 88.54, Topo: 97.92, Assm: 90.40, Steo: 100.00
[0][2820] KL: 885.1, Word: 88.72, Topo: 98.35, Assm: 90.46, Steo: 100.00
[0][2840] KL: 832.9, Word: 88.40, Topo: 98.03, Assm: 89.44, Steo: 100.00
[0][2860] KL: 844.9, Word: 88.84, Topo: 98.29, Assm: 90.57, Steo: 100.00
[0][2880] KL: 867.5, Word: 88.48, Topo: 98.23, Assm: 91.79, Steo: 100.00
[0][2900] KL: 827.4, Word: 87.94, Topo: 98.15, Assm: 89.74, Steo: 100.00
[0][2920] KL: 865.6, Word: 88.66, Topo: 98.33, Assm: 89.05, Steo: 99.00
[0][2940] KL: 877.6, Word: 89.57, Topo: 98.30, Assm: 87.82, Steo: 100.00
[0][2960] KL: 836.4, Word: 88.76, Topo: 98.16, Assm: 90.27, Steo: 100.00
[0][2980] KL: 846.8, Word: 88.51, Topo: 98.00, Assm: 90.58, Steo: 100.00
[0][3000] KL: 818.1, Word: 88.31, Topo: 98.13, Assm: 89.41, Steo: 100.00
[0][3020] KL: 836.4, Word: 89.35, Topo: 98.40, Assm: 90.41, Steo: 100.00
[0][3040] KL: 864.2, Word: 88.57, Topo: 98.27, Assm: 90.77, Steo: 100.00
[0][3060] KL: 831.4, Word: 88.73, Topo: 98.22, Assm: 90.62, Steo: 100.00
[0][3080] KL: 823.4, Word: 89.12, Topo: 98.29, Assm: 90.64, Steo: 100.00
[0][3100] KL: 837.5, Word: 89.10, Topo: 98.32, Assm: 91.35, Steo: 100.00
[0][3120] KL: 873.1, Word: 88.48, Topo: 98.26, Assm: 90.22, Steo: 100.00
[0][3140] KL: 875.9, Word: 89.02, Topo: 98.42, Assm: 91.30, Steo: 100.00
[0][3160] KL: 844.6, Word: 88.99, Topo: 98.16, Assm: 90.47, Steo: 100.00
[0][3180] KL: 864.7, Word: 90.39, Topo: 98.32, Assm: 91.70, Steo: 100.00
[0][3200] KL: 894.5, Word: 89.48, Topo: 98.39, Assm: 90.54, Steo: 100.00
[0][3220] KL: 819.0, Word: 88.95, Topo: 98.07, Assm: 91.42, Steo: 100.00
[0][3240] KL: 864.0, Word: 89.03, Topo: 98.21, Assm: 90.57, Steo: 100.00
[0][3260] KL: 863.2, Word: 89.16, Topo: 98.43, Assm: 90.68, Steo: 100.00
[0][3280] KL: 847.7, Word: 89.45, Topo: 98.39, Assm: 90.49, Steo: 100.00
[0][3300] KL: 870.1, Word: 89.08, Topo: 98.40, Assm: 90.41, Steo: 100.00
[0][3320] KL: 918.4, Word: 89.16, Topo: 98.34, Assm: 90.83, Steo: 100.00
[0][3340] KL: 890.2, Word: 90.01, Topo: 98.33, Assm: 91.18, Steo: 100.00
[0][3360] KL: 847.1, Word: 89.58, Topo: 98.42, Assm: 91.09, Steo: 100.00
[0][3380] KL: 843.1, Word: 90.10, Topo: 98.31, Assm: 91.53, Steo: 100.00
[0][3400] KL: 913.1, Word: 89.63, Topo: 98.52, Assm: 90.68, Steo: 100.00
[0][3420] KL: 887.9, Word: 89.18, Topo: 98.30, Assm: 90.86, Steo: 100.00
[0][3440] KL: 897.6, Word: 90.26, Topo: 98.46, Assm: 90.05, Steo: 100.00
[0][3460] KL: 834.8, Word: 89.22, Topo: 98.57, Assm: 91.25, Steo: 100.00
[0][3480] KL: 893.6, Word: 90.33, Topo: 98.44, Assm: 90.91, Steo: 100.00
[0][3500] KL: 867.3, Word: 89.39, Topo: 98.31, Assm: 91.07, Steo: 100.00
[0][3520] KL: 892.0, Word: 89.80, Topo: 98.63, Assm: 91.32, Steo: 100.00
[0][3540] KL: 869.3, Word: 89.53, Topo: 98.29, Assm: 91.46, Steo: 100.00
[0][3560] KL: 878.9, Word: 89.59, Topo: 98.14, Assm: 91.39, Steo: 100.00
[0][3580] KL: 878.0, Word: 90.17, Topo: 98.41, Assm: 91.27, Steo: 100.00
[0][3600] KL: 884.3, Word: 90.20, Topo: 98.49, Assm: 91.93, Steo: 100.00
[0][3620] KL: 831.6, Word: 90.24, Topo: 98.56, Assm: 92.89, Steo: 100.00
[0][3640] KL: 898.1, Word: 90.53, Topo: 98.53, Assm: 91.91, Steo: 100.00
[0][3660] KL: 868.4, Word: 91.09, Topo: 98.52, Assm: 91.79, Steo: 100.00
[0][3680] KL: 954.0, Word: 90.67, Topo: 98.57, Assm: 92.24, Steo: 100.00
[0][3700] KL: 898.8, Word: 90.01, Topo: 98.50, Assm: 92.73, Steo: 100.00
[0][3720] KL: 940.4, Word: 90.67, Topo: 98.62, Assm: 92.69, Steo: 100.00
[0][3740] KL: 911.8, Word: 90.46, Topo: 98.42, Assm: 92.13, Steo: 100.00
[0][3760] KL: 937.1, Word: 90.22, Topo: 98.46, Assm: 92.49, Steo: 100.00
[0][3780] KL: 922.1, Word: 90.26, Topo: 98.66, Assm: 93.17, Steo: 100.00
[0][3800] KL: 938.1, Word: 90.53, Topo: 98.43, Assm: 92.11, Steo: 100.00
[0][3820] KL: 911.7, Word: 90.87, Topo: 98.52, Assm: 91.45, Steo: 100.00
[0][3840] KL: 946.1, Word: 90.58, Topo: 98.57, Assm: 92.55, Steo: 100.00
[0][3860] KL: 899.7, Word: 90.08, Topo: 98.58, Assm: 91.90, Steo: 100.00
[0][3880] KL: 945.7, Word: 90.09, Topo: 98.62, Assm: 91.99, Steo: 100.00
[0][3900] KL: 882.5, Word: 89.96, Topo: 98.65, Assm: 91.92, Steo: 100.00
[0][3920] KL: 851.5, Word: 90.77, Topo: 98.43, Assm: 91.86, Steo: 100.00
[0][3940] KL: 895.3, Word: 90.67, Topo: 98.66, Assm: 93.51, Steo: 100.00
[0][3960] KL: 917.7, Word: 90.47, Topo: 98.73, Assm: 92.31, Steo: 100.00
[0][3980] KL: 864.4, Word: 90.43, Topo: 98.55, Assm: 92.16, Steo: 100.00
[0][4000] KL: 867.4, Word: 90.59, Topo: 98.54, Assm: 92.52, Steo: 100.00
[0][4020] KL: 894.4, Word: 90.31, Topo: 98.59, Assm: 92.79, Steo: 100.00
[0][4040] KL: 932.7, Word: 90.54, Topo: 98.40, Assm: 91.69, Steo: 100.00
[0][4060] KL: 869.8, Word: 90.32, Topo: 98.34, Assm: 92.12, Steo: 100.00
[0][4080] KL: 930.6, Word: 90.59, Topo: 98.73, Assm: 92.33, Steo: 100.00
[0][4100] KL: 897.6, Word: 90.52, Topo: 98.53, Assm: 92.42, Steo: 100.00
[0][4120] KL: 890.4, Word: 90.74, Topo: 98.60, Assm: 92.45, Steo: 100.00
[0][4140] KL: 938.9, Word: 90.72, Topo: 98.72, Assm: 93.03, Steo: 100.00
[0][4160] KL: 892.8, Word: 91.29, Topo: 98.59, Assm: 92.26, Steo: 100.00
[0][4180] KL: 911.2, Word: 90.85, Topo: 98.55, Assm: 92.99, Steo: 100.00
[0][4200] KL: 871.9, Word: 91.01, Topo: 98.59, Assm: 93.00, Steo: 100.00
[0][4220] KL: 921.9, Word: 91.53, Topo: 98.78, Assm: 93.69, Steo: 100.00
[0][4240] KL: 936.4, Word: 90.31, Topo: 98.53, Assm: 93.38, Steo: 100.00
[0][4260] KL: 886.8, Word: 91.08, Topo: 98.62, Assm: 92.86, Steo: 100.00
[0][4280] KL: 910.5, Word: 91.00, Topo: 98.65, Assm: 92.35, Steo: 100.00
[0][4300] KL: 946.0, Word: 90.94, Topo: 98.83, Assm: 92.60, Steo: 100.00
[0][4320] KL: 931.8, Word: 91.31, Topo: 98.79, Assm: 91.84, Steo: 100.00
[0][4340] KL: 927.3, Word: 91.20, Topo: 98.79, Assm: 92.76, Steo: 100.00
[0][4360] KL: 956.7, Word: 91.24, Topo: 98.64, Assm: 93.58, Steo: 100.00
[0][4380] KL: 993.4, Word: 90.81, Topo: 98.60, Assm: 92.85, Steo: 100.00
[0][4400] KL: 891.1, Word: 90.57, Topo: 98.65, Assm: 93.46, Steo: 100.00
[0][4420] KL: 930.7, Word: 91.15, Topo: 98.66, Assm: 92.87, Steo: 100.00
[0][4440] KL: 934.9, Word: 91.29, Topo: 98.66, Assm: 93.42, Steo: 100.00
[0][4460] KL: 926.4, Word: 91.41, Topo: 98.70, Assm: 93.63, Steo: 100.00
[0][4480] KL: 922.7, Word: 91.10, Topo: 98.48, Assm: 93.50, Steo: 100.00
[0][4500] KL: 913.7, Word: 91.26, Topo: 98.52, Assm: 93.03, Steo: 100.00
[0][4520] KL: 919.2, Word: 91.23, Topo: 98.59, Assm: 93.73, Steo: 100.00
[0][4540] KL: 942.6, Word: 90.78, Topo: 98.47, Assm: 93.64, Steo: 100.00
[0][4560] KL: 947.0, Word: 91.36, Topo: 98.58, Assm: 93.64, Steo: 100.00
[0][4580] KL: 950.5, Word: 91.15, Topo: 98.62, Assm: 93.15, Steo: 100.00
[0][4600] KL: 983.2, Word: 91.59, Topo: 98.65, Assm: 93.27, Steo: 100.00
[0][4620] KL: 926.6, Word: 91.46, Topo: 98.67, Assm: 93.11, Steo: 100.00
[0][4640] KL: 881.0, Word: 91.55, Topo: 98.68, Assm: 93.40, Steo: 100.00
[0][4660] KL: 916.8, Word: 91.41, Topo: 98.58, Assm: 93.45, Steo: 100.00
[0][4680] KL: 951.9, Word: 91.49, Topo: 98.65, Assm: 93.41, Steo: 100.00
[0][4700] KL: 938.9, Word: 91.60, Topo: 98.83, Assm: 94.14, Steo: 100.00
[0][4720] KL: 919.5, Word: 91.27, Topo: 98.68, Assm: 93.91, Steo: 100.00
[0][4740] KL: 974.2, Word: 91.75, Topo: 98.61, Assm: 93.86, Steo: 100.00
[0][4760] KL: 899.6, Word: 91.96, Topo: 98.71, Assm: 93.19, Steo: 100.00
[0][4780] KL: 991.3, Word: 91.72, Topo: 98.68, Assm: 93.49, Steo: 100.00
[0][4800] KL: 899.1, Word: 91.31, Topo: 98.62, Assm: 94.30, Steo: 100.00
[0][4820] KL: 931.0, Word: 91.19, Topo: 98.73, Assm: 93.48, Steo: 100.00
[0][4840] KL: 947.5, Word: 91.36, Topo: 98.72, Assm: 94.35, Steo: 100.00
[0][4860] KL: 917.3, Word: 92.20, Topo: 98.70, Assm: 94.10, Steo: 100.00
[0][4880] KL: 876.8, Word: 91.43, Topo: 98.68, Assm: 93.14, Steo: 100.00
[0][4900] KL: 917.2, Word: 91.55, Topo: 98.60, Assm: 93.44, Steo: 100.00
[0][4920] KL: 943.0, Word: 91.70, Topo: 98.74, Assm: 93.40, Steo: 100.00
[0][4940] KL: 922.3, Word: 91.58, Topo: 98.87, Assm: 94.76, Steo: 100.00
[0][4960] KL: 975.0, Word: 91.43, Topo: 98.47, Assm: 93.64, Steo: 100.00
[0][4980] KL: 934.3, Word: 91.68, Topo: 98.68, Assm: 93.46, Steo: 100.00
[0][5000] KL: 982.8, Word: 91.82, Topo: 98.80, Assm: 93.17, Steo: 100.00
[0][5020] KL: 905.6, Word: 91.65, Topo: 98.70, Assm: 93.99, Steo: 100.00
[0][5040] KL: 909.0, Word: 91.72, Topo: 98.83, Assm: 93.53, Steo: 100.00
[0][5060] KL: 910.2, Word: 91.85, Topo: 98.86, Assm: 93.64, Steo: 100.00
[0][5080] KL: 950.7, Word: 91.75, Topo: 98.64, Assm: 93.60, Steo: 100.00
[0][5100] KL: 980.5, Word: 91.89, Topo: 98.74, Assm: 93.41, Steo: 100.00
[0][5120] KL: 946.4, Word: 91.50, Topo: 98.87, Assm: 93.99, Steo: 100.00
[0][5140] KL: 946.5, Word: 91.86, Topo: 98.89, Assm: 93.85, Steo: 100.00
[0][5160] KL: 986.2, Word: 92.16, Topo: 98.93, Assm: 93.86, Steo: 100.00
[0][5180] KL: 928.3, Word: 91.35, Topo: 98.87, Assm: 94.18, Steo: 100.00
[0][5200] KL: 964.8, Word: 92.11, Topo: 98.89, Assm: 93.32, Steo: 100.00
[0][5220] KL: 931.0, Word: 91.85, Topo: 98.77, Assm: 93.63, Steo: 100.00
[0][5240] KL: 972.7, Word: 91.96, Topo: 98.87, Assm: 94.20, Steo: 100.00
[0][5260] KL: 947.5, Word: 92.26, Topo: 98.83, Assm: 94.86, Steo: 100.00
[0][5280] KL: 904.7, Word: 91.92, Topo: 98.75, Assm: 93.03, Steo: 100.00
[0][5300] KL: 955.9, Word: 91.95, Topo: 98.79, Assm: 93.85, Steo: 100.00
[0][5320] KL: 944.2, Word: 92.04, Topo: 98.95, Assm: 93.83, Steo: 100.00
[0][5340] KL: 931.8, Word: 92.06, Topo: 98.90, Assm: 93.81, Steo: 100.00
[0][5360] KL: 961.0, Word: 92.33, Topo: 98.83, Assm: 93.96, Steo: 100.00
[0][5380] KL: 999.1, Word: 92.76, Topo: 98.95, Assm: 94.06, Steo: 99.00
[0][5400] KL: 981.5, Word: 92.30, Topo: 98.49, Assm: 94.22, Steo: 100.00
[0][5420] KL: 947.4, Word: 91.87, Topo: 98.75, Assm: 94.76, Steo: 100.00
[0][5440] KL: 915.8, Word: 91.60, Topo: 98.77, Assm: 94.50, Steo: 100.00
[0][5460] KL: 977.0, Word: 92.08, Topo: 98.84, Assm: 94.36, Steo: 100.00
[0][5480] KL: 975.2, Word: 92.53, Topo: 98.67, Assm: 94.37, Steo: 100.00
[0][5500] KL: 931.4, Word: 91.97, Topo: 98.76, Assm: 94.60, Steo: 100.00
Cosume Time per Epoch 7:05:05.760583
learning rate: 0.000900
EPOCH: 2 | TIME: 2020-03-09 05:39:19.950893 
[1][20] KL: 948.8, Word: 92.50, Topo: 98.84, Assm: 94.41, Steo: 100.00
[1][40] KL: 961.8, Word: 92.77, Topo: 99.09, Assm: 94.28, Steo: 100.00
[1][60] KL: 927.8, Word: 92.91, Topo: 98.92, Assm: 95.09, Steo: 100.00
[1][80] KL: 955.4, Word: 93.13, Topo: 99.01, Assm: 94.78, Steo: 100.00
[1][100] KL: 957.7, Word: 92.90, Topo: 99.05, Assm: 95.65, Steo: 100.00
[1][120] KL: 988.0, Word: 93.30, Topo: 99.03, Assm: 95.26, Steo: 100.00
[1][140] KL: 995.0, Word: 93.35, Topo: 99.05, Assm: 95.41, Steo: 100.00
[1][160] KL: 959.5, Word: 93.13, Topo: 98.90, Assm: 94.67, Steo: 100.00
[1][180] KL: 997.2, Word: 92.45, Topo: 98.94, Assm: 94.15, Steo: 100.00
[1][200] KL: 1008.0, Word: 92.98, Topo: 98.96, Assm: 95.49, Steo: 100.00
[1][220] KL: 1020.2, Word: 93.28, Topo: 98.90, Assm: 94.87, Steo: 100.00
[1][240] KL: 1051.6, Word: 92.83, Topo: 99.10, Assm: 94.47, Steo: 100.00
[1][260] KL: 1041.7, Word: 92.90, Topo: 98.92, Assm: 94.92, Steo: 100.00
[1][280] KL: 956.0, Word: 92.88, Topo: 99.02, Assm: 94.49, Steo: 100.00
[1][300] KL: 1054.2, Word: 92.66, Topo: 98.96, Assm: 94.60, Steo: 100.00
[1][320] KL: 985.4, Word: 92.92, Topo: 98.81, Assm: 95.57, Steo: 100.00
[1][340] KL: 1011.1, Word: 93.13, Topo: 99.00, Assm: 94.73, Steo: 100.00
[1][360] KL: 1024.3, Word: 93.33, Topo: 99.08, Assm: 95.36, Steo: 100.00
[1][380] KL: 1026.7, Word: 92.48, Topo: 99.07, Assm: 94.61, Steo: 100.00
[1][400] KL: 995.2, Word: 93.65, Topo: 99.05, Assm: 95.48, Steo: 100.00
[1][420] KL: 1042.7, Word: 93.16, Topo: 99.03, Assm: 95.23, Steo: 100.00
[1][440] KL: 960.9, Word: 93.61, Topo: 99.13, Assm: 95.33, Steo: 100.00
[1][460] KL: 997.0, Word: 92.70, Topo: 98.94, Assm: 94.98, Steo: 100.00
[1][480] KL: 978.4, Word: 92.89, Topo: 98.86, Assm: 95.46, Steo: 100.00
[1][500] KL: 1073.4, Word: 92.85, Topo: 98.92, Assm: 94.44, Steo: 100.00
[1][520] KL: 1033.8, Word: 93.38, Topo: 98.87, Assm: 95.33, Steo: 100.00
[1][540] KL: 1029.7, Word: 93.36, Topo: 98.89, Assm: 95.49, Steo: 100.00
[1][560] KL: 972.3, Word: 93.42, Topo: 98.96, Assm: 94.90, Steo: 100.00
[1][580] KL: 1006.7, Word: 93.44, Topo: 98.99, Assm: 95.36, Steo: 100.00
[1][600] KL: 978.9, Word: 93.60, Topo: 99.03, Assm: 96.24, Steo: 100.00
[1][620] KL: 995.7, Word: 93.16, Topo: 99.08, Assm: 95.42, Steo: 100.00
[1][640] KL: 1003.1, Word: 93.42, Topo: 99.02, Assm: 95.29, Steo: 100.00
[1][660] KL: 988.8, Word: 93.51, Topo: 98.99, Assm: 94.50, Steo: 100.00
[1][680] KL: 1033.2, Word: 92.94, Topo: 98.80, Assm: 95.57, Steo: 100.00
[1][700] KL: 986.3, Word: 93.29, Topo: 99.02, Assm: 95.82, Steo: 100.00
[1][720] KL: 1026.6, Word: 93.58, Topo: 99.04, Assm: 95.16, Steo: 100.00
[1][740] KL: 1026.6, Word: 93.48, Topo: 99.18, Assm: 95.11, Steo: 100.00
[1][760] KL: 1018.6, Word: 92.72, Topo: 98.88, Assm: 94.35, Steo: 100.00
[1][780] KL: 982.0, Word: 92.81, Topo: 98.96, Assm: 94.96, Steo: 100.00
[1][800] KL: 993.5, Word: 93.41, Topo: 99.11, Assm: 95.36, Steo: 100.00
[1][820] KL: 993.1, Word: 93.82, Topo: 99.10, Assm: 95.20, Steo: 100.00
[1][840] KL: 1070.4, Word: 93.75, Topo: 99.12, Assm: 95.67, Steo: 100.00
[1][860] KL: 1017.7, Word: 92.89, Topo: 98.95, Assm: 95.07, Steo: 100.00
[1][880] KL: 1019.7, Word: 93.11, Topo: 98.89, Assm: 95.06, Steo: 100.00
[1][900] KL: 967.7, Word: 93.42, Topo: 99.04, Assm: 95.25, Steo: 100.00
[1][920] KL: 968.2, Word: 93.32, Topo: 99.01, Assm: 94.83, Steo: 100.00
[1][940] KL: 1008.3, Word: 93.56, Topo: 99.04, Assm: 95.75, Steo: 100.00
[1][960] KL: 1016.3, Word: 93.78, Topo: 99.05, Assm: 95.58, Steo: 100.00
[1][980] KL: 1038.2, Word: 93.72, Topo: 99.08, Assm: 95.31, Steo: 100.00
[1][1000] KL: 991.8, Word: 93.42, Topo: 99.01, Assm: 95.74, Steo: 100.00
[1][1020] KL: 1028.7, Word: 93.23, Topo: 99.12, Assm: 94.89, Steo: 100.00
[1][1040] KL: 1018.4, Word: 93.26, Topo: 99.10, Assm: 94.33, Steo: 100.00
[1][1060] KL: 1008.2, Word: 92.75, Topo: 99.00, Assm: 94.21, Steo: 100.00
[1][1080] KL: 960.5, Word: 93.35, Topo: 99.16, Assm: 94.76, Steo: 100.00
[1][1100] KL: 994.5, Word: 93.28, Topo: 99.03, Assm: 94.27, Steo: 100.00
[1][1120] KL: 989.7, Word: 93.11, Topo: 98.95, Assm: 95.83, Steo: 100.00
[1][1140] KL: 1015.0, Word: 93.95, Topo: 99.01, Assm: 95.35, Steo: 100.00
[1][1160] KL: 1046.6, Word: 93.51, Topo: 99.09, Assm: 94.28, Steo: 100.00
[1][1180] KL: 1022.8, Word: 93.59, Topo: 98.96, Assm: 95.46, Steo: 100.00
[1][1200] KL: 1034.9, Word: 93.09, Topo: 98.96, Assm: 95.71, Steo: 100.00
[1][1220] KL: 983.6, Word: 93.40, Topo: 99.13, Assm: 95.48, Steo: 100.00
[1][1240] KL: 1028.9, Word: 94.01, Topo: 99.13, Assm: 95.83, Steo: 100.00
[1][1260] KL: 941.8, Word: 93.87, Topo: 99.11, Assm: 95.43, Steo: 100.00
[1][1280] KL: 999.7, Word: 93.19, Topo: 98.92, Assm: 94.83, Steo: 100.00
[1][1300] KL: 1020.1, Word: 93.18, Topo: 98.97, Assm: 94.98, Steo: 100.00
[1][1320] KL: 963.3, Word: 93.55, Topo: 99.16, Assm: 96.00, Steo: 100.00
[1][1340] KL: 1031.1, Word: 93.43, Topo: 99.07, Assm: 95.99, Steo: 100.00
[1][1360] KL: 1076.2, Word: 93.17, Topo: 98.91, Assm: 95.34, Steo: 100.00
[1][1380] KL: 1059.5, Word: 93.64, Topo: 99.06, Assm: 95.72, Steo: 100.00
[1][1400] KL: 1044.3, Word: 93.17, Topo: 99.09, Assm: 96.20, Steo: 100.00
[1][1420] KL: 1016.2, Word: 93.00, Topo: 99.11, Assm: 95.14, Steo: 100.00
[1][1440] KL: 1020.2, Word: 93.51, Topo: 98.96, Assm: 94.50, Steo: 100.00
[1][1460] KL: 976.0, Word: 93.10, Topo: 99.06, Assm: 95.32, Steo: 100.00
[1][1480] KL: 992.3, Word: 93.05, Topo: 99.06, Assm: 95.44, Steo: 100.00
[1][1500] KL: 1022.8, Word: 94.05, Topo: 99.00, Assm: 96.02, Steo: 100.00
[1][1520] KL: 1017.0, Word: 93.64, Topo: 99.16, Assm: 95.52, Steo: 100.00
[1][1540] KL: 1027.4, Word: 93.51, Topo: 99.16, Assm: 95.31, Steo: 100.00
[1][1560] KL: 1080.5, Word: 93.68, Topo: 98.80, Assm: 95.40, Steo: 100.00
[1][1580] KL: 1025.5, Word: 94.24, Topo: 99.01, Assm: 96.45, Steo: 100.00
[1][1600] KL: 1016.6, Word: 94.54, Topo: 99.17, Assm: 95.48, Steo: 100.00
[1][1620] KL: 1040.6, Word: 93.72, Topo: 99.10, Assm: 96.05, Steo: 100.00
[1][1640] KL: 989.9, Word: 93.64, Topo: 99.17, Assm: 95.35, Steo: 100.00
[1][1660] KL: 1040.6, Word: 93.75, Topo: 99.18, Assm: 95.78, Steo: 100.00
[1][1680] KL: 984.6, Word: 93.49, Topo: 99.13, Assm: 95.24, Steo: 100.00
[1][1700] KL: 1023.6, Word: 93.39, Topo: 99.08, Assm: 95.01, Steo: 100.00
[1][1720] KL: 1049.4, Word: 93.79, Topo: 99.21, Assm: 95.63, Steo: 100.00
[1][1740] KL: 1046.3, Word: 93.26, Topo: 99.07, Assm: 95.54, Steo: 100.00
[1][1760] KL: 1005.9, Word: 93.70, Topo: 99.07, Assm: 95.33, Steo: 100.00
[1][1780] KL: 985.7, Word: 93.83, Topo: 99.13, Assm: 95.83, Steo: 100.00
[1][1800] KL: 1038.9, Word: 94.18, Topo: 99.09, Assm: 96.23, Steo: 100.00
[1][1820] KL: 1097.2, Word: 93.69, Topo: 99.08, Assm: 94.77, Steo: 100.00
[1][1840] KL: 1040.8, Word: 93.85, Topo: 99.14, Assm: 95.17, Steo: 100.00
[1][1860] KL: 1003.3, Word: 93.71, Topo: 99.00, Assm: 95.78, Steo: 100.00
[1][1880] KL: 1051.9, Word: 93.73, Topo: 99.27, Assm: 95.45, Steo: 100.00
[1][1900] KL: 1056.9, Word: 94.04, Topo: 99.15, Assm: 95.12, Steo: 100.00
[1][1920] KL: 1094.6, Word: 93.75, Topo: 98.99, Assm: 95.73, Steo: 100.00
[1][1940] KL: 1106.8, Word: 93.32, Topo: 98.84, Assm: 95.63, Steo: 100.00
[1][1960] KL: 998.7, Word: 94.19, Topo: 99.06, Assm: 95.90, Steo: 100.00
[1][1980] KL: 1094.3, Word: 93.96, Topo: 99.06, Assm: 95.77, Steo: 100.00
[1][2000] KL: 1065.3, Word: 93.73, Topo: 98.96, Assm: 95.55, Steo: 100.00
[1][2020] KL: 1066.7, Word: 93.82, Topo: 99.08, Assm: 95.99, Steo: 100.00
[1][2040] KL: 1046.1, Word: 93.33, Topo: 99.15, Assm: 95.37, Steo: 100.00
[1][2060] KL: 1046.2, Word: 93.83, Topo: 99.11, Assm: 96.53, Steo: 100.00
[1][2080] KL: 1035.4, Word: 93.64, Topo: 99.18, Assm: 95.72, Steo: 100.00
[1][2100] KL: 1041.5, Word: 94.09, Topo: 99.19, Assm: 96.15, Steo: 100.00
[1][2120] KL: 1040.2, Word: 93.80, Topo: 99.06, Assm: 95.53, Steo: 100.00
[1][2140] KL: 1052.2, Word: 93.74, Topo: 99.20, Assm: 96.08, Steo: 100.00
[1][2160] KL: 1004.6, Word: 93.53, Topo: 99.24, Assm: 95.93, Steo: 100.00
[1][2180] KL: 1038.9, Word: 93.74, Topo: 99.13, Assm: 95.73, Steo: 100.00
[1][2200] KL: 1093.2, Word: 93.57, Topo: 99.01, Assm: 95.94, Steo: 100.00
[1][2220] KL: 1118.5, Word: 93.42, Topo: 99.01, Assm: 95.24, Steo: 100.00
[1][2240] KL: 1080.1, Word: 93.46, Topo: 99.03, Assm: 97.02, Steo: 100.00
[1][2260] KL: 1084.6, Word: 93.78, Topo: 99.24, Assm: 95.87, Steo: 100.00
[1][2280] KL: 1013.1, Word: 93.57, Topo: 99.10, Assm: 96.00, Steo: 100.00
[1][2300] KL: 1065.8, Word: 94.07, Topo: 99.18, Assm: 95.59, Steo: 100.00
[1][2320] KL: 1003.8, Word: 94.21, Topo: 98.95, Assm: 96.72, Steo: 100.00
[1][2340] KL: 1136.1, Word: 94.13, Topo: 99.25, Assm: 96.47, Steo: 100.00
[1][2360] KL: 1034.8, Word: 93.74, Topo: 99.12, Assm: 96.41, Steo: 100.00
[1][2380] KL: 1039.0, Word: 94.08, Topo: 99.13, Assm: 96.65, Steo: 100.00
[1][2400] KL: 1045.2, Word: 93.40, Topo: 99.13, Assm: 95.30, Steo: 100.00
[1][2420] KL: 1012.1, Word: 93.59, Topo: 99.09, Assm: 96.51, Steo: 100.00
[1][2440] KL: 1070.0, Word: 93.80, Topo: 99.15, Assm: 96.46, Steo: 100.00
[1][2460] KL: 1017.5, Word: 94.25, Topo: 99.15, Assm: 96.00, Steo: 100.00
[1][2480] KL: 1046.8, Word: 93.53, Topo: 99.01, Assm: 96.05, Steo: 100.00
[1][2500] KL: 1040.5, Word: 94.21, Topo: 99.16, Assm: 96.09, Steo: 100.00
[1][2520] KL: 1038.4, Word: 94.18, Topo: 99.15, Assm: 96.78, Steo: 100.00
[1][2540] KL: 987.3, Word: 94.28, Topo: 99.16, Assm: 95.35, Steo: 100.00
[1][2560] KL: 1063.7, Word: 93.87, Topo: 99.25, Assm: 95.60, Steo: 100.00
[1][2580] KL: 988.1, Word: 94.28, Topo: 99.14, Assm: 96.18, Steo: 100.00
[1][2600] KL: 1049.8, Word: 93.60, Topo: 99.24, Assm: 94.61, Steo: 100.00
[1][2620] KL: 1029.0, Word: 94.04, Topo: 99.28, Assm: 96.57, Steo: 100.00
[1][2640] KL: 1044.6, Word: 93.73, Topo: 99.23, Assm: 96.27, Steo: 100.00
[1][2660] KL: 1075.9, Word: 94.46, Topo: 99.11, Assm: 96.32, Steo: 100.00
[1][2680] KL: 1072.5, Word: 93.68, Topo: 99.08, Assm: 95.50, Steo: 100.00
[1][2700] KL: 1047.0, Word: 93.63, Topo: 99.22, Assm: 96.14, Steo: 100.00
[1][2720] KL: 1025.4, Word: 94.38, Topo: 98.96, Assm: 96.18, Steo: 100.00
[1][2740] KL: 1042.6, Word: 94.02, Topo: 99.01, Assm: 95.63, Steo: 100.00
[1][2760] KL: 1039.8, Word: 94.07, Topo: 99.14, Assm: 95.14, Steo: 100.00
[1][2780] KL: 1065.7, Word: 94.55, Topo: 99.19, Assm: 96.09, Steo: 100.00
[1][2800] KL: 1020.9, Word: 94.43, Topo: 99.19, Assm: 96.00, Steo: 100.00
[1][2820] KL: 1072.1, Word: 93.79, Topo: 99.14, Assm: 95.74, Steo: 100.00
[1][2840] KL: 1024.1, Word: 93.88, Topo: 99.26, Assm: 94.99, Steo: 100.00
[1][2860] KL: 1053.1, Word: 94.07, Topo: 99.05, Assm: 96.03, Steo: 100.00
[1][2880] KL: 1039.7, Word: 94.34, Topo: 99.07, Assm: 96.19, Steo: 98.33
[1][2900] KL: 1002.3, Word: 94.12, Topo: 99.22, Assm: 97.11, Steo: 100.00
[1][2920] KL: 1056.0, Word: 94.07, Topo: 99.22, Assm: 95.72, Steo: 100.00
[1][2940] KL: 1119.9, Word: 93.66, Topo: 99.09, Assm: 95.07, Steo: 100.00
[1][2960] KL: 1055.4, Word: 94.43, Topo: 99.05, Assm: 96.49, Steo: 100.00
[1][2980] KL: 1048.8, Word: 94.09, Topo: 99.23, Assm: 96.22, Steo: 100.00
[1][3000] KL: 1045.2, Word: 94.17, Topo: 99.15, Assm: 96.02, Steo: 100.00
[1][3020] KL: 1051.4, Word: 94.33, Topo: 99.13, Assm: 96.66, Steo: 100.00
[1][3040] KL: 1060.6, Word: 95.04, Topo: 99.41, Assm: 96.48, Steo: 100.00
[1][3060] KL: 1107.7, Word: 94.32, Topo: 99.21, Assm: 95.50, Steo: 100.00
[1][3080] KL: 1037.7, Word: 93.99, Topo: 99.10, Assm: 95.17, Steo: 100.00
[1][3100] KL: 1094.9, Word: 93.73, Topo: 99.14, Assm: 95.96, Steo: 100.00
[1][3120] KL: 1066.9, Word: 94.24, Topo: 99.15, Assm: 96.16, Steo: 100.00
[1][3140] KL: 1104.7, Word: 94.32, Topo: 99.12, Assm: 96.39, Steo: 100.00
[1][3160] KL: 1051.1, Word: 94.28, Topo: 99.19, Assm: 95.28, Steo: 100.00
[1][3180] KL: 1053.8, Word: 93.99, Topo: 99.09, Assm: 96.28, Steo: 100.00
[1][3200] KL: 1082.0, Word: 94.11, Topo: 99.15, Assm: 96.11, Steo: 100.00
[1][3220] KL: 981.9, Word: 93.49, Topo: 99.21, Assm: 96.31, Steo: 100.00
[1][3240] KL: 1029.2, Word: 94.01, Topo: 99.22, Assm: 96.17, Steo: 100.00
[1][3260] KL: 1130.4, Word: 94.14, Topo: 99.18, Assm: 95.58, Steo: 100.00
[1][3280] KL: 1061.1, Word: 94.09, Topo: 99.28, Assm: 95.99, Steo: 100.00
[1][3300] KL: 1091.6, Word: 94.18, Topo: 99.24, Assm: 96.05, Steo: 100.00
[1][3320] KL: 998.3, Word: 94.02, Topo: 99.11, Assm: 96.29, Steo: 100.00
[1][3340] KL: 1047.3, Word: 93.97, Topo: 99.13, Assm: 96.73, Steo: 100.00
[1][3360] KL: 1053.6, Word: 94.02, Topo: 99.24, Assm: 96.62, Steo: 100.00
[1][3380] KL: 1028.3, Word: 94.21, Topo: 99.24, Assm: 95.74, Steo: 100.00
[1][3400] KL: 1058.2, Word: 93.90, Topo: 99.09, Assm: 95.95, Steo: 100.00
[1][3420] KL: 1070.6, Word: 94.13, Topo: 99.23, Assm: 96.03, Steo: 100.00
[1][3440] KL: 1046.2, Word: 94.30, Topo: 99.25, Assm: 95.64, Steo: 100.00
[1][3460] KL: 1088.2, Word: 94.33, Topo: 99.36, Assm: 96.58, Steo: 100.00
[1][3480] KL: 1042.2, Word: 94.60, Topo: 99.28, Assm: 96.45, Steo: 100.00
[1][3500] KL: 1082.0, Word: 94.61, Topo: 99.16, Assm: 96.32, Steo: 100.00
[1][3520] KL: 1084.5, Word: 94.16, Topo: 99.19, Assm: 96.24, Steo: 100.00
[1][3540] KL: 1040.8, Word: 94.69, Topo: 99.25, Assm: 96.32, Steo: 100.00
[1][3560] KL: 1059.0, Word: 94.11, Topo: 98.98, Assm: 96.35, Steo: 100.00
[1][3580] KL: 1120.0, Word: 94.62, Topo: 99.23, Assm: 96.07, Steo: 100.00
[1][3600] KL: 1102.1, Word: 93.97, Topo: 99.23, Assm: 96.32, Steo: 100.00
[1][3620] KL: 1025.4, Word: 93.97, Topo: 99.29, Assm: 96.54, Steo: 100.00
[1][3640] KL: 1025.6, Word: 94.55, Topo: 99.27, Assm: 95.79, Steo: 100.00
[1][3660] KL: 1010.8, Word: 94.60, Topo: 99.26, Assm: 96.46, Steo: 100.00
[1][3680] KL: 1088.6, Word: 94.54, Topo: 99.20, Assm: 96.11, Steo: 100.00
[1][3700] KL: 1073.9, Word: 94.19, Topo: 99.20, Assm: 95.77, Steo: 100.00
[1][3720] KL: 1078.6, Word: 94.09, Topo: 99.24, Assm: 96.70, Steo: 100.00
[1][3740] KL: 1135.7, Word: 94.74, Topo: 99.23, Assm: 95.70, Steo: 100.00
[1][3760] KL: 1092.3, Word: 94.18, Topo: 99.22, Assm: 95.98, Steo: 100.00
[1][3780] KL: 1096.7, Word: 94.50, Topo: 99.20, Assm: 96.58, Steo: 100.00
[1][3800] KL: 1118.6, Word: 93.93, Topo: 99.20, Assm: 96.84, Steo: 100.00
[1][3820] KL: 1036.5, Word: 93.27, Topo: 99.18, Assm: 96.55, Steo: 100.00
[1][3840] KL: 1057.9, Word: 93.93, Topo: 99.37, Assm: 96.05, Steo: 100.00
[1][3860] KL: 1062.5, Word: 94.37, Topo: 99.23, Assm: 96.70, Steo: 100.00
[1][3880] KL: 1022.1, Word: 94.25, Topo: 99.17, Assm: 95.89, Steo: 100.00
[1][3900] KL: 1034.5, Word: 94.42, Topo: 99.33, Assm: 96.54, Steo: 100.00
[1][3920] KL: 1056.1, Word: 94.24, Topo: 99.26, Assm: 96.73, Steo: 100.00
[1][3940] KL: 1073.6, Word: 93.89, Topo: 99.11, Assm: 96.66, Steo: 100.00
[1][3960] KL: 1041.8, Word: 93.89, Topo: 99.17, Assm: 96.38, Steo: 100.00
[1][3980] KL: 1045.8, Word: 94.13, Topo: 99.19, Assm: 96.39, Steo: 100.00
[1][4000] KL: 1062.7, Word: 94.18, Topo: 99.14, Assm: 96.66, Steo: 100.00
[1][4020] KL: 988.2, Word: 93.94, Topo: 99.19, Assm: 96.64, Steo: 100.00
[1][4040] KL: 1100.8, Word: 94.41, Topo: 99.19, Assm: 96.32, Steo: 100.00
[1][4060] KL: 1049.7, Word: 94.54, Topo: 99.22, Assm: 96.58, Steo: 100.00
[1][4080] KL: 1073.0, Word: 94.12, Topo: 99.18, Assm: 96.45, Steo: 100.00
[1][4100] KL: 1066.0, Word: 94.32, Topo: 99.04, Assm: 96.07, Steo: 100.00
[1][4120] KL: 1089.1, Word: 94.40, Topo: 99.21, Assm: 96.29, Steo: 100.00
[1][4140] KL: 1097.0, Word: 94.79, Topo: 99.20, Assm: 96.62, Steo: 100.00
[1][4160] KL: 1040.3, Word: 94.39, Topo: 99.26, Assm: 96.21, Steo: 100.00
[1][4180] KL: 1091.5, Word: 94.07, Topo: 99.27, Assm: 96.08, Steo: 100.00
[1][4200] KL: 1094.7, Word: 94.26, Topo: 99.09, Assm: 95.45, Steo: 100.00
[1][4220] KL: 1047.1, Word: 94.35, Topo: 99.17, Assm: 96.13, Steo: 100.00
[1][4240] KL: 1047.5, Word: 94.35, Topo: 99.26, Assm: 96.56, Steo: 100.00
[1][4260] KL: 1050.3, Word: 94.26, Topo: 99.25, Assm: 96.45, Steo: 100.00
[1][4280] KL: 1021.9, Word: 93.94, Topo: 99.17, Assm: 96.55, Steo: 100.00
[1][4300] KL: 1065.7, Word: 94.56, Topo: 99.29, Assm: 96.65, Steo: 100.00
[1][4320] KL: 1029.0, Word: 94.13, Topo: 99.27, Assm: 96.26, Steo: 100.00
[1][4340] KL: 1046.8, Word: 94.28, Topo: 99.17, Assm: 96.51, Steo: 100.00
[1][4360] KL: 1026.4, Word: 94.48, Topo: 99.22, Assm: 97.00, Steo: 100.00
[1][4380] KL: 1059.4, Word: 94.55, Topo: 99.28, Assm: 96.36, Steo: 100.00
[1][4400] KL: 1025.5, Word: 94.50, Topo: 99.18, Assm: 96.61, Steo: 100.00
[1][4420] KL: 1091.4, Word: 94.09, Topo: 99.28, Assm: 96.59, Steo: 100.00
[1][4440] KL: 1070.1, Word: 94.55, Topo: 99.14, Assm: 96.45, Steo: 100.00
[1][4460] KL: 1109.4, Word: 94.46, Topo: 99.16, Assm: 97.19, Steo: 100.00
[1][4480] KL: 1039.7, Word: 94.34, Topo: 99.17, Assm: 96.38, Steo: 100.00
[1][4500] KL: 1080.7, Word: 94.50, Topo: 99.19, Assm: 96.45, Steo: 100.00
[1][4520] KL: 1049.5, Word: 94.20, Topo: 99.24, Assm: 96.80, Steo: 100.00
[1][4540] KL: 1052.5, Word: 94.32, Topo: 99.28, Assm: 96.75, Steo: 100.00
[1][4560] KL: 1085.9, Word: 94.74, Topo: 99.20, Assm: 97.06, Steo: 100.00
[1][4580] KL: 1073.7, Word: 93.89, Topo: 99.24, Assm: 96.61, Steo: 100.00
[1][4600] KL: 1082.4, Word: 94.55, Topo: 99.23, Assm: 96.26, Steo: 100.00
[1][4620] KL: 1002.5, Word: 94.93, Topo: 99.26, Assm: 97.00, Steo: 100.00
[1][4640] KL: 1014.0, Word: 94.55, Topo: 99.26, Assm: 96.35, Steo: 100.00
[1][4660] KL: 1075.3, Word: 94.23, Topo: 99.24, Assm: 96.82, Steo: 100.00
[1][4680] KL: 1077.4, Word: 94.52, Topo: 99.32, Assm: 96.44, Steo: 100.00
[1][4700] KL: 1061.6, Word: 94.31, Topo: 99.42, Assm: 96.64, Steo: 100.00
[1][4720] KL: 1052.3, Word: 94.35, Topo: 99.28, Assm: 96.85, Steo: 100.00
[1][4740] KL: 1071.5, Word: 94.37, Topo: 99.22, Assm: 96.54, Steo: 100.00
[1][4760] KL: 1143.9, Word: 94.47, Topo: 99.21, Assm: 96.70, Steo: 100.00
[1][4780] KL: 1045.3, Word: 94.66, Topo: 99.28, Assm: 96.48, Steo: 100.00
[1][4800] KL: 1109.0, Word: 94.82, Topo: 99.25, Assm: 96.67, Steo: 100.00
[1][4820] KL: 1062.3, Word: 94.63, Topo: 99.28, Assm: 97.28, Steo: 100.00
[1][4840] KL: 1081.7, Word: 94.36, Topo: 99.23, Assm: 96.88, Steo: 100.00
[1][4860] KL: 1060.8, Word: 94.63, Topo: 99.19, Assm: 97.27, Steo: 100.00
[1][4880] KL: 1056.5, Word: 94.73, Topo: 99.28, Assm: 97.05, Steo: 100.00
[1][4900] KL: 1120.6, Word: 94.90, Topo: 99.28, Assm: 96.74, Steo: 100.00
[1][4920] KL: 1087.7, Word: 94.27, Topo: 99.33, Assm: 96.51, Steo: 100.00
[1][4940] KL: 1105.7, Word: 94.50, Topo: 99.26, Assm: 96.60, Steo: 100.00
[1][4960] KL: 1055.1, Word: 94.31, Topo: 99.09, Assm: 96.72, Steo: 100.00
[1][4980] KL: 1043.5, Word: 94.25, Topo: 99.19, Assm: 96.93, Steo: 100.00
[1][5000] KL: 1085.5, Word: 94.20, Topo: 99.28, Assm: 96.79, Steo: 100.00
[1][5020] KL: 1116.9, Word: 94.57, Topo: 99.35, Assm: 96.64, Steo: 100.00
[1][5040] KL: 1074.0, Word: 94.45, Topo: 99.38, Assm: 96.50, Steo: 100.00
[1][5060] KL: 1059.8, Word: 94.50, Topo: 99.30, Assm: 96.03, Steo: 100.00
[1][5080] KL: 1036.9, Word: 94.28, Topo: 99.28, Assm: 96.65, Steo: 100.00
[1][5100] KL: 1047.0, Word: 94.51, Topo: 99.30, Assm: 96.29, Steo: 100.00
[1][5120] KL: 1056.6, Word: 94.21, Topo: 99.28, Assm: 97.57, Steo: 100.00
[1][5140] KL: 1031.0, Word: 94.73, Topo: 99.19, Assm: 96.93, Steo: 100.00
[1][5160] KL: 1060.5, Word: 95.05, Topo: 99.44, Assm: 96.66, Steo: 100.00
[1][5180] KL: 1055.0, Word: 94.45, Topo: 99.38, Assm: 97.03, Steo: 100.00
[1][5200] KL: 1003.8, Word: 94.64, Topo: 99.22, Assm: 96.98, Steo: 100.00
[1][5220] KL: 1042.4, Word: 95.03, Topo: 98.96, Assm: 96.39, Steo: 100.00
[1][5240] KL: 1083.3, Word: 94.67, Topo: 99.26, Assm: 96.58, Steo: 100.00
[1][5260] KL: 1031.7, Word: 95.05, Topo: 99.31, Assm: 96.79, Steo: 100.00
[1][5280] KL: 1072.2, Word: 93.75, Topo: 99.26, Assm: 97.00, Steo: 100.00
[1][5300] KL: 1103.6, Word: 94.48, Topo: 99.27, Assm: 96.78, Steo: 100.00
[1][5320] KL: 1076.8, Word: 94.27, Topo: 99.29, Assm: 96.92, Steo: 100.00
[1][5340] KL: 1074.8, Word: 94.55, Topo: 99.19, Assm: 96.20, Steo: 100.00
[1][5360] KL: 1033.6, Word: 94.89, Topo: 99.32, Assm: 96.67, Steo: 100.00
[1][5380] KL: 1101.4, Word: 95.15, Topo: 99.45, Assm: 96.76, Steo: 100.00
[1][5400] KL: 1023.1, Word: 94.82, Topo: 99.21, Assm: 97.03, Steo: 100.00
[1][5420] KL: 1176.0, Word: 94.75, Topo: 99.13, Assm: 96.57, Steo: 100.00
[1][5440] KL: 1071.7, Word: 94.54, Topo: 99.32, Assm: 97.25, Steo: 100.00
[1][5460] KL: 1108.3, Word: 94.07, Topo: 99.16, Assm: 95.98, Steo: 100.00
[1][5480] KL: 1042.3, Word: 94.77, Topo: 99.30, Assm: 96.67, Steo: 100.00
[1][5500] KL: 1079.9, Word: 94.61, Topo: 99.29, Assm: 97.48, Steo: 100.00
Cosume Time per Epoch 6:54:11.685980
learning rate: 0.000810
EPOCH: 3 | TIME: 2020-03-09 12:33:31.973212 
[2][20] KL: 1067.9, Word: 95.20, Topo: 99.36, Assm: 97.73, Steo: 100.00
[2][40] KL: 1127.1, Word: 95.09, Topo: 99.37, Assm: 96.83, Steo: 100.00
[2][60] KL: 1114.9, Word: 95.78, Topo: 99.38, Assm: 97.47, Steo: 100.00
[2][80] KL: 1103.0, Word: 95.82, Topo: 99.40, Assm: 97.53, Steo: 100.00
[2][100] KL: 1055.0, Word: 95.69, Topo: 99.52, Assm: 97.55, Steo: 100.00
[2][120] KL: 1077.8, Word: 95.56, Topo: 99.28, Assm: 97.54, Steo: 100.00
[2][140] KL: 1087.2, Word: 95.25, Topo: 99.34, Assm: 97.44, Steo: 100.00
[2][160] KL: 1099.4, Word: 95.36, Topo: 99.39, Assm: 97.15, Steo: 100.00
[2][180] KL: 1168.1, Word: 95.60, Topo: 99.40, Assm: 97.08, Steo: 100.00
[2][200] KL: 1080.6, Word: 95.53, Topo: 99.48, Assm: 97.56, Steo: 100.00
[2][220] KL: 1077.9, Word: 95.62, Topo: 99.44, Assm: 97.00, Steo: 100.00
[2][240] KL: 1127.7, Word: 95.55, Topo: 99.46, Assm: 97.50, Steo: 100.00
[2][260] KL: 1153.9, Word: 95.49, Topo: 99.43, Assm: 96.88, Steo: 100.00
[2][280] KL: 1092.5, Word: 95.30, Topo: 99.52, Assm: 97.44, Steo: 100.00
[2][300] KL: 1075.6, Word: 95.46, Topo: 99.47, Assm: 97.44, Steo: 100.00
[2][320] KL: 1078.5, Word: 95.50, Topo: 99.43, Assm: 97.12, Steo: 100.00
[2][340] KL: 1142.3, Word: 95.31, Topo: 99.30, Assm: 96.78, Steo: 100.00
[2][360] KL: 1138.0, Word: 95.06, Topo: 99.32, Assm: 97.00, Steo: 100.00
[2][380] KL: 1136.9, Word: 95.47, Topo: 99.41, Assm: 96.70, Steo: 100.00
[2][400] KL: 1121.7, Word: 95.63, Topo: 99.40, Assm: 97.46, Steo: 100.00
[2][420] KL: 1183.0, Word: 95.55, Topo: 99.40, Assm: 96.91, Steo: 100.00
[2][440] KL: 1101.7, Word: 95.72, Topo: 99.23, Assm: 97.26, Steo: 100.00
[2][460] KL: 1130.9, Word: 95.82, Topo: 99.44, Assm: 97.20, Steo: 100.00
[2][480] KL: 1123.8, Word: 95.14, Topo: 99.39, Assm: 97.66, Steo: 100.00
[2][500] KL: 1122.0, Word: 95.42, Topo: 99.41, Assm: 96.81, Steo: 100.00
[2][520] KL: 1158.7, Word: 95.62, Topo: 99.42, Assm: 97.60, Steo: 100.00
[2][540] KL: 1102.7, Word: 95.56, Topo: 99.36, Assm: 97.78, Steo: 100.00
[2][560] KL: 1183.5, Word: 95.32, Topo: 99.34, Assm: 97.70, Steo: 100.00
[2][580] KL: 1083.9, Word: 95.72, Topo: 99.46, Assm: 96.90, Steo: 100.00
[2][600] KL: 1076.7, Word: 95.71, Topo: 99.44, Assm: 97.62, Steo: 100.00
[2][620] KL: 1127.0, Word: 94.96, Topo: 99.42, Assm: 96.64, Steo: 100.00
[2][640] KL: 1113.6, Word: 95.49, Topo: 99.53, Assm: 97.53, Steo: 100.00
[2][660] KL: 1114.6, Word: 95.43, Topo: 99.40, Assm: 97.36, Steo: 100.00
[2][680] KL: 1153.8, Word: 95.27, Topo: 99.36, Assm: 97.41, Steo: 100.00
[2][700] KL: 1061.9, Word: 95.23, Topo: 99.36, Assm: 97.19, Steo: 100.00
[2][720] KL: 1101.3, Word: 95.15, Topo: 99.36, Assm: 97.37, Steo: 100.00
[2][740] KL: 1124.4, Word: 95.35, Topo: 99.35, Assm: 97.65, Steo: 100.00
[2][760] KL: 1057.7, Word: 95.53, Topo: 99.38, Assm: 96.96, Steo: 100.00
[2][780] KL: 1097.6, Word: 95.36, Topo: 99.40, Assm: 97.18, Steo: 100.00
[2][800] KL: 1100.4, Word: 95.37, Topo: 99.42, Assm: 97.27, Steo: 100.00
[2][820] KL: 1185.4, Word: 95.53, Topo: 99.41, Assm: 97.04, Steo: 100.00
[2][840] KL: 1112.0, Word: 95.53, Topo: 99.29, Assm: 96.74, Steo: 100.00
[2][860] KL: 1144.0, Word: 95.40, Topo: 99.42, Assm: 97.37, Steo: 100.00
[2][880] KL: 1135.7, Word: 95.23, Topo: 99.47, Assm: 97.69, Steo: 100.00
[2][900] KL: 1201.8, Word: 95.39, Topo: 99.23, Assm: 97.31, Steo: 100.00
[2][920] KL: 1104.3, Word: 95.32, Topo: 99.33, Assm: 97.55, Steo: 100.00
[2][940] KL: 1129.8, Word: 95.43, Topo: 99.45, Assm: 97.18, Steo: 100.00
[2][960] KL: 1088.1, Word: 95.75, Topo: 99.31, Assm: 97.56, Steo: 100.00
[2][980] KL: 1153.4, Word: 95.78, Topo: 99.46, Assm: 97.06, Steo: 100.00
[2][1000] KL: 1125.7, Word: 95.61, Topo: 99.36, Assm: 97.43, Steo: 100.00
[2][1020] KL: 1109.5, Word: 95.19, Topo: 99.36, Assm: 97.35, Steo: 100.00
[2][1040] KL: 1175.5, Word: 95.40, Topo: 99.33, Assm: 97.31, Steo: 100.00
[2][1060] KL: 1178.8, Word: 95.43, Topo: 99.41, Assm: 97.26, Steo: 100.00
[2][1080] KL: 1172.2, Word: 95.35, Topo: 99.38, Assm: 97.48, Steo: 100.00
[2][1100] KL: 1066.5, Word: 95.15, Topo: 99.49, Assm: 97.03, Steo: 100.00
[2][1120] KL: 1099.7, Word: 95.47, Topo: 99.49, Assm: 97.97, Steo: 100.00
[2][1140] KL: 1091.1, Word: 95.13, Topo: 99.31, Assm: 97.79, Steo: 100.00
[2][1160] KL: 1095.3, Word: 95.39, Topo: 99.32, Assm: 97.87, Steo: 100.00
[2][1180] KL: 1091.5, Word: 95.62, Topo: 99.35, Assm: 97.35, Steo: 100.00
[2][1200] KL: 1102.5, Word: 95.39, Topo: 99.32, Assm: 97.58, Steo: 100.00
[2][1220] KL: 1131.0, Word: 95.22, Topo: 99.33, Assm: 96.93, Steo: 100.00
[2][1240] KL: 1110.9, Word: 95.41, Topo: 99.39, Assm: 96.84, Steo: 100.00
[2][1260] KL: 1082.9, Word: 95.59, Topo: 99.40, Assm: 97.09, Steo: 100.00
[2][1280] KL: 1111.7, Word: 95.66, Topo: 99.46, Assm: 97.61, Steo: 100.00
[2][1300] KL: 1156.9, Word: 95.45, Topo: 99.40, Assm: 97.18, Steo: 100.00
[2][1320] KL: 1105.5, Word: 95.43, Topo: 99.45, Assm: 97.05, Steo: 100.00
[2][1340] KL: 1159.7, Word: 95.76, Topo: 99.37, Assm: 97.68, Steo: 100.00
[2][1360] KL: 1065.2, Word: 95.62, Topo: 99.36, Assm: 97.50, Steo: 100.00
[2][1380] KL: 1164.6, Word: 95.46, Topo: 99.50, Assm: 97.42, Steo: 100.00
[2][1400] KL: 1130.8, Word: 95.31, Topo: 99.50, Assm: 97.26, Steo: 100.00
[2][1420] KL: 1058.1, Word: 95.78, Topo: 99.44, Assm: 97.58, Steo: 100.00
[2][1440] KL: 1174.7, Word: 95.48, Topo: 99.46, Assm: 96.68, Steo: 100.00
[2][1460] KL: 1075.7, Word: 95.18, Topo: 99.46, Assm: 97.53, Steo: 100.00
[2][1480] KL: 1132.2, Word: 95.47, Topo: 99.45, Assm: 96.76, Steo: 100.00
[2][1500] KL: 1100.6, Word: 95.28, Topo: 99.47, Assm: 97.17, Steo: 100.00
[2][1520] KL: 1128.3, Word: 95.58, Topo: 99.46, Assm: 97.06, Steo: 100.00
[2][1540] KL: 1076.2, Word: 95.80, Topo: 99.48, Assm: 98.09, Steo: 100.00
[2][1560] KL: 1187.8, Word: 95.52, Topo: 99.42, Assm: 97.03, Steo: 100.00
[2][1580] KL: 1150.4, Word: 95.19, Topo: 99.48, Assm: 97.11, Steo: 100.00
[2][1600] KL: 1121.9, Word: 95.28, Topo: 99.41, Assm: 97.30, Steo: 100.00
[2][1620] KL: 1102.8, Word: 95.78, Topo: 99.34, Assm: 96.80, Steo: 100.00
[2][1640] KL: 1092.0, Word: 95.16, Topo: 99.49, Assm: 97.60, Steo: 100.00
[2][1660] KL: 1128.1, Word: 95.40, Topo: 99.51, Assm: 97.52, Steo: 100.00
[2][1680] KL: 1178.6, Word: 95.63, Topo: 99.36, Assm: 97.37, Steo: 100.00
[2][1700] KL: 1158.1, Word: 95.41, Topo: 99.32, Assm: 97.48, Steo: 100.00
[2][1720] KL: 1077.6, Word: 94.95, Topo: 99.38, Assm: 97.14, Steo: 100.00
[2][1740] KL: 1073.9, Word: 95.26, Topo: 99.39, Assm: 97.05, Steo: 100.00
[2][1760] KL: 1076.8, Word: 95.08, Topo: 99.26, Assm: 96.92, Steo: 100.00
[2][1780] KL: 1138.7, Word: 95.45, Topo: 99.26, Assm: 97.15, Steo: 100.00
[2][1800] KL: 1147.8, Word: 95.27, Topo: 99.37, Assm: 97.58, Steo: 100.00
[2][1820] KL: 1054.7, Word: 95.63, Topo: 99.36, Assm: 97.45, Steo: 100.00
[2][1840] KL: 1105.6, Word: 95.07, Topo: 99.40, Assm: 97.64, Steo: 100.00
[2][1860] KL: 1144.2, Word: 95.39, Topo: 99.35, Assm: 97.58, Steo: 100.00
[2][1880] KL: 1106.2, Word: 95.65, Topo: 99.54, Assm: 97.41, Steo: 100.00
[2][1900] KL: 1106.4, Word: 95.44, Topo: 99.38, Assm: 97.18, Steo: 100.00
[2][1920] KL: 1092.5, Word: 95.22, Topo: 99.47, Assm: 96.97, Steo: 100.00
[2][1940] KL: 1135.1, Word: 95.45, Topo: 99.44, Assm: 97.29, Steo: 100.00
[2][1960] KL: 1119.6, Word: 95.23, Topo: 99.42, Assm: 97.25, Steo: 100.00
[2][1980] KL: 1132.8, Word: 95.90, Topo: 99.45, Assm: 97.67, Steo: 100.00
[2][2000] KL: 1141.5, Word: 95.24, Topo: 99.43, Assm: 97.21, Steo: 100.00
[2][2020] KL: 1070.9, Word: 95.61, Topo: 99.39, Assm: 97.58, Steo: 100.00
[2][2040] KL: 1114.7, Word: 95.12, Topo: 99.36, Assm: 97.60, Steo: 100.00
[2][2060] KL: 1105.0, Word: 95.32, Topo: 99.33, Assm: 96.90, Steo: 100.00
[2][2080] KL: 1066.9, Word: 95.65, Topo: 99.50, Assm: 97.58, Steo: 100.00
[2][2100] KL: 1088.7, Word: 95.72, Topo: 99.52, Assm: 97.38, Steo: 100.00
[2][2120] KL: 1126.4, Word: 95.94, Topo: 99.40, Assm: 97.20, Steo: 100.00
[2][2140] KL: 1174.7, Word: 95.33, Topo: 99.32, Assm: 97.33, Steo: 100.00
[2][2160] KL: 1100.3, Word: 95.82, Topo: 99.49, Assm: 97.54, Steo: 100.00
[2][2180] KL: 1090.9, Word: 95.59, Topo: 99.33, Assm: 97.15, Steo: 100.00
[2][2200] KL: 1075.9, Word: 95.53, Topo: 99.38, Assm: 97.40, Steo: 100.00
[2][2220] KL: 1169.3, Word: 95.65, Topo: 99.31, Assm: 97.26, Steo: 100.00
[2][2240] KL: 1118.1, Word: 95.60, Topo: 99.41, Assm: 97.05, Steo: 100.00
[2][2260] KL: 1112.8, Word: 95.39, Topo: 99.44, Assm: 97.43, Steo: 100.00
[2][2280] KL: 1163.0, Word: 95.57, Topo: 99.43, Assm: 97.87, Steo: 100.00
[2][2300] KL: 1117.2, Word: 95.24, Topo: 99.38, Assm: 97.43, Steo: 100.00
[2][2320] KL: 1169.3, Word: 94.83, Topo: 99.43, Assm: 97.22, Steo: 100.00
[2][2340] KL: 1059.7, Word: 95.30, Topo: 99.42, Assm: 97.65, Steo: 100.00
[2][2360] KL: 1095.5, Word: 95.50, Topo: 99.27, Assm: 97.11, Steo: 100.00
[2][2380] KL: 1120.2, Word: 95.34, Topo: 99.37, Assm: 97.20, Steo: 100.00
[2][2400] KL: 1095.2, Word: 95.90, Topo: 99.51, Assm: 97.71, Steo: 100.00
[2][2420] KL: 1126.4, Word: 95.59, Topo: 99.32, Assm: 97.06, Steo: 100.00
[2][2440] KL: 1113.6, Word: 95.70, Topo: 99.30, Assm: 97.51, Steo: 100.00
[2][2460] KL: 1150.0, Word: 95.56, Topo: 99.36, Assm: 97.41, Steo: 100.00
[2][2480] KL: 1165.7, Word: 95.89, Topo: 99.41, Assm: 97.33, Steo: 100.00
[2][2500] KL: 1153.0, Word: 95.27, Topo: 99.50, Assm: 97.87, Steo: 100.00
[2][2520] KL: 1147.3, Word: 95.86, Topo: 99.47, Assm: 97.29, Steo: 100.00
[2][2540] KL: 1129.6, Word: 95.97, Topo: 99.47, Assm: 97.56, Steo: 100.00
[2][2560] KL: 1213.8, Word: 95.58, Topo: 99.41, Assm: 97.49, Steo: 100.00
[2][2580] KL: 1109.6, Word: 95.22, Topo: 99.40, Assm: 97.21, Steo: 100.00
[2][2600] KL: 1078.9, Word: 95.51, Topo: 99.45, Assm: 97.73, Steo: 100.00
[2][2620] KL: 1175.2, Word: 95.68, Topo: 99.32, Assm: 97.76, Steo: 100.00
[2][2640] KL: 1080.7, Word: 95.73, Topo: 99.35, Assm: 97.33, Steo: 100.00
[2][2660] KL: 1096.5, Word: 95.35, Topo: 99.39, Assm: 97.46, Steo: 100.00
[2][2680] KL: 1179.2, Word: 95.72, Topo: 99.39, Assm: 97.71, Steo: 100.00
[2][2700] KL: 1167.7, Word: 95.59, Topo: 99.43, Assm: 97.49, Steo: 100.00
[2][2720] KL: 1179.6, Word: 95.28, Topo: 99.35, Assm: 97.48, Steo: 100.00
[2][2740] KL: 1163.0, Word: 95.47, Topo: 99.34, Assm: 97.63, Steo: 100.00
[2][2760] KL: 1147.9, Word: 95.88, Topo: 99.38, Assm: 97.46, Steo: 100.00
[2][2780] KL: 1155.6, Word: 95.55, Topo: 99.47, Assm: 97.49, Steo: 100.00
[2][2800] KL: 1170.9, Word: 95.81, Topo: 99.47, Assm: 97.46, Steo: 100.00
[2][2820] KL: 1132.7, Word: 95.42, Topo: 99.37, Assm: 97.04, Steo: 100.00
[2][2840] KL: 1092.6, Word: 95.40, Topo: 99.35, Assm: 97.48, Steo: 100.00
[2][2860] KL: 1142.6, Word: 95.53, Topo: 99.45, Assm: 97.02, Steo: 100.00
[2][2880] KL: 1083.5, Word: 94.93, Topo: 99.32, Assm: 97.31, Steo: 100.00
[2][2900] KL: 1131.6, Word: 95.30, Topo: 99.51, Assm: 97.42, Steo: 100.00
[2][2920] KL: 1150.7, Word: 95.79, Topo: 99.45, Assm: 97.72, Steo: 100.00
[2][2940] KL: 1090.6, Word: 95.51, Topo: 99.38, Assm: 97.54, Steo: 100.00
[2][2960] KL: 1110.5, Word: 95.81, Topo: 99.45, Assm: 97.71, Steo: 100.00
[2][2980] KL: 1106.0, Word: 95.82, Topo: 99.42, Assm: 97.48, Steo: 100.00
[2][3000] KL: 1137.9, Word: 95.52, Topo: 99.28, Assm: 97.39, Steo: 100.00
[2][3020] KL: 1143.5, Word: 95.25, Topo: 99.34, Assm: 97.69, Steo: 100.00
[2][3040] KL: 1223.9, Word: 94.97, Topo: 99.32, Assm: 97.32, Steo: 100.00
[2][3060] KL: 1192.4, Word: 95.44, Topo: 99.34, Assm: 97.11, Steo: 100.00
[2][3080] KL: 1123.6, Word: 95.53, Topo: 99.42, Assm: 97.07, Steo: 100.00
[2][3100] KL: 1153.3, Word: 95.40, Topo: 99.54, Assm: 97.66, Steo: 100.00
[2][3120] KL: 1098.5, Word: 95.51, Topo: 99.45, Assm: 97.11, Steo: 100.00
[2][3140] KL: 1154.2, Word: 95.31, Topo: 99.43, Assm: 96.63, Steo: 100.00
[2][3160] KL: 1040.9, Word: 95.88, Topo: 99.34, Assm: 97.77, Steo: 100.00
[2][3180] KL: 1137.6, Word: 95.60, Topo: 99.41, Assm: 97.14, Steo: 100.00
[2][3200] KL: 1141.2, Word: 95.82, Topo: 99.51, Assm: 97.70, Steo: 100.00
[2][3220] KL: 1190.4, Word: 95.66, Topo: 99.50, Assm: 97.32, Steo: 100.00
[2][3240] KL: 1165.0, Word: 95.45, Topo: 99.47, Assm: 97.67, Steo: 100.00
[2][3260] KL: 1120.0, Word: 95.43, Topo: 99.48, Assm: 97.13, Steo: 100.00
[2][3280] KL: 1131.0, Word: 95.39, Topo: 99.49, Assm: 97.23, Steo: 100.00
[2][3300] KL: 1154.6, Word: 95.57, Topo: 99.36, Assm: 97.35, Steo: 100.00
[2][3320] KL: 1128.4, Word: 95.51, Topo: 99.38, Assm: 97.66, Steo: 100.00
[2][3340] KL: 1102.7, Word: 95.66, Topo: 99.43, Assm: 97.29, Steo: 100.00
[2][3360] KL: 1147.7, Word: 95.53, Topo: 99.39, Assm: 97.83, Steo: 100.00
[2][3380] KL: 1111.3, Word: 95.58, Topo: 99.43, Assm: 97.80, Steo: 100.00
[2][3400] KL: 1136.1, Word: 95.34, Topo: 99.31, Assm: 97.27, Steo: 100.00
[2][3420] KL: 1099.2, Word: 95.53, Topo: 99.36, Assm: 97.33, Steo: 100.00
[2][3440] KL: 1180.2, Word: 95.56, Topo: 99.41, Assm: 97.89, Steo: 100.00
[2][3460] KL: 1093.8, Word: 95.77, Topo: 99.43, Assm: 97.59, Steo: 100.00
[2][3480] KL: 1142.4, Word: 95.61, Topo: 99.42, Assm: 97.77, Steo: 100.00
[2][3500] KL: 1153.8, Word: 95.64, Topo: 99.52, Assm: 96.73, Steo: 100.00
[2][3520] KL: 1107.2, Word: 95.65, Topo: 99.32, Assm: 97.72, Steo: 100.00
[2][3540] KL: 1116.6, Word: 95.65, Topo: 99.47, Assm: 97.46, Steo: 100.00
[2][3560] KL: 1160.5, Word: 95.91, Topo: 99.44, Assm: 98.08, Steo: 100.00
[2][3580] KL: 1130.7, Word: 95.60, Topo: 99.46, Assm: 97.87, Steo: 100.00
[2][3600] KL: 1122.1, Word: 95.76, Topo: 99.49, Assm: 97.39, Steo: 100.00
[2][3620] KL: 1204.5, Word: 95.53, Topo: 99.39, Assm: 97.56, Steo: 100.00
[2][3640] KL: 1181.3, Word: 95.70, Topo: 99.46, Assm: 97.40, Steo: 100.00
[2][3660] KL: 1128.3, Word: 95.75, Topo: 99.40, Assm: 97.72, Steo: 100.00
[2][3680] KL: 1120.8, Word: 95.78, Topo: 99.43, Assm: 97.74, Steo: 100.00
[2][3700] KL: 1182.0, Word: 95.99, Topo: 99.40, Assm: 97.96, Steo: 100.00
[2][3720] KL: 1164.2, Word: 95.53, Topo: 99.39, Assm: 96.87, Steo: 100.00
[2][3740] KL: 1112.9, Word: 95.58, Topo: 99.41, Assm: 97.46, Steo: 100.00
[2][3760] KL: 1077.8, Word: 95.33, Topo: 99.37, Assm: 97.27, Steo: 99.17
[2][3780] KL: 1168.1, Word: 95.68, Topo: 99.43, Assm: 97.74, Steo: 100.00
[2][3800] KL: 1113.1, Word: 95.53, Topo: 99.41, Assm: 97.87, Steo: 100.00
[2][3820] KL: 1155.9, Word: 95.42, Topo: 99.34, Assm: 97.82, Steo: 100.00
[2][3840] KL: 1163.3, Word: 96.03, Topo: 99.55, Assm: 97.97, Steo: 100.00
[2][3860] KL: 1186.1, Word: 95.54, Topo: 99.47, Assm: 97.84, Steo: 100.00
[2][3880] KL: 1103.9, Word: 95.33, Topo: 99.41, Assm: 97.16, Steo: 100.00
[2][3900] KL: 1110.8, Word: 95.45, Topo: 99.40, Assm: 97.48, Steo: 100.00
[2][3920] KL: 1090.7, Word: 95.55, Topo: 99.50, Assm: 97.49, Steo: 100.00
[2][3940] KL: 1086.1, Word: 95.86, Topo: 99.54, Assm: 98.07, Steo: 100.00
[2][3960] KL: 1115.0, Word: 95.63, Topo: 99.38, Assm: 97.77, Steo: 100.00
[2][3980] KL: 1146.8, Word: 95.56, Topo: 99.37, Assm: 97.48, Steo: 100.00
[2][4000] KL: 1111.1, Word: 95.52, Topo: 99.33, Assm: 97.32, Steo: 100.00
[2][4020] KL: 1182.9, Word: 95.91, Topo: 99.50, Assm: 96.75, Steo: 100.00
[2][4040] KL: 1106.2, Word: 95.70, Topo: 99.49, Assm: 97.97, Steo: 100.00
[2][4060] KL: 1164.7, Word: 95.63, Topo: 99.47, Assm: 97.44, Steo: 100.00
[2][4080] KL: 1101.1, Word: 95.31, Topo: 99.42, Assm: 97.15, Steo: 100.00
[2][4100] KL: 1150.2, Word: 95.65, Topo: 99.50, Assm: 97.86, Steo: 100.00
[2][4120] KL: 1057.8, Word: 95.85, Topo: 99.44, Assm: 97.06, Steo: 100.00
[2][4140] KL: 1138.8, Word: 95.58, Topo: 99.51, Assm: 97.32, Steo: 100.00
[2][4160] KL: 1133.1, Word: 95.65, Topo: 99.49, Assm: 97.74, Steo: 100.00
[2][4180] KL: 1138.5, Word: 95.66, Topo: 99.48, Assm: 97.81, Steo: 100.00
[2][4200] KL: 1147.3, Word: 95.49, Topo: 99.47, Assm: 97.09, Steo: 100.00
[2][4220] KL: 1111.1, Word: 95.94, Topo: 99.47, Assm: 97.92, Steo: 100.00
[2][4240] KL: 1166.6, Word: 95.74, Topo: 99.49, Assm: 97.00, Steo: 100.00
[2][4260] KL: 1139.8, Word: 95.65, Topo: 99.46, Assm: 97.19, Steo: 100.00
[2][4280] KL: 1137.9, Word: 95.24, Topo: 99.47, Assm: 98.29, Steo: 100.00
Traceback (most recent call last):
  File "pretrain.py", line 120, in <module>
    loss, kl_div, wacc, tacc, sacc, dacc = model(batch, beta=0)
  File "/home/shinhwan/.local/lib/python2.7/site-packages/torch/nn/modules/module.py", line 477, in __call__
    result = self.forward(*input, **kwargs)
  File "/home/shinhwan/icml18/icml18-jtnn/jtnn/jtnn_vae.py", line 89, in forward
    assm_loss, assm_acc = self.assm(mol_batch, mol_vec, tree_mess)
  File "/home/shinhwan/icml18/icml18-jtnn/jtnn/jtnn_vae.py", line 110, in assm
    cand_vec = self.jtmpn(cands, tree_mess)
  File "/home/shinhwan/.local/lib/python2.7/site-packages/torch/nn/modules/module.py", line 477, in __call__
    result = self.forward(*input, **kwargs)
  File "/home/shinhwan/icml18/icml18-jtnn/jtnn/jtmpn.py", line 120, in forward
    nei_message = index_select_ND(message, 0, bgraph)
  File "/home/shinhwan/icml18/icml18-jtnn/jtnn/nnutils.py", line 15, in index_select_ND
    target = source.index_select(dim, index.view(-1))
RuntimeError: CUDA error: out of memory
