/home/shinhwan/.local/lib/python2.7/site-packages/torch/nn/functional.py:52: UserWarning: size_average and reduce args will be deprecated, please use reduction='sum' instead.
  warnings.warn(warning.format(ret))
Namespace(anneal_iter=40000, anneal_rate=0.9, batch_size=32, beta=0.0, clip_norm=50.0, depthG=3, depthT=20, epoch=20, hidden_size=450, kl_anneal_iter=2000, latent_size=56, load_epoch=0, lr=0.001, max_beta=0.01, print_iter=50, save_dir='./new_model/', step_beta=2e-05, train='zinc-processed', vocab='../data/zinc/vocab.txt', warmup=4000)
JTNNVAE(
  (jtnn): JTNNEncoder(
    (embedding): Embedding(780, 450)
    (outputNN): Sequential(
      (0): Linear(in_features=900, out_features=450, bias=True)
      (1): ReLU()
    )
    (GRU): GraphGRU(
      (W_z): Linear(in_features=900, out_features=450, bias=True)
      (W_r): Linear(in_features=450, out_features=450, bias=False)
      (U_r): Linear(in_features=450, out_features=450, bias=True)
      (W_h): Linear(in_features=900, out_features=450, bias=True)
    )
  )
  (decoder): JTNNDecoder(
    (embedding): Embedding(780, 450)
    (W_z): Linear(in_features=900, out_features=450, bias=True)
    (U_r): Linear(in_features=450, out_features=450, bias=False)
    (W_r): Linear(in_features=450, out_features=450, bias=True)
    (W_h): Linear(in_features=900, out_features=450, bias=True)
    (W): Linear(in_features=478, out_features=450, bias=True)
    (U): Linear(in_features=478, out_features=450, bias=True)
    (U_i): Linear(in_features=900, out_features=450, bias=True)
    (W_o): Linear(in_features=450, out_features=780, bias=True)
    (U_o): Linear(in_features=450, out_features=1, bias=True)
    (pred_loss): CrossEntropyLoss()
    (stop_loss): BCEWithLogitsLoss()
  )
  (jtmpn): JTMPN(
    (W_i): Linear(in_features=40, out_features=450, bias=False)
    (W_h): Linear(in_features=450, out_features=450, bias=False)
    (W_o): Linear(in_features=485, out_features=450, bias=True)
  )
  (mpn): MPN(
    (W_i): Linear(in_features=50, out_features=450, bias=False)
    (W_h): Linear(in_features=450, out_features=450, bias=False)
    (W_o): Linear(in_features=489, out_features=450, bias=True)
  )
  (A_assm): Linear(in_features=28, out_features=450, bias=False)
  (assm_loss): CrossEntropyLoss()
  (T_mean): Linear(in_features=450, out_features=28, bias=True)
  (T_var): Linear(in_features=450, out_features=28, bias=True)
  (G_mean): Linear(in_features=450, out_features=28, bias=True)
  (G_var): Linear(in_features=450, out_features=28, bias=True)
)
Model #Params: 5676K
...Finish Making Plot Folder...
EPOCH: 1 | TIME: 2020-03-13 13:57:18.962399 
/home/shinhwan/.local/lib/python2.7/site-packages/torch/nn/functional.py:1006: UserWarning: nn.functional.sigmoid is deprecated. Use torch.sigmoid instead.
  warnings.warn("nn.functional.sigmoid is deprecated. Use torch.sigmoid instead.")
/home/shinhwan/.local/lib/python2.7/site-packages/torch/nn/functional.py:995: UserWarning: nn.functional.tanh is deprecated. Use torch.tanh instead.
  warnings.warn("nn.functional.tanh is deprecated. Use torch.tanh instead.")
[0][50] Beta: 0.000, KL: 222.94, Word: 25.64, Topo: 81.19, Assm: 54.17, PNorm: 104.25, GNorm: 50.00
Wloss: 48.33, Tloss: 11.13, Aloss: 4.20
[0][100] Beta: 0.000, KL: 178.41, Word: 40.45, Topo: 89.11, Assm: 56.62, PNorm: 106.85, GNorm: 19.84
Wloss: 32.20, Tloss: 7.08, Aloss: 3.95
[0][150] Beta: 0.000, KL: 197.35, Word: 51.98, Topo: 92.30, Assm: 58.57, PNorm: 109.56, GNorm: 22.34
Wloss: 26.35, Tloss: 5.16, Aloss: 3.81
[0][200] Beta: 0.000, KL: 198.46, Word: 57.79, Topo: 92.70, Assm: 58.22, PNorm: 111.82, GNorm: 18.45
Wloss: 23.61, Tloss: 4.87, Aloss: 3.80
[0][250] Beta: 0.000, KL: 220.28, Word: 61.80, Topo: 93.29, Assm: 58.91, PNorm: 113.84, GNorm: 29.82
Wloss: 21.69, Tloss: 4.46, Aloss: 3.72
[0][300] Beta: 0.000, KL: 232.50, Word: 63.95, Topo: 93.45, Assm: 60.13, PNorm: 115.73, GNorm: 19.25
Wloss: 20.51, Tloss: 4.31, Aloss: 3.66
[0][350] Beta: 0.000, KL: 268.47, Word: 66.48, Topo: 94.21, Assm: 61.22, PNorm: 117.47, GNorm: 25.82
Wloss: 19.10, Tloss: 3.87, Aloss: 3.63
[0][400] Beta: 0.000, KL: 303.46, Word: 68.35, Topo: 94.30, Assm: 62.14, PNorm: 119.15, GNorm: 25.64
Wloss: 18.12, Tloss: 3.88, Aloss: 3.56
[0][450] Beta: 0.000, KL: 306.09, Word: 68.78, Topo: 94.43, Assm: 62.02, PNorm: 120.96, GNorm: 36.96
Wloss: 17.43, Tloss: 3.71, Aloss: 3.57
[0][500] Beta: 0.000, KL: 321.58, Word: 70.01, Topo: 94.56, Assm: 63.57, PNorm: 122.75, GNorm: 25.06
Wloss: 16.93, Tloss: 3.63, Aloss: 3.47
[0][550] Beta: 0.000, KL: 340.48, Word: 70.83, Topo: 94.70, Assm: 66.56, PNorm: 124.43, GNorm: 22.11
Wloss: 16.16, Tloss: 3.51, Aloss: 3.16
[0][600] Beta: 0.000, KL: 359.82, Word: 71.91, Topo: 94.99, Assm: 69.09, PNorm: 126.08, GNorm: 24.35
Wloss: 15.55, Tloss: 3.39, Aloss: 2.94
[0][650] Beta: 0.000, KL: 372.07, Word: 72.97, Topo: 95.06, Assm: 68.22, PNorm: 127.69, GNorm: 48.48
Wloss: 14.88, Tloss: 3.35, Aloss: 2.96
[0][700] Beta: 0.000, KL: 389.90, Word: 73.34, Topo: 95.10, Assm: 71.40, PNorm: 129.36, GNorm: 27.54
Wloss: 14.44, Tloss: 3.28, Aloss: 2.74
[0][750] Beta: 0.000, KL: 399.17, Word: 73.67, Topo: 95.04, Assm: 71.79, PNorm: 130.90, GNorm: 30.60
Wloss: 14.35, Tloss: 3.29, Aloss: 2.80
[0][800] Beta: 0.000, KL: 409.32, Word: 75.43, Topo: 95.38, Assm: 73.47, PNorm: 132.36, GNorm: 26.43
Wloss: 13.41, Tloss: 3.06, Aloss: 2.52
[0][850] Beta: 0.000, KL: 433.18, Word: 75.57, Topo: 95.62, Assm: 73.87, PNorm: 133.75, GNorm: 31.19
Wloss: 13.10, Tloss: 2.97, Aloss: 2.58
[0][900] Beta: 0.000, KL: 428.54, Word: 75.51, Topo: 95.78, Assm: 75.16, PNorm: 135.16, GNorm: 20.65
Wloss: 13.03, Tloss: 2.87, Aloss: 2.42
[0][950] Beta: 0.000, KL: 449.83, Word: 76.57, Topo: 95.81, Assm: 74.35, PNorm: 136.57, GNorm: 23.43
Wloss: 12.56, Tloss: 2.81, Aloss: 2.40
[0][1000] Beta: 0.000, KL: 458.91, Word: 77.32, Topo: 95.51, Assm: 76.09, PNorm: 138.06, GNorm: 29.16
Wloss: 12.11, Tloss: 2.98, Aloss: 2.24
[0][1050] Beta: 0.000, KL: 462.73, Word: 77.43, Topo: 95.77, Assm: 76.57, PNorm: 139.39, GNorm: 25.65
Wloss: 12.13, Tloss: 2.80, Aloss: 2.33
[0][1100] Beta: 0.000, KL: 491.94, Word: 78.24, Topo: 96.28, Assm: 78.33, PNorm: 140.75, GNorm: 18.77
Wloss: 11.55, Tloss: 2.57, Aloss: 2.17
[0][1150] Beta: 0.000, KL: 503.77, Word: 78.53, Topo: 96.35, Assm: 78.20, PNorm: 142.03, GNorm: 28.20
Wloss: 11.10, Tloss: 2.49, Aloss: 2.15
[0][1200] Beta: 0.000, KL: 510.58, Word: 78.58, Topo: 96.60, Assm: 79.11, PNorm: 143.32, GNorm: 20.60
Wloss: 11.27, Tloss: 2.30, Aloss: 2.05
[0][1250] Beta: 0.000, KL: 534.61, Word: 79.74, Topo: 96.49, Assm: 80.22, PNorm: 144.57, GNorm: 19.93
Wloss: 10.53, Tloss: 2.43, Aloss: 2.01
[0][1300] Beta: 0.000, KL: 550.26, Word: 79.79, Topo: 96.46, Assm: 80.07, PNorm: 145.82, GNorm: 18.45
Wloss: 10.50, Tloss: 2.38, Aloss: 2.03
[0][1350] Beta: 0.000, KL: 560.61, Word: 80.05, Topo: 96.54, Assm: 81.60, PNorm: 147.08, GNorm: 17.56
Wloss: 10.35, Tloss: 2.36, Aloss: 1.78
[0][1400] Beta: 0.000, KL: 564.26, Word: 80.21, Topo: 96.57, Assm: 82.76, PNorm: 148.34, GNorm: 24.11
Wloss: 10.34, Tloss: 2.32, Aloss: 1.79
[0][1450] Beta: 0.000, KL: 554.50, Word: 80.47, Topo: 96.50, Assm: 81.64, PNorm: 149.62, GNorm: 18.94
Wloss: 10.12, Tloss: 2.33, Aloss: 1.84
[0][1500] Beta: 0.000, KL: 576.33, Word: 81.26, Topo: 96.84, Assm: 80.72, PNorm: 150.84, GNorm: 21.34
Wloss: 9.58, Tloss: 2.16, Aloss: 1.89
[0][1550] Beta: 0.000, KL: 579.86, Word: 80.92, Topo: 96.66, Assm: 81.88, PNorm: 152.00, GNorm: 25.23
Wloss: 9.91, Tloss: 2.29, Aloss: 1.88
[0][1600] Beta: 0.000, KL: 586.73, Word: 81.51, Topo: 97.09, Assm: 83.27, PNorm: 153.10, GNorm: 29.75
Wloss: 9.50, Tloss: 1.96, Aloss: 1.69
[0][1650] Beta: 0.000, KL: 604.22, Word: 82.01, Topo: 96.95, Assm: 83.48, PNorm: 154.22, GNorm: 38.74
Wloss: 9.28, Tloss: 2.13, Aloss: 1.69
[0][1700] Beta: 0.000, KL: 624.39, Word: 82.86, Topo: 97.11, Assm: 83.75, PNorm: 155.37, GNorm: 18.61
Wloss: 9.00, Tloss: 2.03, Aloss: 1.64
[0][1750] Beta: 0.000, KL: 654.35, Word: 82.22, Topo: 97.08, Assm: 85.15, PNorm: 156.44, GNorm: 19.97
Wloss: 8.98, Tloss: 2.01, Aloss: 1.51
[0][1800] Beta: 0.000, KL: 633.58, Word: 82.87, Topo: 96.92, Assm: 84.70, PNorm: 157.60, GNorm: 25.39
Wloss: 8.62, Tloss: 2.07, Aloss: 1.53
[0][1850] Beta: 0.000, KL: 649.98, Word: 83.42, Topo: 97.00, Assm: 85.32, PNorm: 158.63, GNorm: 28.78
Wloss: 8.29, Tloss: 2.03, Aloss: 1.49
[0][1900] Beta: 0.000, KL: 659.82, Word: 83.46, Topo: 97.43, Assm: 84.25, PNorm: 159.65, GNorm: 29.49
Wloss: 8.28, Tloss: 1.77, Aloss: 1.55
[0][1950] Beta: 0.000, KL: 664.20, Word: 83.43, Topo: 97.19, Assm: 86.44, PNorm: 160.68, GNorm: 19.71
Wloss: 8.27, Tloss: 1.96, Aloss: 1.38
[0][2000] Beta: 0.000, KL: 673.83, Word: 83.88, Topo: 97.45, Assm: 85.91, PNorm: 161.70, GNorm: 33.44
Wloss: 8.07, Tloss: 1.81, Aloss: 1.47
[0][2050] Beta: 0.000, KL: 662.68, Word: 84.14, Topo: 97.11, Assm: 85.80, PNorm: 162.74, GNorm: 41.60
Wloss: 7.93, Tloss: 1.97, Aloss: 1.38
[0][2100] Beta: 0.000, KL: 677.87, Word: 83.82, Topo: 97.19, Assm: 86.74, PNorm: 163.67, GNorm: 18.05
Wloss: 7.94, Tloss: 1.95, Aloss: 1.38
[0][2150] Beta: 0.000, KL: 684.14, Word: 84.39, Topo: 97.65, Assm: 85.85, PNorm: 164.58, GNorm: 18.61
Wloss: 7.74, Tloss: 1.64, Aloss: 1.37
[0][2200] Beta: 0.000, KL: 708.60, Word: 84.89, Topo: 97.60, Assm: 87.02, PNorm: 165.49, GNorm: 29.55
Wloss: 7.39, Tloss: 1.62, Aloss: 1.33
[0][2250] Beta: 0.000, KL: 718.36, Word: 84.82, Topo: 97.66, Assm: 87.23, PNorm: 166.44, GNorm: 46.58
Wloss: 7.50, Tloss: 1.66, Aloss: 1.26
[0][2300] Beta: 0.000, KL: 705.13, Word: 84.82, Topo: 97.35, Assm: 86.19, PNorm: 167.45, GNorm: 21.00
Wloss: 7.45, Tloss: 1.85, Aloss: 1.40
[0][2350] Beta: 0.000, KL: 718.72, Word: 84.95, Topo: 97.44, Assm: 87.78, PNorm: 168.38, GNorm: 46.06
Wloss: 7.49, Tloss: 1.81, Aloss: 1.24
[0][2400] Beta: 0.000, KL: 713.49, Word: 85.23, Topo: 97.29, Assm: 87.99, PNorm: 169.39, GNorm: 22.60
Wloss: 7.13, Tloss: 1.83, Aloss: 1.19
[0][2450] Beta: 0.000, KL: 733.80, Word: 85.76, Topo: 97.79, Assm: 87.63, PNorm: 170.25, GNorm: 23.96
Wloss: 6.98, Tloss: 1.60, Aloss: 1.25
[0][2500] Beta: 0.000, KL: 738.56, Word: 86.19, Topo: 97.58, Assm: 87.67, PNorm: 171.10, GNorm: 23.51
Wloss: 6.78, Tloss: 1.66, Aloss: 1.23
[0][2550] Beta: 0.000, KL: 742.19, Word: 86.37, Topo: 97.89, Assm: 88.52, PNorm: 171.97, GNorm: 27.82
Wloss: 6.72, Tloss: 1.50, Aloss: 1.17
[0][2600] Beta: 0.000, KL: 761.14, Word: 86.21, Topo: 97.72, Assm: 88.50, PNorm: 172.79, GNorm: 23.68
Wloss: 6.59, Tloss: 1.56, Aloss: 1.11
[0][2650] Beta: 0.000, KL: 756.44, Word: 86.18, Topo: 97.85, Assm: 87.58, PNorm: 173.64, GNorm: 25.55
Wloss: 6.66, Tloss: 1.46, Aloss: 1.29
[0][2700] Beta: 0.000, KL: 772.18, Word: 86.40, Topo: 97.82, Assm: 89.28, PNorm: 174.52, GNorm: 22.67
Wloss: 6.60, Tloss: 1.55, Aloss: 1.10
[0][2750] Beta: 0.000, KL: 770.98, Word: 86.24, Topo: 97.96, Assm: 88.55, PNorm: 175.30, GNorm: 29.33
Wloss: 6.64, Tloss: 1.45, Aloss: 1.18
[0][2800] Beta: 0.000, KL: 781.54, Word: 86.32, Topo: 97.89, Assm: 89.14, PNorm: 176.20, GNorm: 24.39
Wloss: 6.54, Tloss: 1.48, Aloss: 1.09
[0][2850] Beta: 0.000, KL: 794.65, Word: 86.89, Topo: 97.95, Assm: 89.48, PNorm: 177.01, GNorm: 22.28
Wloss: 6.39, Tloss: 1.49, Aloss: 1.01
[0][2900] Beta: 0.000, KL: 794.56, Word: 86.68, Topo: 97.63, Assm: 89.77, PNorm: 177.90, GNorm: 24.14
Wloss: 6.65, Tloss: 1.63, Aloss: 1.12
[0][2950] Beta: 0.000, KL: 786.53, Word: 87.12, Topo: 98.01, Assm: 89.13, PNorm: 178.72, GNorm: 20.04
Wloss: 6.12, Tloss: 1.34, Aloss: 1.11
[0][3000] Beta: 0.000, KL: 811.59, Word: 87.14, Topo: 98.06, Assm: 89.66, PNorm: 179.53, GNorm: 25.42
Wloss: 6.19, Tloss: 1.40, Aloss: 1.06
[0][3050] Beta: 0.000, KL: 816.54, Word: 87.41, Topo: 98.05, Assm: 89.56, PNorm: 180.30, GNorm: 35.76
Wloss: 6.09, Tloss: 1.41, Aloss: 1.04
[0][3100] Beta: 0.000, KL: 829.04, Word: 88.01, Topo: 98.21, Assm: 89.65, PNorm: 181.08, GNorm: 26.89
Wloss: 5.80, Tloss: 1.32, Aloss: 1.04
[0][3150] Beta: 0.000, KL: 834.25, Word: 87.92, Topo: 98.16, Assm: 90.41, PNorm: 181.78, GNorm: 19.73
Wloss: 5.75, Tloss: 1.29, Aloss: 0.98
[0][3200] Beta: 0.000, KL: 832.82, Word: 87.56, Topo: 97.96, Assm: 90.26, PNorm: 182.55, GNorm: 24.09
Wloss: 5.98, Tloss: 1.41, Aloss: 0.99
[0][3250] Beta: 0.000, KL: 824.96, Word: 87.73, Topo: 98.18, Assm: 90.37, PNorm: 183.32, GNorm: 23.38
Wloss: 5.72, Tloss: 1.31, Aloss: 1.01
[0][3300] Beta: 0.000, KL: 843.82, Word: 87.75, Topo: 97.97, Assm: 89.76, PNorm: 184.11, GNorm: 25.13
Wloss: 5.86, Tloss: 1.49, Aloss: 1.07
[0][3350] Beta: 0.000, KL: 831.39, Word: 88.29, Topo: 98.26, Assm: 91.25, PNorm: 184.84, GNorm: 16.49
Wloss: 5.52, Tloss: 1.24, Aloss: 0.94
[0][3400] Beta: 0.000, KL: 856.59, Word: 88.61, Topo: 98.24, Assm: 89.76, PNorm: 185.55, GNorm: 22.12
Wloss: 5.44, Tloss: 1.25, Aloss: 1.02
[0][3450] Beta: 0.000, KL: 867.21, Word: 88.35, Topo: 98.25, Assm: 90.62, PNorm: 186.25, GNorm: 23.58
Wloss: 5.58, Tloss: 1.27, Aloss: 0.93
[0][3500] Beta: 0.000, KL: 854.38, Word: 88.70, Topo: 98.14, Assm: 91.32, PNorm: 186.92, GNorm: 17.59
Wloss: 5.35, Tloss: 1.27, Aloss: 0.95
[0][3550] Beta: 0.000, KL: 863.49, Word: 88.80, Topo: 98.07, Assm: 90.90, PNorm: 187.68, GNorm: 22.11
Wloss: 5.53, Tloss: 1.34, Aloss: 0.97
[0][3600] Beta: 0.000, KL: 871.45, Word: 88.46, Topo: 98.22, Assm: 91.38, PNorm: 188.41, GNorm: 24.33
Wloss: 5.35, Tloss: 1.22, Aloss: 0.92
[0][3650] Beta: 0.000, KL: 885.18, Word: 89.17, Topo: 98.29, Assm: 91.07, PNorm: 189.08, GNorm: 22.59
Wloss: 5.01, Tloss: 1.21, Aloss: 0.91
[0][3700] Beta: 0.000, KL: 872.01, Word: 88.71, Topo: 98.38, Assm: 90.81, PNorm: 189.80, GNorm: 19.24
Wloss: 5.43, Tloss: 1.16, Aloss: 0.98
[0][3750] Beta: 0.000, KL: 885.95, Word: 88.83, Topo: 98.26, Assm: 90.93, PNorm: 190.54, GNorm: 19.73
Wloss: 5.20, Tloss: 1.20, Aloss: 0.89
[0][3800] Beta: 0.000, KL: 883.46, Word: 88.99, Topo: 98.24, Assm: 91.28, PNorm: 191.23, GNorm: 17.84
Wloss: 5.19, Tloss: 1.25, Aloss: 0.89
[0][3850] Beta: 0.000, KL: 880.95, Word: 88.72, Topo: 98.20, Assm: 92.01, PNorm: 191.99, GNorm: 26.12
Wloss: 5.25, Tloss: 1.29, Aloss: 0.81
[0][3900] Beta: 0.000, KL: 898.37, Word: 89.20, Topo: 98.20, Assm: 91.84, PNorm: 192.72, GNorm: 25.54
Wloss: 5.08, Tloss: 1.27, Aloss: 0.87
[0][3950] Beta: 0.000, KL: 883.62, Word: 89.32, Topo: 98.37, Assm: 90.67, PNorm: 193.47, GNorm: 18.47
Wloss: 4.99, Tloss: 1.14, Aloss: 0.95
[0][4000] Beta: 0.000, KL: 894.99, Word: 89.29, Topo: 98.28, Assm: 91.54, PNorm: 194.15, GNorm: 22.24
Wloss: 4.93, Tloss: 1.17, Aloss: 0.87
[0][4050] Beta: 0.000, KL: 887.96, Word: 89.66, Topo: 98.38, Assm: 91.23, PNorm: 194.85, GNorm: 16.74
Wloss: 4.81, Tloss: 1.13, Aloss: 0.90
[0][4100] Beta: 0.000, KL: 856.15, Word: 89.60, Topo: 98.48, Assm: 90.99, PNorm: 195.41, GNorm: 28.16
Wloss: 4.75, Tloss: 1.10, Aloss: 0.89
[0][4150] Beta: 0.000, KL: 840.38, Word: 89.30, Topo: 98.32, Assm: 91.69, PNorm: 196.07, GNorm: 17.31
Wloss: 4.97, Tloss: 1.15, Aloss: 0.86
[0][4200] Beta: 0.000, KL: 827.85, Word: 89.56, Topo: 98.32, Assm: 92.41, PNorm: 196.75, GNorm: 20.74
Wloss: 4.84, Tloss: 1.15, Aloss: 0.83
[0][4250] Beta: 0.000, KL: 835.66, Word: 89.88, Topo: 98.40, Assm: 92.79, PNorm: 197.40, GNorm: 28.00
Wloss: 4.65, Tloss: 1.15, Aloss: 0.81
[0][4300] Beta: 0.000, KL: 821.30, Word: 89.93, Topo: 98.25, Assm: 92.05, PNorm: 198.04, GNorm: 22.44
Wloss: 4.68, Tloss: 1.27, Aloss: 0.86
[0][4350] Beta: 0.000, KL: 835.04, Word: 89.90, Topo: 98.38, Assm: 92.40, PNorm: 198.70, GNorm: 16.50
Wloss: 4.63, Tloss: 1.12, Aloss: 0.77
[0][4400] Beta: 0.000, KL: 834.00, Word: 90.16, Topo: 98.35, Assm: 92.17, PNorm: 199.31, GNorm: 21.90
Wloss: 4.60, Tloss: 1.16, Aloss: 0.85
[0][4450] Beta: 0.000, KL: 833.92, Word: 89.73, Topo: 98.49, Assm: 92.34, PNorm: 199.96, GNorm: 17.43
Wloss: 4.81, Tloss: 1.05, Aloss: 0.82
[0][4500] Beta: 0.000, KL: 841.09, Word: 90.40, Topo: 98.50, Assm: 92.47, PNorm: 200.59, GNorm: 19.48
Wloss: 4.39, Tloss: 1.04, Aloss: 0.81
[0][4550] Beta: 0.000, KL: 849.39, Word: 90.53, Topo: 98.54, Assm: 92.11, PNorm: 201.23, GNorm: 20.78
Wloss: 4.50, Tloss: 1.05, Aloss: 0.86
[0][4600] Beta: 0.000, KL: 836.40, Word: 89.95, Topo: 98.39, Assm: 92.07, PNorm: 201.88, GNorm: 20.14
Wloss: 4.67, Tloss: 1.11, Aloss: 0.87
[0][4650] Beta: 0.000, KL: 845.15, Word: 90.50, Topo: 98.40, Assm: 92.87, PNorm: 202.49, GNorm: 24.82
Wloss: 4.40, Tloss: 1.12, Aloss: 0.79
[0][4700] Beta: 0.000, KL: 847.72, Word: 90.70, Topo: 98.54, Assm: 92.65, PNorm: 203.14, GNorm: 26.15
Wloss: 4.40, Tloss: 1.04, Aloss: 0.77
[0][4750] Beta: 0.000, KL: 853.82, Word: 90.19, Topo: 98.54, Assm: 93.37, PNorm: 203.82, GNorm: 15.88
Wloss: 4.57, Tloss: 1.04, Aloss: 0.71
[0][4800] Beta: 0.000, KL: 826.81, Word: 90.55, Topo: 98.55, Assm: 93.15, PNorm: 204.43, GNorm: 20.40
Wloss: 4.36, Tloss: 1.01, Aloss: 0.76
[0][4850] Beta: 0.000, KL: 853.55, Word: 90.59, Topo: 98.43, Assm: 92.49, PNorm: 205.10, GNorm: 21.99
Wloss: 4.42, Tloss: 1.08, Aloss: 0.81
[0][4900] Beta: 0.000, KL: 857.14, Word: 90.32, Topo: 98.42, Assm: 93.10, PNorm: 205.78, GNorm: 19.24
Wloss: 4.51, Tloss: 1.09, Aloss: 0.75
[0][4950] Beta: 0.000, KL: 874.67, Word: 90.32, Topo: 98.57, Assm: 92.82, PNorm: 206.39, GNorm: 18.35
Wloss: 4.34, Tloss: 1.00, Aloss: 0.77
[0][5000] Beta: 0.000, KL: 860.94, Word: 90.99, Topo: 98.65, Assm: 92.72, PNorm: 206.98, GNorm: 16.04
Wloss: 4.15, Tloss: 0.96, Aloss: 0.71
[0][5050] Beta: 0.000, KL: 869.93, Word: 90.27, Topo: 98.62, Assm: 93.48, PNorm: 207.59, GNorm: 18.74
Wloss: 4.34, Tloss: 0.98, Aloss: 0.72
[0][5100] Beta: 0.000, KL: 896.73, Word: 90.35, Topo: 98.60, Assm: 93.18, PNorm: 208.14, GNorm: 16.38
Wloss: 4.43, Tloss: 0.95, Aloss: 0.76
[0][5150] Beta: 0.000, KL: 863.69, Word: 90.90, Topo: 98.68, Assm: 92.71, PNorm: 208.74, GNorm: 21.17
Wloss: 4.15, Tloss: 0.95, Aloss: 0.78
[0][5200] Beta: 0.000, KL: 871.43, Word: 90.84, Topo: 98.58, Assm: 93.70, PNorm: 209.37, GNorm: 17.64
Wloss: 4.12, Tloss: 0.98, Aloss: 0.66
[0][5250] Beta: 0.000, KL: 872.77, Word: 91.12, Topo: 98.31, Assm: 93.22, PNorm: 210.04, GNorm: 17.20
Wloss: 4.02, Tloss: 1.16, Aloss: 0.72
[0][5300] Beta: 0.000, KL: 880.14, Word: 90.75, Topo: 98.55, Assm: 93.63, PNorm: 210.67, GNorm: 17.88
Wloss: 4.30, Tloss: 1.04, Aloss: 0.69
[0][5350] Beta: 0.000, KL: 862.02, Word: 90.46, Topo: 98.54, Assm: 93.99, PNorm: 211.32, GNorm: 18.05
Wloss: 4.33, Tloss: 1.03, Aloss: 0.66
[0][5400] Beta: 0.000, KL: 855.64, Word: 91.14, Topo: 98.66, Assm: 93.10, PNorm: 211.91, GNorm: 22.90
Wloss: 3.97, Tloss: 0.94, Aloss: 0.72
[0][5450] Beta: 0.000, KL: 878.50, Word: 91.36, Topo: 98.59, Assm: 93.20, PNorm: 212.52, GNorm: 22.14
Wloss: 4.03, Tloss: 1.05, Aloss: 0.74
[0][5500] Beta: 0.000, KL: 876.96, Word: 91.10, Topo: 98.56, Assm: 93.71, PNorm: 213.15, GNorm: 22.95
Wloss: 3.94, Tloss: 1.02, Aloss: 0.68
[0][5550] Beta: 0.000, KL: 865.98, Word: 91.46, Topo: 98.73, Assm: 93.34, PNorm: 213.75, GNorm: 25.72
Wloss: 3.88, Tloss: 0.90, Aloss: 0.71
[0][5600] Beta: 0.000, KL: 888.55, Word: 91.10, Topo: 98.66, Assm: 92.88, PNorm: 214.41, GNorm: 14.77
Wloss: 4.08, Tloss: 0.93, Aloss: 0.70
[0][5650] Beta: 0.000, KL: 887.25, Word: 91.49, Topo: 98.68, Assm: 93.62, PNorm: 214.96, GNorm: 17.38
Wloss: 3.91, Tloss: 0.92, Aloss: 0.67
[0][5700] Beta: 0.000, KL: 883.01, Word: 91.52, Topo: 98.83, Assm: 93.62, PNorm: 215.50, GNorm: 23.37
Wloss: 3.92, Tloss: 0.85, Aloss: 0.67
[0][5750] Beta: 0.000, KL: 857.16, Word: 90.83, Topo: 98.34, Assm: 94.06, PNorm: 216.14, GNorm: 24.10
Wloss: 4.17, Tloss: 1.09, Aloss: 0.61
[0][5800] Beta: 0.000, KL: 871.10, Word: 91.63, Topo: 98.54, Assm: 94.21, PNorm: 216.73, GNorm: 15.10
Wloss: 3.85, Tloss: 1.03, Aloss: 0.63
[0][5850] Beta: 0.000, KL: 899.80, Word: 91.72, Topo: 98.78, Assm: 93.75, PNorm: 217.31, GNorm: 17.93
Wloss: 3.93, Tloss: 0.85, Aloss: 0.68
[0][5900] Beta: 0.000, KL: 905.31, Word: 91.87, Topo: 98.59, Assm: 93.86, PNorm: 217.89, GNorm: 21.12
Wloss: 3.67, Tloss: 0.94, Aloss: 0.64
[0][5950] Beta: 0.000, KL: 914.90, Word: 91.34, Topo: 98.44, Assm: 93.99, PNorm: 218.50, GNorm: 24.44
Wloss: 3.97, Tloss: 1.12, Aloss: 0.63
[0][6000] Beta: 0.000, KL: 889.48, Word: 91.49, Topo: 98.65, Assm: 94.48, PNorm: 219.13, GNorm: 19.21
Wloss: 3.82, Tloss: 0.94, Aloss: 0.62
[0][6050] Beta: 0.000, KL: 892.56, Word: 91.14, Topo: 98.65, Assm: 93.98, PNorm: 219.71, GNorm: 21.86
Wloss: 4.03, Tloss: 0.97, Aloss: 0.66
[0][6100] Beta: 0.000, KL: 877.38, Word: 91.62, Topo: 98.74, Assm: 94.94, PNorm: 220.32, GNorm: 26.58
Wloss: 3.78, Tloss: 0.90, Aloss: 0.58
[0][6150] Beta: 0.000, KL: 876.08, Word: 91.75, Topo: 98.78, Assm: 93.70, PNorm: 220.93, GNorm: 16.87
Wloss: 3.82, Tloss: 0.87, Aloss: 0.66
[0][6200] Beta: 0.000, KL: 881.48, Word: 91.57, Topo: 98.76, Assm: 94.53, PNorm: 221.48, GNorm: 19.10
Wloss: 3.74, Tloss: 0.87, Aloss: 0.59
[0][6250] Beta: 0.000, KL: 880.89, Word: 92.02, Topo: 98.69, Assm: 93.96, PNorm: 222.07, GNorm: 21.22
Wloss: 3.57, Tloss: 0.94, Aloss: 0.65
[0][6300] Beta: 0.000, KL: 883.53, Word: 91.53, Topo: 98.77, Assm: 94.21, PNorm: 222.63, GNorm: 18.99
Wloss: 3.76, Tloss: 0.84, Aloss: 0.60
[0][6350] Beta: 0.000, KL: 881.03, Word: 91.63, Topo: 98.72, Assm: 94.33, PNorm: 223.18, GNorm: 16.55
Wloss: 3.61, Tloss: 0.90, Aloss: 0.59
[0][6400] Beta: 0.000, KL: 890.61, Word: 91.49, Topo: 98.75, Assm: 93.26, PNorm: 223.75, GNorm: 24.75
Wloss: 3.92, Tloss: 0.88, Aloss: 0.70
[0][6450] Beta: 0.000, KL: 883.87, Word: 91.57, Topo: 98.77, Assm: 94.03, PNorm: 224.38, GNorm: 16.89
Wloss: 3.72, Tloss: 0.84, Aloss: 0.66
[0][6500] Beta: 0.000, KL: 897.02, Word: 91.95, Topo: 98.88, Assm: 94.76, PNorm: 224.96, GNorm: 18.61
Wloss: 3.62, Tloss: 0.84, Aloss: 0.54
[0][6550] Beta: 0.000, KL: 879.90, Word: 91.79, Topo: 98.62, Assm: 94.02, PNorm: 225.52, GNorm: 16.85
Wloss: 3.64, Tloss: 0.95, Aloss: 0.63
[0][6600] Beta: 0.000, KL: 881.50, Word: 91.91, Topo: 98.82, Assm: 94.23, PNorm: 226.06, GNorm: 20.69
Wloss: 3.66, Tloss: 0.82, Aloss: 0.63
[0][6650] Beta: 0.000, KL: 876.60, Word: 92.24, Topo: 98.87, Assm: 95.20, PNorm: 226.58, GNorm: 23.89
Wloss: 3.46, Tloss: 0.83, Aloss: 0.51
[0][6700] Beta: 0.000, KL: 870.81, Word: 92.29, Topo: 98.84, Assm: 94.38, PNorm: 227.07, GNorm: 19.46
Wloss: 3.55, Tloss: 0.82, Aloss: 0.62
[0][6750] Beta: 0.000, KL: 864.74, Word: 91.77, Topo: 98.85, Assm: 94.42, PNorm: 227.64, GNorm: 18.19
Wloss: 3.78, Tloss: 0.83, Aloss: 0.64
[0][6800] Beta: 0.000, KL: 862.43, Word: 92.35, Topo: 98.78, Assm: 94.88, PNorm: 228.24, GNorm: 18.45
Wloss: 3.46, Tloss: 0.86, Aloss: 0.56
[0][6850] Beta: 0.000, KL: 878.59, Word: 92.04, Topo: 98.61, Assm: 94.48, PNorm: 228.80, GNorm: 19.47
Wloss: 3.60, Tloss: 0.94, Aloss: 0.60
Cosume Time per Epoch 1:35:33.489886
EPOCH: 2 | TIME: 2020-03-13 15:32:53.145569 
[1][30] Beta: 0.000, KL: 869.89, Word: 92.05, Topo: 98.92, Assm: 94.95, PNorm: 229.36, GNorm: 17.78
Wloss: 3.56, Tloss: 0.78, Aloss: 0.54
[1][80] Beta: 0.000, KL: 866.48, Word: 92.18, Topo: 98.89, Assm: 94.45, PNorm: 229.88, GNorm: 19.59
Wloss: 3.48, Tloss: 0.77, Aloss: 0.59
[1][130] Beta: 0.000, KL: 872.71, Word: 92.43, Topo: 98.93, Assm: 94.70, PNorm: 230.41, GNorm: 15.25
Wloss: 3.45, Tloss: 0.78, Aloss: 0.61
[1][180] Beta: 0.000, KL: 879.60, Word: 92.12, Topo: 98.70, Assm: 94.48, PNorm: 230.92, GNorm: 16.07
Wloss: 3.51, Tloss: 0.90, Aloss: 0.55
[1][230] Beta: 0.000, KL: 875.51, Word: 92.57, Topo: 98.84, Assm: 94.36, PNorm: 231.45, GNorm: 16.26
Wloss: 3.29, Tloss: 0.83, Aloss: 0.59
[1][280] Beta: 0.000, KL: 872.18, Word: 92.22, Topo: 98.71, Assm: 94.34, PNorm: 232.02, GNorm: 18.08
Wloss: 3.50, Tloss: 0.86, Aloss: 0.62
[1][330] Beta: 0.000, KL: 883.68, Word: 92.44, Topo: 98.65, Assm: 94.75, PNorm: 232.62, GNorm: 21.21
Wloss: 3.38, Tloss: 0.93, Aloss: 0.56
[1][380] Beta: 0.000, KL: 881.84, Word: 92.22, Topo: 98.85, Assm: 94.50, PNorm: 233.16, GNorm: 18.50
Wloss: 3.52, Tloss: 0.81, Aloss: 0.62
[1][430] Beta: 0.000, KL: 874.57, Word: 92.25, Topo: 98.89, Assm: 94.86, PNorm: 233.67, GNorm: 15.38
Wloss: 3.43, Tloss: 0.78, Aloss: 0.57
[1][480] Beta: 0.000, KL: 877.41, Word: 92.43, Topo: 98.96, Assm: 95.28, PNorm: 234.21, GNorm: 21.50
Wloss: 3.41, Tloss: 0.74, Aloss: 0.54
[1][530] Beta: 0.000, KL: 883.87, Word: 92.26, Topo: 98.74, Assm: 95.48, PNorm: 234.80, GNorm: 17.22
Wloss: 3.54, Tloss: 0.87, Aloss: 0.50
[1][580] Beta: 0.000, KL: 870.10, Word: 92.89, Topo: 98.99, Assm: 95.11, PNorm: 235.28, GNorm: 14.63
Wloss: 3.18, Tloss: 0.76, Aloss: 0.53
[1][630] Beta: 0.000, KL: 871.83, Word: 93.08, Topo: 99.04, Assm: 94.84, PNorm: 235.79, GNorm: 15.60
Wloss: 3.09, Tloss: 0.71, Aloss: 0.57
[1][680] Beta: 0.000, KL: 875.47, Word: 92.51, Topo: 98.97, Assm: 95.59, PNorm: 236.33, GNorm: 15.55
Wloss: 3.32, Tloss: 0.74, Aloss: 0.50
[1][730] Beta: 0.000, KL: 869.92, Word: 92.37, Topo: 98.90, Assm: 95.38, PNorm: 236.81, GNorm: 22.14
Wloss: 3.35, Tloss: 0.77, Aloss: 0.52
[1][780] Beta: 0.000, KL: 871.33, Word: 92.53, Topo: 99.00, Assm: 94.71, PNorm: 237.31, GNorm: 18.81
Wloss: 3.30, Tloss: 0.71, Aloss: 0.59
[1][830] Beta: 0.000, KL: 865.92, Word: 93.05, Topo: 98.96, Assm: 95.10, PNorm: 237.85, GNorm: 14.00
Wloss: 3.10, Tloss: 0.72, Aloss: 0.52
[1][880] Beta: 0.000, KL: 877.11, Word: 92.90, Topo: 98.93, Assm: 94.91, PNorm: 238.35, GNorm: 16.81
Wloss: 3.17, Tloss: 0.80, Aloss: 0.54
[1][930] Beta: 0.000, KL: 888.85, Word: 93.25, Topo: 98.81, Assm: 95.81, PNorm: 238.86, GNorm: 19.81
Wloss: 3.00, Tloss: 0.86, Aloss: 0.48
[1][980] Beta: 0.000, KL: 887.80, Word: 92.81, Topo: 98.94, Assm: 95.21, PNorm: 239.37, GNorm: 22.42
Wloss: 3.19, Tloss: 0.74, Aloss: 0.49
[1][1030] Beta: 0.000, KL: 896.42, Word: 92.40, Topo: 98.89, Assm: 94.45, PNorm: 239.91, GNorm: 17.08
Wloss: 3.33, Tloss: 0.75, Aloss: 0.59
[1][1080] Beta: 0.000, KL: 873.71, Word: 93.22, Topo: 99.07, Assm: 95.29, PNorm: 240.45, GNorm: 15.89
Wloss: 3.05, Tloss: 0.68, Aloss: 0.51
[1][1130] Beta: 0.000, KL: 885.63, Word: 92.78, Topo: 98.93, Assm: 95.42, PNorm: 240.96, GNorm: 20.01
Wloss: 3.35, Tloss: 0.77, Aloss: 0.52
[1][1180] Beta: 0.000, KL: 876.42, Word: 92.85, Topo: 98.94, Assm: 95.21, PNorm: 241.46, GNorm: 25.44
Wloss: 3.15, Tloss: 0.78, Aloss: 0.52
[1][1230] Beta: 0.000, KL: 879.56, Word: 92.71, Topo: 98.93, Assm: 95.24, PNorm: 242.00, GNorm: 15.78
Wloss: 3.28, Tloss: 0.77, Aloss: 0.50
[1][1280] Beta: 0.000, KL: 873.83, Word: 92.75, Topo: 98.98, Assm: 95.30, PNorm: 242.51, GNorm: 19.05
Wloss: 3.18, Tloss: 0.73, Aloss: 0.52
[1][1330] Beta: 0.000, KL: 876.17, Word: 92.84, Topo: 98.82, Assm: 95.47, PNorm: 242.99, GNorm: 18.23
Wloss: 3.11, Tloss: 0.78, Aloss: 0.50
[1][1380] Beta: 0.000, KL: 858.19, Word: 92.95, Topo: 98.98, Assm: 95.27, PNorm: 243.51, GNorm: 17.18
Wloss: 3.12, Tloss: 0.73, Aloss: 0.47
[1][1430] Beta: 0.000, KL: 848.37, Word: 93.20, Topo: 99.03, Assm: 95.27, PNorm: 244.00, GNorm: 21.33
Wloss: 2.93, Tloss: 0.68, Aloss: 0.49
[1][1480] Beta: 0.000, KL: 867.49, Word: 92.99, Topo: 98.85, Assm: 95.66, PNorm: 244.46, GNorm: 19.90
Wloss: 3.19, Tloss: 0.80, Aloss: 0.47
[1][1530] Beta: 0.000, KL: 870.16, Word: 93.18, Topo: 98.88, Assm: 95.25, PNorm: 244.97, GNorm: 19.02
Wloss: 3.07, Tloss: 0.78, Aloss: 0.51
[1][1580] Beta: 0.000, KL: 859.32, Word: 93.01, Topo: 98.97, Assm: 95.36, PNorm: 245.48, GNorm: 15.42
Wloss: 3.10, Tloss: 0.73, Aloss: 0.51
[1][1630] Beta: 0.000, KL: 848.09, Word: 93.13, Topo: 99.03, Assm: 95.61, PNorm: 245.98, GNorm: 21.86
Wloss: 3.04, Tloss: 0.70, Aloss: 0.49
[1][1680] Beta: 0.000, KL: 829.88, Word: 92.88, Topo: 99.02, Assm: 94.97, PNorm: 246.50, GNorm: 24.56
Wloss: 3.17, Tloss: 0.69, Aloss: 0.52
[1][1730] Beta: 0.000, KL: 844.12, Word: 92.87, Topo: 99.00, Assm: 95.14, PNorm: 247.04, GNorm: 15.27
Wloss: 3.14, Tloss: 0.68, Aloss: 0.55
[1][1780] Beta: 0.000, KL: 857.72, Word: 93.00, Topo: 98.94, Assm: 95.62, PNorm: 247.62, GNorm: 17.69
Wloss: 3.01, Tloss: 0.74, Aloss: 0.48
[1][1830] Beta: 0.000, KL: 872.80, Word: 92.99, Topo: 98.95, Assm: 95.56, PNorm: 248.11, GNorm: 21.12
Wloss: 3.13, Tloss: 0.73, Aloss: 0.51
[1][1880] Beta: 0.000, KL: 854.58, Word: 92.88, Topo: 99.00, Assm: 95.90, PNorm: 248.69, GNorm: 17.51
Wloss: 3.09, Tloss: 0.71, Aloss: 0.46
[1][1930] Beta: 0.000, KL: 851.84, Word: 93.00, Topo: 99.02, Assm: 95.72, PNorm: 249.26, GNorm: 20.00
Wloss: 3.20, Tloss: 0.75, Aloss: 0.48
[1][1980] Beta: 0.000, KL: 868.77, Word: 93.13, Topo: 98.95, Assm: 95.96, PNorm: 249.80, GNorm: 17.10
Wloss: 3.08, Tloss: 0.75, Aloss: 0.46
[1][2030] Beta: 0.000, KL: 857.82, Word: 93.20, Topo: 98.99, Assm: 95.84, PNorm: 250.32, GNorm: 14.82
Wloss: 2.99, Tloss: 0.72, Aloss: 0.44
[1][2080] Beta: 0.000, KL: 855.19, Word: 93.19, Topo: 99.14, Assm: 95.44, PNorm: 250.85, GNorm: 18.79
Wloss: 3.07, Tloss: 0.63, Aloss: 0.51
[1][2130] Beta: 0.000, KL: 849.31, Word: 93.44, Topo: 99.01, Assm: 96.09, PNorm: 251.37, GNorm: 14.89
Wloss: 2.89, Tloss: 0.69, Aloss: 0.48
[1][2180] Beta: 0.000, KL: 861.26, Word: 93.42, Topo: 99.02, Assm: 95.68, PNorm: 251.92, GNorm: 17.57
Wloss: 2.94, Tloss: 0.71, Aloss: 0.48
[1][2230] Beta: 0.000, KL: 862.94, Word: 93.08, Topo: 99.08, Assm: 95.61, PNorm: 252.43, GNorm: 17.89
Wloss: 2.99, Tloss: 0.65, Aloss: 0.47
[1][2280] Beta: 0.000, KL: 862.08, Word: 93.05, Topo: 98.93, Assm: 95.37, PNorm: 252.96, GNorm: 15.68
Wloss: 3.09, Tloss: 0.74, Aloss: 0.52
[1][2330] Beta: 0.000, KL: 858.11, Word: 93.27, Topo: 99.02, Assm: 95.79, PNorm: 253.48, GNorm: 22.45
Wloss: 2.95, Tloss: 0.70, Aloss: 0.47
[1][2380] Beta: 0.000, KL: 840.45, Word: 92.55, Topo: 98.98, Assm: 95.55, PNorm: 254.08, GNorm: 16.57
Wloss: 3.16, Tloss: 0.75, Aloss: 0.49
[1][2430] Beta: 0.000, KL: 835.72, Word: 93.26, Topo: 99.04, Assm: 95.89, PNorm: 254.62, GNorm: 18.08
Wloss: 2.87, Tloss: 0.69, Aloss: 0.45
[1][2480] Beta: 0.000, KL: 858.79, Word: 93.11, Topo: 99.07, Assm: 96.09, PNorm: 255.19, GNorm: 15.72
Wloss: 3.04, Tloss: 0.66, Aloss: 0.44
[1][2530] Beta: 0.000, KL: 857.54, Word: 93.26, Topo: 99.08, Assm: 96.41, PNorm: 255.69, GNorm: 16.67
Wloss: 3.06, Tloss: 0.67, Aloss: 0.42
[1][2580] Beta: 0.000, KL: 839.58, Word: 93.75, Topo: 98.94, Assm: 96.11, PNorm: 256.19, GNorm: 16.88
Wloss: 2.72, Tloss: 0.70, Aloss: 0.43
[1][2630] Beta: 0.000, KL: 838.21, Word: 93.23, Topo: 99.01, Assm: 95.58, PNorm: 256.66, GNorm: 17.65
Wloss: 2.89, Tloss: 0.71, Aloss: 0.50
[1][2680] Beta: 0.000, KL: 839.08, Word: 93.46, Topo: 98.99, Assm: 95.80, PNorm: 257.15, GNorm: 14.97
Wloss: 2.92, Tloss: 0.70, Aloss: 0.45
[1][2730] Beta: 0.000, KL: 846.19, Word: 93.48, Topo: 98.85, Assm: 95.82, PNorm: 257.70, GNorm: 17.26
Wloss: 2.97, Tloss: 0.80, Aloss: 0.47
[1][2780] Beta: 0.000, KL: 852.73, Word: 93.83, Topo: 99.01, Assm: 95.81, PNorm: 258.23, GNorm: 16.66
Wloss: 2.72, Tloss: 0.70, Aloss: 0.47
[1][2830] Beta: 0.000, KL: 839.01, Word: 93.45, Topo: 99.06, Assm: 96.24, PNorm: 258.74, GNorm: 21.46
Wloss: 2.91, Tloss: 0.66, Aloss: 0.45
[1][2880] Beta: 0.000, KL: 849.51, Word: 93.16, Topo: 99.08, Assm: 96.08, PNorm: 259.25, GNorm: 16.96
Wloss: 2.99, Tloss: 0.67, Aloss: 0.44
[1][2930] Beta: 0.000, KL: 843.52, Word: 93.42, Topo: 99.08, Assm: 95.85, PNorm: 259.71, GNorm: 23.78
Wloss: 2.74, Tloss: 0.68, Aloss: 0.45
[1][2980] Beta: 0.000, KL: 848.56, Word: 93.30, Topo: 99.14, Assm: 96.28, PNorm: 260.22, GNorm: 18.88
Wloss: 2.97, Tloss: 0.66, Aloss: 0.42
[1][3030] Beta: 0.000, KL: 836.50, Word: 93.28, Topo: 99.07, Assm: 95.77, PNorm: 260.77, GNorm: 24.66
Wloss: 2.92, Tloss: 0.68, Aloss: 0.48
[1][3080] Beta: 0.000, KL: 847.51, Word: 93.62, Topo: 99.05, Assm: 96.41, PNorm: 261.27, GNorm: 18.67
Wloss: 2.74, Tloss: 0.66, Aloss: 0.41
[1][3130] Beta: 0.000, KL: 845.71, Word: 93.17, Topo: 99.04, Assm: 96.56, PNorm: 261.82, GNorm: 21.18
Wloss: 2.99, Tloss: 0.67, Aloss: 0.39
[1][3180] Beta: 0.000, KL: 846.86, Word: 92.93, Topo: 99.08, Assm: 96.20, PNorm: 262.31, GNorm: 20.55
Wloss: 3.07, Tloss: 0.64, Aloss: 0.45
[1][3230] Beta: 0.000, KL: 822.49, Word: 93.04, Topo: 99.19, Assm: 95.50, PNorm: 262.83, GNorm: 18.43
Wloss: 3.05, Tloss: 0.61, Aloss: 0.47
[1][3280] Beta: 0.000, KL: 834.27, Word: 93.18, Topo: 98.97, Assm: 96.21, PNorm: 263.33, GNorm: 18.48
Wloss: 3.01, Tloss: 0.76, Aloss: 0.46
[1][3330] Beta: 0.000, KL: 836.23, Word: 93.07, Topo: 98.88, Assm: 96.26, PNorm: 263.89, GNorm: 27.26
Wloss: 3.09, Tloss: 0.85, Aloss: 0.40
[1][3380] Beta: 0.000, KL: 838.41, Word: 93.00, Topo: 98.85, Assm: 96.29, PNorm: 264.48, GNorm: 17.22
Wloss: 3.04, Tloss: 0.83, Aloss: 0.43
[1][3430] Beta: 0.000, KL: 811.58, Word: 93.60, Topo: 99.09, Assm: 96.55, PNorm: 264.93, GNorm: 15.03
Wloss: 2.87, Tloss: 0.65, Aloss: 0.37
[1][3480] Beta: 0.000, KL: 824.24, Word: 93.75, Topo: 99.19, Assm: 96.18, PNorm: 265.37, GNorm: 12.91
Wloss: 2.71, Tloss: 0.57, Aloss: 0.42
[1][3530] Beta: 0.000, KL: 820.68, Word: 93.68, Topo: 99.11, Assm: 96.09, PNorm: 265.85, GNorm: 13.32
Wloss: 2.76, Tloss: 0.61, Aloss: 0.42
[1][3580] Beta: 0.000, KL: 825.23, Word: 94.01, Topo: 99.12, Assm: 95.81, PNorm: 266.29, GNorm: 22.55
Wloss: 2.62, Tloss: 0.63, Aloss: 0.44
[1][3630] Beta: 0.000, KL: 816.58, Word: 93.71, Topo: 99.07, Assm: 96.48, PNorm: 266.86, GNorm: 17.09
Wloss: 2.76, Tloss: 0.67, Aloss: 0.41
[1][3680] Beta: 0.000, KL: 808.33, Word: 93.56, Topo: 98.97, Assm: 96.01, PNorm: 267.30, GNorm: 16.21
Wloss: 2.76, Tloss: 0.70, Aloss: 0.44
[1][3730] Beta: 0.000, KL: 832.00, Word: 93.82, Topo: 99.06, Assm: 96.65, PNorm: 267.73, GNorm: 20.34
Wloss: 2.69, Tloss: 0.67, Aloss: 0.39
[1][3780] Beta: 0.000, KL: 830.23, Word: 93.48, Topo: 99.13, Assm: 96.11, PNorm: 268.26, GNorm: 20.94
Wloss: 2.83, Tloss: 0.63, Aloss: 0.45
[1][3830] Beta: 0.000, KL: 823.44, Word: 93.78, Topo: 99.12, Assm: 95.99, PNorm: 268.77, GNorm: 17.09
Wloss: 2.71, Tloss: 0.61, Aloss: 0.47
[1][3880] Beta: 0.000, KL: 805.02, Word: 93.73, Topo: 99.11, Assm: 96.02, PNorm: 269.24, GNorm: 12.85
Wloss: 2.73, Tloss: 0.67, Aloss: 0.44
[1][3930] Beta: 0.000, KL: 811.71, Word: 94.07, Topo: 99.18, Assm: 96.53, PNorm: 269.72, GNorm: 20.24
Wloss: 2.71, Tloss: 0.55, Aloss: 0.39
[1][3980] Beta: 0.000, KL: 811.64, Word: 93.51, Topo: 99.08, Assm: 96.59, PNorm: 270.18, GNorm: 15.23
Wloss: 2.86, Tloss: 0.67, Aloss: 0.41
[1][4030] Beta: 0.000, KL: 823.97, Word: 93.47, Topo: 99.18, Assm: 96.23, PNorm: 270.66, GNorm: 15.35
Wloss: 2.77, Tloss: 0.60, Aloss: 0.40
[1][4080] Beta: 0.000, KL: 827.80, Word: 93.33, Topo: 99.15, Assm: 96.42, PNorm: 271.16, GNorm: 22.14
Wloss: 2.95, Tloss: 0.60, Aloss: 0.39
[1][4130] Beta: 0.000, KL: 830.96, Word: 93.46, Topo: 99.08, Assm: 96.12, PNorm: 271.72, GNorm: 21.25
Wloss: 2.83, Tloss: 0.66, Aloss: 0.44
[1][4180] Beta: 0.000, KL: 819.50, Word: 93.15, Topo: 99.07, Assm: 96.26, PNorm: 272.27, GNorm: 16.81
Wloss: 2.89, Tloss: 0.65, Aloss: 0.45
[1][4230] Beta: 0.000, KL: 831.36, Word: 93.56, Topo: 99.17, Assm: 96.59, PNorm: 272.78, GNorm: 20.63
Wloss: 2.81, Tloss: 0.61, Aloss: 0.37
[1][4280] Beta: 0.000, KL: 821.79, Word: 93.87, Topo: 99.18, Assm: 96.28, PNorm: 273.28, GNorm: 17.25
Wloss: 2.65, Tloss: 0.57, Aloss: 0.45
[1][4330] Beta: 0.000, KL: 815.90, Word: 93.91, Topo: 99.21, Assm: 96.58, PNorm: 273.73, GNorm: 16.09
Wloss: 2.61, Tloss: 0.62, Aloss: 0.41
[1][4380] Beta: 0.000, KL: 814.05, Word: 93.82, Topo: 99.27, Assm: 96.49, PNorm: 274.22, GNorm: 17.16
Wloss: 2.74, Tloss: 0.56, Aloss: 0.39
[1][4430] Beta: 0.000, KL: 811.42, Word: 93.96, Topo: 99.10, Assm: 96.09, PNorm: 274.66, GNorm: 14.65
Wloss: 2.58, Tloss: 0.65, Aloss: 0.44
[1][4480] Beta: 0.000, KL: 818.72, Word: 93.84, Topo: 99.16, Assm: 96.70, PNorm: 275.16, GNorm: 14.70
Wloss: 2.64, Tloss: 0.60, Aloss: 0.38
[1][4530] Beta: 0.000, KL: 824.91, Word: 93.42, Topo: 99.08, Assm: 96.40, PNorm: 275.59, GNorm: 25.37
Wloss: 2.77, Tloss: 0.65, Aloss: 0.40
[1][4580] Beta: 0.000, KL: 831.20, Word: 93.80, Topo: 99.24, Assm: 96.67, PNorm: 276.10, GNorm: 14.60
Wloss: 2.65, Tloss: 0.55, Aloss: 0.38
[1][4630] Beta: 0.000, KL: 822.94, Word: 93.66, Topo: 99.20, Assm: 97.21, PNorm: 276.57, GNorm: 20.71
Wloss: 2.71, Tloss: 0.58, Aloss: 0.33
[1][4680] Beta: 0.000, KL: 824.31, Word: 93.86, Topo: 99.18, Assm: 96.38, PNorm: 277.05, GNorm: 16.96
Wloss: 2.69, Tloss: 0.60, Aloss: 0.38
[1][4730] Beta: 0.000, KL: 831.12, Word: 94.02, Topo: 99.12, Assm: 96.74, PNorm: 277.49, GNorm: 23.97
Wloss: 2.62, Tloss: 0.64, Aloss: 0.36
[1][4780] Beta: 0.000, KL: 818.14, Word: 93.80, Topo: 99.14, Assm: 96.29, PNorm: 277.96, GNorm: 14.21
Wloss: 2.74, Tloss: 0.61, Aloss: 0.41
[1][4830] Beta: 0.000, KL: 811.69, Word: 93.69, Topo: 99.13, Assm: 95.92, PNorm: 278.45, GNorm: 14.17
Wloss: 2.72, Tloss: 0.62, Aloss: 0.45
[1][4880] Beta: 0.000, KL: 810.16, Word: 93.96, Topo: 99.19, Assm: 96.87, PNorm: 278.88, GNorm: 16.05
Wloss: 2.62, Tloss: 0.61, Aloss: 0.37
[1][4930] Beta: 0.000, KL: 821.86, Word: 93.89, Topo: 99.14, Assm: 96.20, PNorm: 279.36, GNorm: 21.27
Wloss: 2.62, Tloss: 0.59, Aloss: 0.43
[1][4980] Beta: 0.000, KL: 814.70, Word: 93.79, Topo: 99.11, Assm: 96.23, PNorm: 279.86, GNorm: 20.26
Wloss: 2.69, Tloss: 0.63, Aloss: 0.40
[1][5030] Beta: 0.000, KL: 803.17, Word: 93.92, Topo: 99.20, Assm: 96.02, PNorm: 280.32, GNorm: 20.13
Wloss: 2.58, Tloss: 0.59, Aloss: 0.46
[1][5080] Beta: 0.000, KL: 797.18, Word: 93.80, Topo: 99.07, Assm: 96.59, PNorm: 280.79, GNorm: 20.07
Wloss: 2.62, Tloss: 0.62, Aloss: 0.40
[1][5130] Beta: 0.000, KL: 806.46, Word: 93.92, Topo: 99.10, Assm: 96.35, PNorm: 281.28, GNorm: 20.33
Wloss: 2.71, Tloss: 0.64, Aloss: 0.40
[1][5180] Beta: 0.000, KL: 798.22, Word: 94.35, Topo: 99.16, Assm: 96.78, PNorm: 281.72, GNorm: 18.54
Wloss: 2.51, Tloss: 0.62, Aloss: 0.36
[1][5230] Beta: 0.000, KL: 803.96, Word: 94.11, Topo: 99.20, Assm: 96.78, PNorm: 282.13, GNorm: 14.96
Wloss: 2.55, Tloss: 0.56, Aloss: 0.36
[1][5280] Beta: 0.000, KL: 812.72, Word: 94.06, Topo: 99.18, Assm: 96.46, PNorm: 282.62, GNorm: 20.64
Wloss: 2.57, Tloss: 0.58, Aloss: 0.38
[1][5330] Beta: 0.000, KL: 800.57, Word: 94.07, Topo: 99.15, Assm: 96.84, PNorm: 283.07, GNorm: 13.35
Wloss: 2.66, Tloss: 0.62, Aloss: 0.35
[1][5380] Beta: 0.000, KL: 813.05, Word: 93.85, Topo: 99.24, Assm: 96.46, PNorm: 283.58, GNorm: 17.96
Wloss: 2.64, Tloss: 0.52, Aloss: 0.40
[1][5430] Beta: 0.000, KL: 809.65, Word: 94.27, Topo: 99.21, Assm: 96.20, PNorm: 284.06, GNorm: 13.34
Wloss: 2.50, Tloss: 0.56, Aloss: 0.41
[1][5480] Beta: 0.000, KL: 799.78, Word: 93.78, Topo: 99.00, Assm: 96.22, PNorm: 284.57, GNorm: 20.87
Wloss: 2.67, Tloss: 0.71, Aloss: 0.41
[1][5530] Beta: 0.000, KL: 786.06, Word: 94.26, Topo: 99.25, Assm: 96.01, PNorm: 285.10, GNorm: 13.13
Wloss: 2.42, Tloss: 0.53, Aloss: 0.43
[1][5580] Beta: 0.000, KL: 803.52, Word: 94.39, Topo: 99.20, Assm: 96.61, PNorm: 285.52, GNorm: 17.19
Wloss: 2.40, Tloss: 0.58, Aloss: 0.37
[1][5630] Beta: 0.000, KL: 800.73, Word: 93.74, Topo: 99.17, Assm: 96.68, PNorm: 285.95, GNorm: 12.78
Wloss: 2.63, Tloss: 0.56, Aloss: 0.39
[1][5680] Beta: 0.000, KL: 814.57, Word: 94.06, Topo: 99.26, Assm: 96.79, PNorm: 286.40, GNorm: 16.57
Wloss: 2.53, Tloss: 0.53, Aloss: 0.35
[1][5730] Beta: 0.000, KL: 794.89, Word: 93.69, Topo: 99.15, Assm: 96.72, PNorm: 286.89, GNorm: 15.18
Wloss: 2.71, Tloss: 0.61, Aloss: 0.36
[1][5780] Beta: 0.000, KL: 784.97, Word: 93.91, Topo: 99.18, Assm: 97.11, PNorm: 287.39, GNorm: 18.31
Wloss: 2.62, Tloss: 0.56, Aloss: 0.32
[1][5830] Beta: 0.000, KL: 791.27, Word: 94.00, Topo: 99.21, Assm: 96.60, PNorm: 287.91, GNorm: 19.42
Wloss: 2.60, Tloss: 0.56, Aloss: 0.39
[1][5880] Beta: 0.000, KL: 784.70, Word: 94.21, Topo: 99.20, Assm: 97.06, PNorm: 288.38, GNorm: 15.99
Wloss: 2.43, Tloss: 0.55, Aloss: 0.33
[1][5930] Beta: 0.000, KL: 790.57, Word: 93.98, Topo: 99.26, Assm: 96.47, PNorm: 288.86, GNorm: 12.08
Wloss: 2.62, Tloss: 0.54, Aloss: 0.38
[1][5980] Beta: 0.000, KL: 785.43, Word: 94.21, Topo: 99.14, Assm: 96.40, PNorm: 289.32, GNorm: 17.71
Wloss: 2.50, Tloss: 0.61, Aloss: 0.39
[1][6030] Beta: 0.000, KL: 784.08, Word: 94.12, Topo: 99.14, Assm: 96.93, PNorm: 289.77, GNorm: 14.58
Wloss: 2.52, Tloss: 0.60, Aloss: 0.36
[1][6080] Beta: 0.000, KL: 784.64, Word: 93.97, Topo: 99.17, Assm: 96.97, PNorm: 290.19, GNorm: 19.29
Wloss: 2.52, Tloss: 0.62, Aloss: 0.35
[1][6130] Beta: 0.000, KL: 787.35, Word: 94.44, Topo: 99.29, Assm: 96.91, PNorm: 290.60, GNorm: 15.58
Wloss: 2.46, Tloss: 0.56, Aloss: 0.33
[1][6180] Beta: 0.000, KL: 787.78, Word: 93.72, Topo: 99.09, Assm: 97.01, PNorm: 291.09, GNorm: 19.35
Wloss: 2.73, Tloss: 0.64, Aloss: 0.36
[1][6230] Beta: 0.000, KL: 782.69, Word: 93.96, Topo: 99.21, Assm: 96.85, PNorm: 291.56, GNorm: 15.42
Wloss: 2.63, Tloss: 0.57, Aloss: 0.35
[1][6280] Beta: 0.000, KL: 784.00, Word: 94.26, Topo: 99.19, Assm: 96.73, PNorm: 292.03, GNorm: 15.57
Wloss: 2.51, Tloss: 0.59, Aloss: 0.35
[1][6330] Beta: 0.000, KL: 773.68, Word: 94.20, Topo: 99.27, Assm: 97.06, PNorm: 292.50, GNorm: 14.63
Wloss: 2.52, Tloss: 0.53, Aloss: 0.36
[1][6380] Beta: 0.000, KL: 777.77, Word: 94.37, Topo: 99.18, Assm: 96.71, PNorm: 292.91, GNorm: 15.16
Wloss: 2.40, Tloss: 0.59, Aloss: 0.35
[1][6430] Beta: 0.000, KL: 771.68, Word: 94.11, Topo: 99.15, Assm: 96.84, PNorm: 293.32, GNorm: 17.09
Wloss: 2.53, Tloss: 0.58, Aloss: 0.33
[1][6480] Beta: 0.000, KL: 790.29, Word: 94.59, Topo: 99.25, Assm: 96.93, PNorm: 293.86, GNorm: 16.67
Wloss: 2.36, Tloss: 0.53, Aloss: 0.37
[1][6530] Beta: 0.000, KL: 791.63, Word: 94.37, Topo: 99.15, Assm: 96.92, PNorm: 294.33, GNorm: 13.29
Wloss: 2.51, Tloss: 0.64, Aloss: 0.35
[1][6580] Beta: 0.000, KL: 801.67, Word: 94.37, Topo: 99.07, Assm: 96.97, PNorm: 294.83, GNorm: 14.99
Wloss: 2.41, Tloss: 0.65, Aloss: 0.35
[1][6630] Beta: 0.000, KL: 778.21, Word: 94.32, Topo: 99.26, Assm: 96.32, PNorm: 295.27, GNorm: 14.48
Wloss: 2.48, Tloss: 0.53, Aloss: 0.40
[1][6680] Beta: 0.000, KL: 776.31, Word: 94.53, Topo: 99.30, Assm: 96.73, PNorm: 295.74, GNorm: 16.06
Wloss: 2.29, Tloss: 0.49, Aloss: 0.38
[1][6730] Beta: 0.000, KL: 776.51, Word: 94.19, Topo: 99.20, Assm: 97.26, PNorm: 296.22, GNorm: 13.89
Wloss: 2.47, Tloss: 0.57, Aloss: 0.34
[1][6780] Beta: 0.000, KL: 796.17, Word: 94.38, Topo: 99.17, Assm: 96.53, PNorm: 296.67, GNorm: 13.60
Wloss: 2.49, Tloss: 0.56, Aloss: 0.44
[1][6830] Beta: 0.000, KL: 770.45, Word: 94.31, Topo: 99.30, Assm: 97.21, PNorm: 297.15, GNorm: 13.84
Wloss: 2.45, Tloss: 0.51, Aloss: 0.32
Cosume Time per Epoch 1:37:05.766909
EPOCH: 3 | TIME: 2020-03-13 17:09:59.493736 
[2][10] Beta: 0.000, KL: 770.95, Word: 94.47, Topo: 99.31, Assm: 96.89, PNorm: 297.59, GNorm: 21.28
Wloss: 2.35, Tloss: 0.47, Aloss: 0.32
[2][60] Beta: 0.000, KL: 805.76, Word: 94.21, Topo: 99.19, Assm: 97.31, PNorm: 298.02, GNorm: 18.11
Wloss: 2.58, Tloss: 0.60, Aloss: 0.31
[2][110] Beta: 0.000, KL: 778.40, Word: 94.52, Topo: 99.19, Assm: 96.63, PNorm: 298.47, GNorm: 17.87
Wloss: 2.39, Tloss: 0.58, Aloss: 0.39
[2][160] Beta: 0.000, KL: 778.97, Word: 94.43, Topo: 99.25, Assm: 96.94, PNorm: 298.94, GNorm: 14.24
Wloss: 2.38, Tloss: 0.55, Aloss: 0.33
[2][210] Beta: 0.000, KL: 773.58, Word: 94.50, Topo: 99.31, Assm: 97.21, PNorm: 299.37, GNorm: 13.44
Wloss: 2.47, Tloss: 0.52, Aloss: 0.30
[2][260] Beta: 0.000, KL: 783.74, Word: 94.30, Topo: 99.14, Assm: 97.12, PNorm: 299.80, GNorm: 10.68
Wloss: 2.52, Tloss: 0.58, Aloss: 0.34
[2][310] Beta: 0.000, KL: 770.05, Word: 94.59, Topo: 99.19, Assm: 97.08, PNorm: 300.23, GNorm: 17.16
Wloss: 2.33, Tloss: 0.54, Aloss: 0.31
[2][360] Beta: 0.000, KL: 770.78, Word: 94.19, Topo: 99.21, Assm: 96.84, PNorm: 300.69, GNorm: 15.60
Wloss: 2.44, Tloss: 0.55, Aloss: 0.34
[2][410] Beta: 0.000, KL: 780.37, Word: 93.93, Topo: 99.16, Assm: 96.97, PNorm: 301.18, GNorm: 15.22
Wloss: 2.60, Tloss: 0.60, Aloss: 0.33
[2][460] Beta: 0.000, KL: 776.50, Word: 94.56, Topo: 99.29, Assm: 97.56, PNorm: 301.67, GNorm: 15.22
Wloss: 2.37, Tloss: 0.57, Aloss: 0.30
[2][510] Beta: 0.000, KL: 778.54, Word: 94.48, Topo: 99.26, Assm: 97.41, PNorm: 302.10, GNorm: 15.48
Wloss: 2.41, Tloss: 0.52, Aloss: 0.30
[2][560] Beta: 0.000, KL: 770.50, Word: 94.64, Topo: 99.15, Assm: 97.57, PNorm: 302.48, GNorm: 13.28
Wloss: 2.21, Tloss: 0.59, Aloss: 0.27
[2][610] Beta: 0.000, KL: 770.93, Word: 94.18, Topo: 99.22, Assm: 96.45, PNorm: 302.91, GNorm: 16.48
Wloss: 2.46, Tloss: 0.58, Aloss: 0.41
[2][660] Beta: 0.000, KL: 757.95, Word: 94.27, Topo: 99.24, Assm: 96.91, PNorm: 303.36, GNorm: 13.99
Wloss: 2.37, Tloss: 0.54, Aloss: 0.36
[2][710] Beta: 0.000, KL: 758.56, Word: 94.93, Topo: 99.24, Assm: 96.94, PNorm: 303.74, GNorm: 13.50
Wloss: 2.19, Tloss: 0.53, Aloss: 0.34
[2][760] Beta: 0.000, KL: 751.50, Word: 95.03, Topo: 99.29, Assm: 96.77, PNorm: 304.16, GNorm: 17.99
Wloss: 2.09, Tloss: 0.50, Aloss: 0.36
[2][810] Beta: 0.000, KL: 747.77, Word: 94.61, Topo: 99.23, Assm: 97.29, PNorm: 304.59, GNorm: 14.32
Wloss: 2.37, Tloss: 0.51, Aloss: 0.28
[2][860] Beta: 0.000, KL: 751.49, Word: 94.76, Topo: 99.24, Assm: 97.23, PNorm: 305.02, GNorm: 17.30
Wloss: 2.30, Tloss: 0.55, Aloss: 0.32
[2][910] Beta: 0.000, KL: 760.45, Word: 94.31, Topo: 99.27, Assm: 97.27, PNorm: 305.40, GNorm: 17.36
Wloss: 2.33, Tloss: 0.50, Aloss: 0.33
[2][960] Beta: 0.000, KL: 760.12, Word: 94.38, Topo: 99.28, Assm: 97.28, PNorm: 305.83, GNorm: 16.44
Wloss: 2.36, Tloss: 0.55, Aloss: 0.31
[2][1010] Beta: 0.000, KL: 767.92, Word: 94.76, Topo: 99.22, Assm: 97.00, PNorm: 306.26, GNorm: 18.36
Wloss: 2.24, Tloss: 0.57, Aloss: 0.33
[2][1060] Beta: 0.000, KL: 757.33, Word: 94.56, Topo: 99.23, Assm: 97.28, PNorm: 306.70, GNorm: 15.11
Wloss: 2.31, Tloss: 0.57, Aloss: 0.32
[2][1110] Beta: 0.000, KL: 779.41, Word: 94.47, Topo: 99.26, Assm: 97.02, PNorm: 307.19, GNorm: 15.98
Wloss: 2.49, Tloss: 0.54, Aloss: 0.32
[2][1160] Beta: 0.000, KL: 760.47, Word: 94.55, Topo: 99.30, Assm: 97.11, PNorm: 307.59, GNorm: 13.51
Wloss: 2.33, Tloss: 0.50, Aloss: 0.31
[2][1210] Beta: 0.000, KL: 759.28, Word: 94.29, Topo: 99.23, Assm: 96.92, PNorm: 308.05, GNorm: 15.86
Wloss: 2.42, Tloss: 0.53, Aloss: 0.36
[2][1260] Beta: 0.000, KL: 761.22, Word: 94.54, Topo: 99.27, Assm: 97.14, PNorm: 308.46, GNorm: 13.97
Wloss: 2.41, Tloss: 0.51, Aloss: 0.34
[2][1310] Beta: 0.000, KL: 754.49, Word: 94.94, Topo: 99.29, Assm: 97.62, PNorm: 308.86, GNorm: 17.31
Wloss: 2.15, Tloss: 0.51, Aloss: 0.27
[2][1360] Beta: 0.000, KL: 767.50, Word: 94.86, Topo: 99.23, Assm: 97.43, PNorm: 309.22, GNorm: 16.86
Wloss: 2.22, Tloss: 0.57, Aloss: 0.30
[2][1410] Beta: 0.000, KL: 755.66, Word: 94.30, Topo: 99.24, Assm: 97.07, PNorm: 309.71, GNorm: 12.76
Wloss: 2.43, Tloss: 0.54, Aloss: 0.32
[2][1460] Beta: 0.000, KL: 751.44, Word: 94.29, Topo: 99.17, Assm: 97.15, PNorm: 310.12, GNorm: 15.18
Wloss: 2.34, Tloss: 0.57, Aloss: 0.32
[2][1510] Beta: 0.000, KL: 756.62, Word: 94.82, Topo: 99.28, Assm: 97.46, PNorm: 310.56, GNorm: 16.66
Wloss: 2.20, Tloss: 0.56, Aloss: 0.29
[2][1560] Beta: 0.000, KL: 759.47, Word: 94.57, Topo: 99.24, Assm: 96.92, PNorm: 311.02, GNorm: 16.33
Wloss: 2.37, Tloss: 0.56, Aloss: 0.36
[2][1610] Beta: 0.000, KL: 746.05, Word: 94.75, Topo: 99.29, Assm: 96.85, PNorm: 311.64, GNorm: 17.04
Wloss: 2.23, Tloss: 0.52, Aloss: 0.35
[2][1660] Beta: 0.000, KL: 756.43, Word: 94.42, Topo: 99.27, Assm: 97.57, PNorm: 312.08, GNorm: 12.43
Wloss: 2.35, Tloss: 0.51, Aloss: 0.28
[2][1710] Beta: 0.000, KL: 758.99, Word: 94.61, Topo: 99.32, Assm: 96.96, PNorm: 312.51, GNorm: 11.94
Wloss: 2.26, Tloss: 0.48, Aloss: 0.35
[2][1760] Beta: 0.000, KL: 754.80, Word: 94.02, Topo: 99.28, Assm: 97.17, PNorm: 313.01, GNorm: 17.82
Wloss: 2.47, Tloss: 0.52, Aloss: 0.32
[2][1810] Beta: 0.000, KL: 753.02, Word: 94.35, Topo: 99.23, Assm: 97.25, PNorm: 313.44, GNorm: 18.70
Wloss: 2.40, Tloss: 0.57, Aloss: 0.29
[2][1860] Beta: 0.000, KL: 763.85, Word: 94.39, Topo: 99.24, Assm: 97.10, PNorm: 313.94, GNorm: 14.78
Wloss: 2.40, Tloss: 0.53, Aloss: 0.37
[2][1910] Beta: 0.000, KL: 756.02, Word: 94.59, Topo: 99.34, Assm: 96.98, PNorm: 314.41, GNorm: 19.33
Wloss: 2.36, Tloss: 0.51, Aloss: 0.34
[2][1960] Beta: 0.000, KL: 756.37, Word: 94.66, Topo: 99.35, Assm: 97.37, PNorm: 314.85, GNorm: 13.08
Wloss: 2.26, Tloss: 0.47, Aloss: 0.30
[2][2010] Beta: 0.000, KL: 757.28, Word: 94.68, Topo: 99.25, Assm: 96.89, PNorm: 315.25, GNorm: 12.31
Wloss: 2.32, Tloss: 0.54, Aloss: 0.34
[2][2060] Beta: 0.000, KL: 747.91, Word: 94.72, Topo: 99.22, Assm: 97.03, PNorm: 315.70, GNorm: 14.83
Wloss: 2.30, Tloss: 0.56, Aloss: 0.36
[2][2110] Beta: 0.000, KL: 740.24, Word: 94.81, Topo: 99.34, Assm: 97.50, PNorm: 316.12, GNorm: 15.94
Wloss: 2.20, Tloss: 0.46, Aloss: 0.28
[2][2160] Beta: 0.000, KL: 737.70, Word: 94.75, Topo: 99.33, Assm: 97.08, PNorm: 316.51, GNorm: 11.19
Wloss: 2.25, Tloss: 0.48, Aloss: 0.33
[2][2210] Beta: 0.000, KL: 739.58, Word: 94.53, Topo: 99.28, Assm: 97.56, PNorm: 316.96, GNorm: 18.19
Wloss: 2.30, Tloss: 0.49, Aloss: 0.28
[2][2260] Beta: 0.000, KL: 744.91, Word: 94.55, Topo: 99.27, Assm: 97.11, PNorm: 317.41, GNorm: 14.29
Wloss: 2.34, Tloss: 0.50, Aloss: 0.33
[2][2310] Beta: 0.000, KL: 745.44, Word: 94.89, Topo: 99.33, Assm: 97.77, PNorm: 317.85, GNorm: 15.87
Wloss: 2.20, Tloss: 0.48, Aloss: 0.24
[2][2360] Beta: 0.000, KL: 748.02, Word: 94.84, Topo: 99.29, Assm: 97.29, PNorm: 318.27, GNorm: 12.90
Wloss: 2.17, Tloss: 0.52, Aloss: 0.28
[2][2410] Beta: 0.000, KL: 741.81, Word: 94.81, Topo: 99.32, Assm: 97.32, PNorm: 318.68, GNorm: 17.21
Wloss: 2.29, Tloss: 0.53, Aloss: 0.31
[2][2460] Beta: 0.000, KL: 723.41, Word: 95.00, Topo: 99.35, Assm: 96.96, PNorm: 319.05, GNorm: 15.86
Wloss: 2.10, Tloss: 0.45, Aloss: 0.34
[2][2510] Beta: 0.000, KL: 741.20, Word: 94.54, Topo: 99.26, Assm: 97.09, PNorm: 319.52, GNorm: 16.92
Wloss: 2.28, Tloss: 0.53, Aloss: 0.32
[2][2560] Beta: 0.000, KL: 741.81, Word: 94.78, Topo: 99.24, Assm: 97.28, PNorm: 319.93, GNorm: 11.63
Wloss: 2.25, Tloss: 0.53, Aloss: 0.30
[2][2610] Beta: 0.000, KL: 726.81, Word: 95.03, Topo: 99.37, Assm: 97.41, PNorm: 320.30, GNorm: 14.93
Wloss: 2.14, Tloss: 0.48, Aloss: 0.31
[2][2660] Beta: 0.000, KL: 721.70, Word: 94.31, Topo: 99.30, Assm: 96.84, PNorm: 320.72, GNorm: 16.37
Wloss: 2.34, Tloss: 0.53, Aloss: 0.40
[2][2710] Beta: 0.000, KL: 727.04, Word: 94.90, Topo: 99.28, Assm: 97.02, PNorm: 321.17, GNorm: 15.97
Wloss: 2.20, Tloss: 0.52, Aloss: 0.31
[2][2760] Beta: 0.000, KL: 731.29, Word: 94.34, Topo: 99.16, Assm: 97.41, PNorm: 321.65, GNorm: 16.86
Wloss: 2.41, Tloss: 0.61, Aloss: 0.32
[2][2810] Beta: 0.000, KL: 728.58, Word: 94.71, Topo: 99.29, Assm: 97.27, PNorm: 322.10, GNorm: 14.83
Wloss: 2.22, Tloss: 0.49, Aloss: 0.30
[2][2860] Beta: 0.000, KL: 729.28, Word: 94.82, Topo: 99.33, Assm: 97.73, PNorm: 322.48, GNorm: 14.98
Wloss: 2.22, Tloss: 0.49, Aloss: 0.25
[2][2910] Beta: 0.000, KL: 727.68, Word: 94.39, Topo: 99.25, Assm: 97.10, PNorm: 322.96, GNorm: 12.58
Wloss: 2.43, Tloss: 0.50, Aloss: 0.32
[2][2960] Beta: 0.000, KL: 730.13, Word: 94.86, Topo: 99.32, Assm: 97.35, PNorm: 323.42, GNorm: 14.98
Wloss: 2.17, Tloss: 0.48, Aloss: 0.31
[2][3010] Beta: 0.000, KL: 725.19, Word: 95.13, Topo: 99.28, Assm: 97.18, PNorm: 323.80, GNorm: 11.57
Wloss: 2.13, Tloss: 0.48, Aloss: 0.34
[2][3060] Beta: 0.000, KL: 728.07, Word: 95.09, Topo: 99.34, Assm: 97.09, PNorm: 324.16, GNorm: 11.22
Wloss: 2.09, Tloss: 0.49, Aloss: 0.34
[2][3110] Beta: 0.000, KL: 732.86, Word: 94.44, Topo: 99.41, Assm: 97.32, PNorm: 324.65, GNorm: 10.69
Wloss: 2.36, Tloss: 0.47, Aloss: 0.29
[2][3160] Beta: 0.000, KL: 728.07, Word: 94.87, Topo: 99.30, Assm: 97.46, PNorm: 325.06, GNorm: 23.86
Wloss: 2.21, Tloss: 0.50, Aloss: 0.30
[2][3210] Beta: 0.000, KL: 716.89, Word: 94.81, Topo: 99.39, Assm: 97.74, PNorm: 325.47, GNorm: 18.20
Wloss: 2.19, Tloss: 0.46, Aloss: 0.27
[2][3260] Beta: 0.000, KL: 709.46, Word: 94.95, Topo: 99.30, Assm: 97.08, PNorm: 325.87, GNorm: 21.20
Wloss: 2.15, Tloss: 0.51, Aloss: 0.32
[2][3310] Beta: 0.000, KL: 716.95, Word: 95.03, Topo: 99.30, Assm: 97.46, PNorm: 326.43, GNorm: 13.59
Wloss: 2.14, Tloss: 0.49, Aloss: 0.29
[2][3360] Beta: 0.000, KL: 720.55, Word: 94.64, Topo: 99.24, Assm: 97.28, PNorm: 326.87, GNorm: 12.89
Wloss: 2.32, Tloss: 0.53, Aloss: 0.32
[2][3410] Beta: 0.000, KL: 706.94, Word: 94.93, Topo: 99.29, Assm: 97.39, PNorm: 327.26, GNorm: 21.01
Wloss: 2.23, Tloss: 0.53, Aloss: 0.28
[2][3460] Beta: 0.000, KL: 720.11, Word: 94.57, Topo: 99.29, Assm: 97.22, PNorm: 327.74, GNorm: 14.19
Wloss: 2.37, Tloss: 0.50, Aloss: 0.32
[2][3510] Beta: 0.000, KL: 710.17, Word: 95.05, Topo: 99.30, Assm: 97.69, PNorm: 328.12, GNorm: 17.73
Wloss: 2.07, Tloss: 0.50, Aloss: 0.26
[2][3560] Beta: 0.000, KL: 720.46, Word: 94.90, Topo: 99.35, Assm: 97.62, PNorm: 328.55, GNorm: 13.82
Wloss: 2.22, Tloss: 0.47, Aloss: 0.26
[2][3610] Beta: 0.000, KL: 704.37, Word: 95.13, Topo: 99.33, Assm: 97.42, PNorm: 328.91, GNorm: 17.32
Wloss: 2.03, Tloss: 0.48, Aloss: 0.29
[2][3660] Beta: 0.000, KL: 714.24, Word: 94.67, Topo: 99.37, Assm: 96.97, PNorm: 329.31, GNorm: 16.26
Wloss: 2.31, Tloss: 0.46, Aloss: 0.33
[2][3710] Beta: 0.000, KL: 710.53, Word: 95.19, Topo: 99.34, Assm: 97.74, PNorm: 329.69, GNorm: 15.44
Wloss: 2.00, Tloss: 0.46, Aloss: 0.24
[2][3760] Beta: 0.000, KL: 717.74, Word: 94.57, Topo: 99.19, Assm: 97.35, PNorm: 330.06, GNorm: 18.39
Wloss: 2.30, Tloss: 0.56, Aloss: 0.32
[2][3810] Beta: 0.000, KL: 708.84, Word: 94.87, Topo: 99.33, Assm: 97.49, PNorm: 330.48, GNorm: 10.23
Wloss: 2.24, Tloss: 0.49, Aloss: 0.27
[2][3860] Beta: 0.000, KL: 709.89, Word: 95.05, Topo: 99.36, Assm: 97.56, PNorm: 330.85, GNorm: 12.49
Wloss: 2.13, Tloss: 0.45, Aloss: 0.31
[2][3910] Beta: 0.000, KL: 726.76, Word: 94.95, Topo: 99.38, Assm: 97.83, PNorm: 331.25, GNorm: 15.82
Wloss: 2.10, Tloss: 0.47, Aloss: 0.25
[2][3960] Beta: 0.000, KL: 717.11, Word: 94.96, Topo: 99.38, Assm: 97.10, PNorm: 331.67, GNorm: 18.41
Wloss: 2.17, Tloss: 0.45, Aloss: 0.31
[2][4010] Beta: 0.000, KL: 705.48, Word: 95.21, Topo: 99.41, Assm: 97.74, PNorm: 332.07, GNorm: 14.92
Wloss: 2.04, Tloss: 0.43, Aloss: 0.26
[2][4060] Beta: 0.000, KL: 713.57, Word: 94.78, Topo: 99.30, Assm: 97.65, PNorm: 332.47, GNorm: 17.16
Wloss: 2.21, Tloss: 0.50, Aloss: 0.28
[2][4110] Beta: 0.000, KL: 699.84, Word: 94.90, Topo: 99.36, Assm: 97.22, PNorm: 332.87, GNorm: 16.14
Wloss: 2.12, Tloss: 0.48, Aloss: 0.29
[2][4160] Beta: 0.000, KL: 712.70, Word: 95.05, Topo: 99.34, Assm: 97.06, PNorm: 333.25, GNorm: 13.68
Wloss: 2.11, Tloss: 0.47, Aloss: 0.33
[2][4210] Beta: 0.000, KL: 708.31, Word: 94.93, Topo: 99.37, Assm: 97.47, PNorm: 333.61, GNorm: 13.72
Wloss: 2.08, Tloss: 0.45, Aloss: 0.28
[2][4260] Beta: 0.000, KL: 714.43, Word: 94.71, Topo: 99.34, Assm: 97.44, PNorm: 334.01, GNorm: 13.94
Wloss: 2.25, Tloss: 0.45, Aloss: 0.28
[2][4310] Beta: 0.000, KL: 717.54, Word: 94.61, Topo: 99.33, Assm: 97.05, PNorm: 334.41, GNorm: 14.21
Wloss: 2.28, Tloss: 0.48, Aloss: 0.31
[2][4360] Beta: 0.000, KL: 707.72, Word: 95.16, Topo: 99.34, Assm: 97.66, PNorm: 334.75, GNorm: 19.23
Wloss: 2.08, Tloss: 0.44, Aloss: 0.26
[2][4410] Beta: 0.000, KL: 700.22, Word: 95.13, Topo: 99.39, Assm: 97.34, PNorm: 335.12, GNorm: 18.96
Wloss: 2.05, Tloss: 0.46, Aloss: 0.31
[2][4460] Beta: 0.000, KL: 702.76, Word: 94.90, Topo: 99.34, Assm: 97.48, PNorm: 335.52, GNorm: 11.75
Wloss: 2.16, Tloss: 0.45, Aloss: 0.28
[2][4510] Beta: 0.000, KL: 710.25, Word: 95.27, Topo: 99.32, Assm: 97.60, PNorm: 335.90, GNorm: 14.46
Wloss: 2.02, Tloss: 0.47, Aloss: 0.28
[2][4560] Beta: 0.000, KL: 691.37, Word: 95.32, Topo: 99.36, Assm: 97.36, PNorm: 336.27, GNorm: 18.22
Wloss: 1.97, Tloss: 0.46, Aloss: 0.30
[2][4610] Beta: 0.000, KL: 689.46, Word: 95.00, Topo: 99.43, Assm: 97.31, PNorm: 336.67, GNorm: 13.07
Wloss: 2.14, Tloss: 0.43, Aloss: 0.33
[2][4660] Beta: 0.000, KL: 687.63, Word: 94.69, Topo: 99.31, Assm: 97.41, PNorm: 337.07, GNorm: 10.99
Wloss: 2.16, Tloss: 0.49, Aloss: 0.29
[2][4710] Beta: 0.000, KL: 693.78, Word: 95.01, Topo: 99.32, Assm: 97.38, PNorm: 337.49, GNorm: 15.42
Wloss: 2.14, Tloss: 0.49, Aloss: 0.29
[2][4760] Beta: 0.000, KL: 697.01, Word: 94.62, Topo: 99.30, Assm: 97.06, PNorm: 337.94, GNorm: 14.34
Wloss: 2.25, Tloss: 0.50, Aloss: 0.32
[2][4810] Beta: 0.000, KL: 691.02, Word: 95.32, Topo: 99.37, Assm: 97.78, PNorm: 338.31, GNorm: 12.17
Wloss: 2.03, Tloss: 0.46, Aloss: 0.27
[2][4860] Beta: 0.000, KL: 687.45, Word: 94.85, Topo: 99.29, Assm: 97.35, PNorm: 338.74, GNorm: 15.29
Wloss: 2.19, Tloss: 0.48, Aloss: 0.30
[2][4910] Beta: 0.000, KL: 681.72, Word: 95.41, Topo: 99.41, Assm: 97.26, PNorm: 339.13, GNorm: 14.44
Wloss: 1.92, Tloss: 0.45, Aloss: 0.32
[2][4960] Beta: 0.000, KL: 698.30, Word: 94.71, Topo: 99.32, Assm: 97.05, PNorm: 339.53, GNorm: 14.47
Wloss: 2.23, Tloss: 0.46, Aloss: 0.32
[2][5010] Beta: 0.000, KL: 694.19, Word: 95.17, Topo: 99.36, Assm: 97.34, PNorm: 339.91, GNorm: 10.24
Wloss: 2.02, Tloss: 0.47, Aloss: 0.27
[2][5060] Beta: 0.000, KL: 703.27, Word: 95.15, Topo: 99.37, Assm: 97.45, PNorm: 340.30, GNorm: 13.65
Wloss: 2.08, Tloss: 0.44, Aloss: 0.26
[2][5110] Beta: 0.000, KL: 697.06, Word: 94.96, Topo: 99.40, Assm: 96.94, PNorm: 340.69, GNorm: 12.35
Wloss: 2.06, Tloss: 0.42, Aloss: 0.31
[2][5160] Beta: 0.000, KL: 699.50, Word: 94.63, Topo: 99.32, Assm: 97.19, PNorm: 341.06, GNorm: 10.78
Wloss: 2.25, Tloss: 0.47, Aloss: 0.29
[2][5210] Beta: 0.000, KL: 695.42, Word: 95.23, Topo: 99.37, Assm: 97.64, PNorm: 341.45, GNorm: 15.34
Wloss: 2.01, Tloss: 0.44, Aloss: 0.27
[2][5260] Beta: 0.000, KL: 690.60, Word: 94.94, Topo: 99.33, Assm: 97.23, PNorm: 341.87, GNorm: 14.60
Wloss: 2.15, Tloss: 0.50, Aloss: 0.30
[2][5310] Beta: 0.000, KL: 689.86, Word: 94.94, Topo: 99.36, Assm: 97.59, PNorm: 342.25, GNorm: 22.72
Wloss: 2.06, Tloss: 0.46, Aloss: 0.26
[2][5360] Beta: 0.000, KL: 695.85, Word: 94.96, Topo: 99.35, Assm: 97.37, PNorm: 342.67, GNorm: 15.65
Wloss: 2.18, Tloss: 0.45, Aloss: 0.29
[2][5410] Beta: 0.000, KL: 690.30, Word: 94.97, Topo: 99.39, Assm: 97.33, PNorm: 343.12, GNorm: 12.24
Wloss: 2.11, Tloss: 0.47, Aloss: 0.31
[2][5460] Beta: 0.000, KL: 689.53, Word: 94.82, Topo: 99.41, Assm: 97.39, PNorm: 343.47, GNorm: 16.56
Wloss: 2.20, Tloss: 0.44, Aloss: 0.30
[2][5510] Beta: 0.000, KL: 696.00, Word: 95.33, Topo: 99.39, Assm: 97.70, PNorm: 343.78, GNorm: 17.78
Wloss: 2.01, Tloss: 0.44, Aloss: 0.25
[2][5560] Beta: 0.000, KL: 700.03, Word: 95.10, Topo: 99.31, Assm: 97.80, PNorm: 344.12, GNorm: 20.63
Wloss: 2.07, Tloss: 0.48, Aloss: 0.25
[2][5610] Beta: 0.000, KL: 697.03, Word: 94.67, Topo: 99.30, Assm: 97.38, PNorm: 344.58, GNorm: 15.34
Wloss: 2.28, Tloss: 0.54, Aloss: 0.32
[2][5660] Beta: 0.000, KL: 689.91, Word: 95.18, Topo: 99.40, Assm: 97.57, PNorm: 344.95, GNorm: 15.35
Wloss: 2.11, Tloss: 0.45, Aloss: 0.27
[2][5710] Beta: 0.000, KL: 675.61, Word: 95.01, Topo: 99.41, Assm: 97.53, PNorm: 345.30, GNorm: 15.09
Wloss: 2.06, Tloss: 0.42, Aloss: 0.27
[2][5760] Beta: 0.000, KL: 696.12, Word: 95.10, Topo: 99.38, Assm: 97.77, PNorm: 345.65, GNorm: 13.97
Wloss: 2.09, Tloss: 0.44, Aloss: 0.25
[2][5810] Beta: 0.000, KL: 697.46, Word: 95.30, Topo: 99.33, Assm: 97.60, PNorm: 346.05, GNorm: 15.21
Wloss: 1.99, Tloss: 0.47, Aloss: 0.26
[2][5860] Beta: 0.000, KL: 687.91, Word: 95.36, Topo: 99.42, Assm: 97.82, PNorm: 346.47, GNorm: 22.59
Wloss: 2.03, Tloss: 0.44, Aloss: 0.25
[2][5910] Beta: 0.000, KL: 692.13, Word: 95.20, Topo: 99.35, Assm: 97.57, PNorm: 346.85, GNorm: 20.55
Wloss: 2.02, Tloss: 0.45, Aloss: 0.26
[2][5960] Beta: 0.000, KL: 692.29, Word: 94.96, Topo: 99.41, Assm: 97.76, PNorm: 347.26, GNorm: 13.31
Wloss: 2.12, Tloss: 0.45, Aloss: 0.27
[2][6010] Beta: 0.000, KL: 686.38, Word: 95.27, Topo: 99.43, Assm: 97.91, PNorm: 347.61, GNorm: 16.52
Wloss: 1.98, Tloss: 0.44, Aloss: 0.23
[2][6060] Beta: 0.000, KL: 678.26, Word: 95.15, Topo: 99.38, Assm: 97.69, PNorm: 347.93, GNorm: 16.94
Wloss: 2.11, Tloss: 0.46, Aloss: 0.25
[2][6110] Beta: 0.000, KL: 690.41, Word: 94.99, Topo: 99.29, Assm: 97.35, PNorm: 348.40, GNorm: 12.63
Wloss: 2.06, Tloss: 0.50, Aloss: 0.28
[2][6160] Beta: 0.000, KL: 677.66, Word: 95.21, Topo: 99.43, Assm: 97.67, PNorm: 348.76, GNorm: 15.21
Wloss: 2.01, Tloss: 0.40, Aloss: 0.27
[2][6210] Beta: 0.000, KL: 686.55, Word: 95.24, Topo: 99.45, Assm: 97.28, PNorm: 349.12, GNorm: 12.35
Wloss: 2.06, Tloss: 0.40, Aloss: 0.29
[2][6260] Beta: 0.000, KL: 682.56, Word: 95.10, Topo: 99.35, Assm: 97.54, PNorm: 349.48, GNorm: 19.96
Wloss: 2.04, Tloss: 0.45, Aloss: 0.26
[2][6310] Beta: 0.000, KL: 680.68, Word: 94.99, Topo: 99.44, Assm: 97.65, PNorm: 349.86, GNorm: 14.37
Wloss: 2.10, Tloss: 0.40, Aloss: 0.26
[2][6360] Beta: 0.000, KL: 676.67, Word: 95.13, Topo: 99.38, Assm: 98.24, PNorm: 350.22, GNorm: 14.55
Wloss: 2.05, Tloss: 0.42, Aloss: 0.21
[2][6410] Beta: 0.000, KL: 658.42, Word: 95.29, Topo: 99.42, Assm: 97.99, PNorm: 350.58, GNorm: 13.43
Wloss: 1.99, Tloss: 0.40, Aloss: 0.23
[2][6460] Beta: 0.000, KL: 667.53, Word: 95.11, Topo: 99.42, Assm: 98.00, PNorm: 350.93, GNorm: 13.08
Wloss: 2.07, Tloss: 0.43, Aloss: 0.24
[2][6510] Beta: 0.000, KL: 669.85, Word: 95.21, Topo: 99.39, Assm: 97.94, PNorm: 351.30, GNorm: 16.63
Wloss: 2.00, Tloss: 0.44, Aloss: 0.24
[2][6560] Beta: 0.000, KL: 664.16, Word: 95.24, Topo: 99.36, Assm: 97.34, PNorm: 351.70, GNorm: 16.23
Wloss: 2.02, Tloss: 0.47, Aloss: 0.29
[2][6610] Beta: 0.000, KL: 676.35, Word: 95.15, Topo: 99.46, Assm: 97.47, PNorm: 352.08, GNorm: 11.90
Wloss: 2.03, Tloss: 0.40, Aloss: 0.27
[2][6660] Beta: 0.000, KL: 670.48, Word: 95.07, Topo: 99.36, Assm: 97.76, PNorm: 352.52, GNorm: 12.31
Wloss: 2.09, Tloss: 0.45, Aloss: 0.29
[2][6710] Beta: 0.000, KL: 673.93, Word: 95.13, Topo: 99.44, Assm: 97.46, PNorm: 353.00, GNorm: 17.50
Wloss: 2.03, Tloss: 0.40, Aloss: 0.27
[2][6760] Beta: 0.000, KL: 679.15, Word: 94.94, Topo: 99.39, Assm: 97.39, PNorm: 353.42, GNorm: 13.22
Wloss: 2.09, Tloss: 0.45, Aloss: 0.29
[2][6810] Beta: 0.000, KL: 672.12, Word: 95.43, Topo: 99.37, Assm: 97.96, PNorm: 353.79, GNorm: 12.16
Wloss: 1.92, Tloss: 0.45, Aloss: 0.24
[2][6860] Beta: 0.000, KL: 669.78, Word: 95.37, Topo: 99.43, Assm: 97.65, PNorm: 354.15, GNorm: 16.82
Wloss: 2.03, Tloss: 0.41, Aloss: 0.26
Cosume Time per Epoch 1:34:01.225007
EPOCH: 4 | TIME: 2020-03-13 18:44:01.382461 
[3][40] Beta: 0.000, KL: 668.72, Word: 95.37, Topo: 99.41, Assm: 97.53, PNorm: 354.55, GNorm: 13.69
Wloss: 1.90, Tloss: 0.45, Aloss: 0.27
[3][90] Beta: 0.000, KL: 665.74, Word: 95.33, Topo: 99.41, Assm: 97.61, PNorm: 354.93, GNorm: 12.51
Wloss: 2.05, Tloss: 0.42, Aloss: 0.26
[3][140] Beta: 0.000, KL: 663.20, Word: 95.39, Topo: 99.48, Assm: 97.97, PNorm: 355.24, GNorm: 11.94
Wloss: 1.96, Tloss: 0.39, Aloss: 0.23
[3][190] Beta: 0.000, KL: 671.01, Word: 95.16, Topo: 99.42, Assm: 97.62, PNorm: 355.61, GNorm: 14.99
Wloss: 2.03, Tloss: 0.41, Aloss: 0.26
[3][240] Beta: 0.000, KL: 667.37, Word: 94.95, Topo: 99.40, Assm: 97.53, PNorm: 355.99, GNorm: 12.60
Wloss: 2.07, Tloss: 0.45, Aloss: 0.29
[3][290] Beta: 0.000, KL: 672.40, Word: 95.10, Topo: 99.30, Assm: 97.80, PNorm: 356.37, GNorm: 12.22
Wloss: 2.02, Tloss: 0.51, Aloss: 0.25
[3][340] Beta: 0.000, KL: 661.37, Word: 95.32, Topo: 99.42, Assm: 97.81, PNorm: 356.73, GNorm: 18.51
Wloss: 1.96, Tloss: 0.44, Aloss: 0.24
[3][390] Beta: 0.000, KL: 663.94, Word: 95.15, Topo: 99.37, Assm: 97.48, PNorm: 357.10, GNorm: 14.56
Wloss: 2.06, Tloss: 0.44, Aloss: 0.30
[3][440] Beta: 0.000, KL: 654.86, Word: 95.25, Topo: 99.37, Assm: 97.57, PNorm: 357.45, GNorm: 9.91
Wloss: 1.99, Tloss: 0.47, Aloss: 0.27
[3][490] Beta: 0.000, KL: 656.69, Word: 95.63, Topo: 99.35, Assm: 97.76, PNorm: 357.77, GNorm: 12.96
Wloss: 1.91, Tloss: 0.48, Aloss: 0.28
[3][540] Beta: 0.000, KL: 650.88, Word: 95.26, Topo: 99.38, Assm: 97.56, PNorm: 358.13, GNorm: 12.87
Wloss: 2.00, Tloss: 0.45, Aloss: 0.28
[3][590] Beta: 0.000, KL: 661.57, Word: 95.06, Topo: 99.39, Assm: 97.31, PNorm: 358.49, GNorm: 20.78
Wloss: 2.06, Tloss: 0.43, Aloss: 0.34
[3][640] Beta: 0.000, KL: 656.43, Word: 94.88, Topo: 99.32, Assm: 97.30, PNorm: 358.90, GNorm: 16.61
Wloss: 2.17, Tloss: 0.49, Aloss: 0.28
[3][690] Beta: 0.000, KL: 662.87, Word: 95.06, Topo: 99.37, Assm: 97.69, PNorm: 359.30, GNorm: 15.19
Wloss: 2.10, Tloss: 0.45, Aloss: 0.25
[3][740] Beta: 0.000, KL: 661.97, Word: 95.00, Topo: 99.35, Assm: 97.89, PNorm: 359.68, GNorm: 13.80
Wloss: 2.06, Tloss: 0.46, Aloss: 0.24
[3][790] Beta: 0.000, KL: 657.09, Word: 95.18, Topo: 99.31, Assm: 97.60, PNorm: 360.04, GNorm: 14.40
Wloss: 2.02, Tloss: 0.48, Aloss: 0.27
[3][840] Beta: 0.000, KL: 658.46, Word: 95.10, Topo: 99.41, Assm: 97.84, PNorm: 360.42, GNorm: 11.57
Wloss: 1.98, Tloss: 0.43, Aloss: 0.24
[3][890] Beta: 0.000, KL: 660.09, Word: 95.60, Topo: 99.46, Assm: 98.01, PNorm: 360.76, GNorm: 10.43
Wloss: 1.85, Tloss: 0.39, Aloss: 0.22
[3][940] Beta: 0.000, KL: 670.12, Word: 95.45, Topo: 99.48, Assm: 97.84, PNorm: 361.09, GNorm: 13.93
Wloss: 1.83, Tloss: 0.41, Aloss: 0.23
[3][990] Beta: 0.000, KL: 669.61, Word: 95.27, Topo: 99.44, Assm: 97.76, PNorm: 361.42, GNorm: 15.89
Wloss: 2.01, Tloss: 0.41, Aloss: 0.23
[3][1040] Beta: 0.000, KL: 662.71, Word: 95.18, Topo: 99.41, Assm: 97.53, PNorm: 361.77, GNorm: 15.55
Wloss: 1.99, Tloss: 0.44, Aloss: 0.26
[3][1090] Beta: 0.000, KL: 654.46, Word: 95.33, Topo: 99.32, Assm: 97.82, PNorm: 362.11, GNorm: 16.02
Wloss: 1.95, Tloss: 0.46, Aloss: 0.25
[3][1140] Beta: 0.000, KL: 676.44, Word: 95.54, Topo: 99.46, Assm: 97.93, PNorm: 362.46, GNorm: 11.98
Wloss: 1.91, Tloss: 0.40, Aloss: 0.23
[3][1190] Beta: 0.000, KL: 650.70, Word: 95.58, Topo: 99.44, Assm: 97.98, PNorm: 362.79, GNorm: 16.83
Wloss: 1.87, Tloss: 0.40, Aloss: 0.20
[3][1240] Beta: 0.000, KL: 651.35, Word: 95.46, Topo: 99.44, Assm: 97.61, PNorm: 363.12, GNorm: 11.56
Wloss: 1.92, Tloss: 0.40, Aloss: 0.25
[3][1290] Beta: 0.000, KL: 667.95, Word: 95.60, Topo: 99.34, Assm: 97.96, PNorm: 363.46, GNorm: 15.22
Wloss: 1.94, Tloss: 0.47, Aloss: 0.24
[3][1340] Beta: 0.000, KL: 652.05, Word: 95.51, Topo: 99.41, Assm: 97.61, PNorm: 363.83, GNorm: 18.62
Wloss: 1.90, Tloss: 0.43, Aloss: 0.28
[3][1390] Beta: 0.000, KL: 658.39, Word: 95.36, Topo: 99.32, Assm: 97.66, PNorm: 364.18, GNorm: 15.90
Wloss: 1.95, Tloss: 0.49, Aloss: 0.27
[3][1440] Beta: 0.000, KL: 659.04, Word: 95.25, Topo: 99.36, Assm: 97.69, PNorm: 364.55, GNorm: 15.10
Wloss: 1.97, Tloss: 0.45, Aloss: 0.27
[3][1490] Beta: 0.000, KL: 660.82, Word: 95.37, Topo: 99.49, Assm: 97.70, PNorm: 364.89, GNorm: 19.25
Wloss: 1.95, Tloss: 0.37, Aloss: 0.25
[3][1540] Beta: 0.000, KL: 653.32, Word: 95.39, Topo: 99.46, Assm: 97.84, PNorm: 365.24, GNorm: 12.57
Wloss: 1.92, Tloss: 0.40, Aloss: 0.27
[3][1590] Beta: 0.000, KL: 661.82, Word: 95.26, Topo: 99.43, Assm: 98.10, PNorm: 365.63, GNorm: 13.02
Wloss: 1.97, Tloss: 0.44, Aloss: 0.22
[3][1640] Beta: 0.000, KL: 662.02, Word: 95.04, Topo: 99.36, Assm: 97.93, PNorm: 366.01, GNorm: 15.23
Wloss: 2.03, Tloss: 0.45, Aloss: 0.23
[3][1690] Beta: 0.000, KL: 644.58, Word: 95.18, Topo: 99.47, Assm: 97.94, PNorm: 366.35, GNorm: 15.28
Wloss: 2.01, Tloss: 0.37, Aloss: 0.24
[3][1740] Beta: 0.000, KL: 644.14, Word: 95.32, Topo: 99.41, Assm: 98.12, PNorm: 366.72, GNorm: 12.19
Wloss: 1.95, Tloss: 0.43, Aloss: 0.20
[3][1790] Beta: 0.000, KL: 645.79, Word: 95.40, Topo: 99.40, Assm: 97.62, PNorm: 367.07, GNorm: 14.10
Wloss: 1.89, Tloss: 0.45, Aloss: 0.27
[3][1840] Beta: 0.000, KL: 640.44, Word: 95.89, Topo: 99.44, Assm: 97.42, PNorm: 367.41, GNorm: 12.26
Wloss: 1.82, Tloss: 0.39, Aloss: 0.28
[3][1890] Beta: 0.000, KL: 645.15, Word: 95.44, Topo: 99.43, Assm: 97.62, PNorm: 367.77, GNorm: 17.55
Wloss: 1.89, Tloss: 0.43, Aloss: 0.26
[3][1940] Beta: 0.000, KL: 644.89, Word: 95.31, Topo: 99.33, Assm: 97.63, PNorm: 368.10, GNorm: 16.08
Wloss: 1.93, Tloss: 0.46, Aloss: 0.25
[3][1990] Beta: 0.000, KL: 645.12, Word: 95.53, Topo: 99.37, Assm: 97.96, PNorm: 368.47, GNorm: 16.19
Wloss: 1.90, Tloss: 0.43, Aloss: 0.22
[3][2040] Beta: 0.000, KL: 646.36, Word: 95.08, Topo: 99.45, Assm: 97.84, PNorm: 368.85, GNorm: 12.09
Wloss: 1.97, Tloss: 0.39, Aloss: 0.23
[3][2090] Beta: 0.000, KL: 639.05, Word: 95.38, Topo: 99.44, Assm: 97.96, PNorm: 369.19, GNorm: 19.24
Wloss: 1.94, Tloss: 0.41, Aloss: 0.26
[3][2140] Beta: 0.000, KL: 649.35, Word: 95.45, Topo: 99.47, Assm: 97.91, PNorm: 369.53, GNorm: 11.63
Wloss: 1.89, Tloss: 0.38, Aloss: 0.24
[3][2190] Beta: 0.000, KL: 655.53, Word: 95.50, Topo: 99.41, Assm: 97.66, PNorm: 369.88, GNorm: 17.17
Wloss: 1.85, Tloss: 0.43, Aloss: 0.24
[3][2240] Beta: 0.000, KL: 640.39, Word: 95.41, Topo: 99.43, Assm: 97.92, PNorm: 370.22, GNorm: 15.33
Wloss: 1.90, Tloss: 0.40, Aloss: 0.23
[3][2290] Beta: 0.000, KL: 635.05, Word: 95.49, Topo: 99.43, Assm: 97.48, PNorm: 370.60, GNorm: 15.77
Wloss: 1.91, Tloss: 0.43, Aloss: 0.26
[3][2340] Beta: 0.000, KL: 634.32, Word: 95.69, Topo: 99.42, Assm: 97.91, PNorm: 370.94, GNorm: 23.96
Wloss: 1.77, Tloss: 0.41, Aloss: 0.23
[3][2390] Beta: 0.000, KL: 644.13, Word: 95.68, Topo: 99.43, Assm: 98.01, PNorm: 371.30, GNorm: 15.69
Wloss: 1.83, Tloss: 0.45, Aloss: 0.23
[3][2440] Beta: 0.000, KL: 641.50, Word: 95.36, Topo: 99.30, Assm: 97.85, PNorm: 371.68, GNorm: 14.40
Wloss: 1.96, Tloss: 0.51, Aloss: 0.25
[3][2490] Beta: 0.000, KL: 639.28, Word: 95.30, Topo: 99.39, Assm: 98.02, PNorm: 372.06, GNorm: 18.67
Wloss: 2.03, Tloss: 0.43, Aloss: 0.25
[3][2540] Beta: 0.000, KL: 639.72, Word: 95.11, Topo: 99.38, Assm: 97.81, PNorm: 372.44, GNorm: 11.07
Wloss: 2.04, Tloss: 0.42, Aloss: 0.24
[3][2590] Beta: 0.000, KL: 629.51, Word: 95.62, Topo: 99.51, Assm: 97.88, PNorm: 372.76, GNorm: 13.23
Wloss: 1.90, Tloss: 0.37, Aloss: 0.24
[3][2640] Beta: 0.000, KL: 625.28, Word: 95.48, Topo: 99.45, Assm: 97.87, PNorm: 373.11, GNorm: 15.40
Wloss: 1.94, Tloss: 0.38, Aloss: 0.25
[3][2690] Beta: 0.000, KL: 635.70, Word: 95.67, Topo: 99.38, Assm: 97.99, PNorm: 373.44, GNorm: 15.90
Wloss: 1.85, Tloss: 0.44, Aloss: 0.24
[3][2740] Beta: 0.000, KL: 651.20, Word: 95.49, Topo: 99.28, Assm: 97.87, PNorm: 373.79, GNorm: 16.08
Wloss: 1.97, Tloss: 0.51, Aloss: 0.25
[3][2790] Beta: 0.000, KL: 629.35, Word: 95.54, Topo: 99.42, Assm: 97.74, PNorm: 374.13, GNorm: 13.04
Wloss: 1.91, Tloss: 0.42, Aloss: 0.25
[3][2840] Beta: 0.000, KL: 627.19, Word: 95.56, Topo: 99.51, Assm: 98.04, PNorm: 374.47, GNorm: 13.82
Wloss: 1.81, Tloss: 0.36, Aloss: 0.23
[3][2890] Beta: 0.000, KL: 639.04, Word: 95.42, Topo: 99.40, Assm: 97.87, PNorm: 374.86, GNorm: 14.26
Wloss: 1.95, Tloss: 0.45, Aloss: 0.26
[3][2940] Beta: 0.000, KL: 648.10, Word: 95.49, Topo: 99.48, Assm: 97.71, PNorm: 375.20, GNorm: 12.67
Wloss: 1.96, Tloss: 0.39, Aloss: 0.27
[3][2990] Beta: 0.000, KL: 638.09, Word: 95.42, Topo: 99.36, Assm: 97.73, PNorm: 375.59, GNorm: 18.71
Wloss: 1.95, Tloss: 0.45, Aloss: 0.26
[3][3040] Beta: 0.000, KL: 624.68, Word: 95.57, Topo: 99.48, Assm: 97.52, PNorm: 375.96, GNorm: 17.38
Wloss: 1.89, Tloss: 0.41, Aloss: 0.30
[3][3090] Beta: 0.000, KL: 638.94, Word: 95.49, Topo: 99.39, Assm: 97.80, PNorm: 376.30, GNorm: 17.10
Wloss: 1.84, Tloss: 0.40, Aloss: 0.25
[3][3140] Beta: 0.000, KL: 637.21, Word: 95.31, Topo: 99.44, Assm: 98.07, PNorm: 376.65, GNorm: 11.11
Wloss: 1.97, Tloss: 0.41, Aloss: 0.23
[3][3190] Beta: 0.000, KL: 633.26, Word: 95.48, Topo: 99.43, Assm: 97.84, PNorm: 377.01, GNorm: 17.45
Wloss: 1.93, Tloss: 0.41, Aloss: 0.29
[3][3240] Beta: 0.000, KL: 621.75, Word: 95.55, Topo: 99.37, Assm: 97.73, PNorm: 377.34, GNorm: 13.81
Wloss: 1.88, Tloss: 0.44, Aloss: 0.27
[3][3290] Beta: 0.000, KL: 625.23, Word: 95.58, Topo: 99.50, Assm: 98.16, PNorm: 377.68, GNorm: 25.38
Wloss: 1.86, Tloss: 0.37, Aloss: 0.23
[3][3340] Beta: 0.000, KL: 620.83, Word: 95.48, Topo: 99.38, Assm: 97.58, PNorm: 378.05, GNorm: 12.27
Wloss: 1.97, Tloss: 0.45, Aloss: 0.27
[3][3390] Beta: 0.000, KL: 637.29, Word: 95.35, Topo: 99.40, Assm: 98.03, PNorm: 378.40, GNorm: 14.95
Wloss: 2.08, Tloss: 0.44, Aloss: 0.23
[3][3440] Beta: 0.000, KL: 619.63, Word: 95.82, Topo: 99.35, Assm: 98.36, PNorm: 378.77, GNorm: 15.62
Wloss: 1.82, Tloss: 0.44, Aloss: 0.19
[3][3490] Beta: 0.000, KL: 621.99, Word: 95.40, Topo: 99.42, Assm: 98.06, PNorm: 379.12, GNorm: 16.83
Wloss: 1.94, Tloss: 0.42, Aloss: 0.21
[3][3540] Beta: 0.000, KL: 611.17, Word: 95.56, Topo: 99.42, Assm: 98.00, PNorm: 379.44, GNorm: 12.68
Wloss: 1.87, Tloss: 0.41, Aloss: 0.24
[3][3590] Beta: 0.000, KL: 617.06, Word: 95.35, Topo: 99.44, Assm: 97.98, PNorm: 379.79, GNorm: 10.70
Wloss: 1.91, Tloss: 0.42, Aloss: 0.23
[3][3640] Beta: 0.000, KL: 617.61, Word: 95.68, Topo: 99.49, Assm: 98.12, PNorm: 380.09, GNorm: 10.47
Wloss: 1.84, Tloss: 0.38, Aloss: 0.19
[3][3690] Beta: 0.000, KL: 623.83, Word: 95.35, Topo: 99.42, Assm: 97.88, PNorm: 380.43, GNorm: 21.67
Wloss: 2.01, Tloss: 0.43, Aloss: 0.27
[3][3740] Beta: 0.000, KL: 618.68, Word: 95.89, Topo: 99.39, Assm: 97.73, PNorm: 380.74, GNorm: 10.40
Wloss: 1.77, Tloss: 0.43, Aloss: 0.24
[3][3790] Beta: 0.000, KL: 621.68, Word: 95.59, Topo: 99.46, Assm: 97.85, PNorm: 381.04, GNorm: 14.14
Wloss: 1.85, Tloss: 0.40, Aloss: 0.25
[3][3840] Beta: 0.000, KL: 626.24, Word: 95.52, Topo: 99.42, Assm: 97.74, PNorm: 381.37, GNorm: 14.89
Wloss: 1.87, Tloss: 0.41, Aloss: 0.26
[3][3890] Beta: 0.000, KL: 618.06, Word: 95.11, Topo: 99.39, Assm: 97.32, PNorm: 381.75, GNorm: 10.75
Wloss: 2.03, Tloss: 0.41, Aloss: 0.30
[3][3940] Beta: 0.000, KL: 618.01, Word: 95.67, Topo: 99.42, Assm: 97.61, PNorm: 382.09, GNorm: 11.41
Wloss: 1.85, Tloss: 0.40, Aloss: 0.24
[3][3990] Beta: 0.000, KL: 623.77, Word: 95.47, Topo: 99.44, Assm: 98.14, PNorm: 382.40, GNorm: 11.66
Wloss: 1.82, Tloss: 0.39, Aloss: 0.21
[3][4040] Beta: 0.000, KL: 619.86, Word: 95.26, Topo: 99.45, Assm: 98.42, PNorm: 382.70, GNorm: 11.41
Wloss: 1.93, Tloss: 0.40, Aloss: 0.20
[3][4090] Beta: 0.000, KL: 614.08, Word: 95.64, Topo: 99.47, Assm: 97.81, PNorm: 383.05, GNorm: 9.81
Wloss: 1.79, Tloss: 0.38, Aloss: 0.25
[3][4140] Beta: 0.000, KL: 613.27, Word: 95.34, Topo: 99.41, Assm: 97.82, PNorm: 383.41, GNorm: 14.18
Wloss: 1.86, Tloss: 0.46, Aloss: 0.24
[3][4190] Beta: 0.000, KL: 619.62, Word: 95.62, Topo: 99.48, Assm: 97.89, PNorm: 383.74, GNorm: 13.35
Wloss: 1.86, Tloss: 0.37, Aloss: 0.22
[3][4240] Beta: 0.000, KL: 624.08, Word: 95.31, Topo: 99.47, Assm: 97.96, PNorm: 384.12, GNorm: 14.66
Wloss: 1.95, Tloss: 0.39, Aloss: 0.23
[3][4290] Beta: 0.000, KL: 613.91, Word: 95.71, Topo: 99.46, Assm: 98.10, PNorm: 384.44, GNorm: 14.77
Wloss: 1.81, Tloss: 0.38, Aloss: 0.24
[3][4340] Beta: 0.000, KL: 616.34, Word: 95.55, Topo: 99.48, Assm: 97.94, PNorm: 384.77, GNorm: 16.53
Wloss: 1.86, Tloss: 0.37, Aloss: 0.21
[3][4390] Beta: 0.000, KL: 629.37, Word: 95.60, Topo: 99.43, Assm: 97.74, PNorm: 385.11, GNorm: 15.25
Wloss: 1.80, Tloss: 0.39, Aloss: 0.27
[3][4440] Beta: 0.000, KL: 611.09, Word: 95.50, Topo: 99.46, Assm: 98.14, PNorm: 385.46, GNorm: 14.00
Wloss: 1.90, Tloss: 0.41, Aloss: 0.21
[3][4490] Beta: 0.000, KL: 622.91, Word: 95.79, Topo: 99.45, Assm: 98.14, PNorm: 385.74, GNorm: 11.75
Wloss: 1.78, Tloss: 0.41, Aloss: 0.20
[3][4540] Beta: 0.000, KL: 621.55, Word: 95.56, Topo: 99.42, Assm: 97.62, PNorm: 386.03, GNorm: 13.17
Wloss: 1.82, Tloss: 0.41, Aloss: 0.27
[3][4590] Beta: 0.000, KL: 612.04, Word: 95.61, Topo: 99.44, Assm: 97.90, PNorm: 386.39, GNorm: 13.75
Wloss: 1.87, Tloss: 0.40, Aloss: 0.24
[3][4640] Beta: 0.000, KL: 609.84, Word: 95.71, Topo: 99.49, Assm: 98.03, PNorm: 386.75, GNorm: 12.97
Wloss: 1.78, Tloss: 0.37, Aloss: 0.23
[3][4690] Beta: 0.000, KL: 608.02, Word: 95.39, Topo: 99.44, Assm: 97.41, PNorm: 387.06, GNorm: 15.44
Wloss: 1.92, Tloss: 0.45, Aloss: 0.28
[3][4740] Beta: 0.000, KL: 602.21, Word: 95.50, Topo: 99.41, Assm: 98.54, PNorm: 387.36, GNorm: 16.56
Wloss: 1.83, Tloss: 0.44, Aloss: 0.17
[3][4790] Beta: 0.000, KL: 599.93, Word: 95.51, Topo: 99.57, Assm: 98.54, PNorm: 387.67, GNorm: 14.19
Wloss: 1.87, Tloss: 0.33, Aloss: 0.20
[3][4840] Beta: 0.000, KL: 621.13, Word: 95.50, Topo: 99.48, Assm: 98.23, PNorm: 388.00, GNorm: 18.59
Wloss: 1.88, Tloss: 0.37, Aloss: 0.21
[3][4890] Beta: 0.000, KL: 609.62, Word: 95.43, Topo: 99.46, Assm: 97.94, PNorm: 388.32, GNorm: 14.54
Wloss: 1.87, Tloss: 0.38, Aloss: 0.22
[3][4940] Beta: 0.000, KL: 607.00, Word: 95.64, Topo: 99.47, Assm: 98.23, PNorm: 388.65, GNorm: 13.03
Wloss: 1.80, Tloss: 0.37, Aloss: 0.23
[3][4990] Beta: 0.000, KL: 613.35, Word: 95.71, Topo: 99.48, Assm: 98.13, PNorm: 388.96, GNorm: 17.63
Wloss: 1.80, Tloss: 0.38, Aloss: 0.21
[3][5040] Beta: 0.000, KL: 616.43, Word: 95.55, Topo: 99.48, Assm: 97.44, PNorm: 389.28, GNorm: 13.75
Wloss: 1.82, Tloss: 0.39, Aloss: 0.29
[3][5090] Beta: 0.000, KL: 617.53, Word: 95.55, Topo: 99.38, Assm: 97.97, PNorm: 389.64, GNorm: 14.49
Wloss: 1.88, Tloss: 0.45, Aloss: 0.23
[3][5140] Beta: 0.000, KL: 614.93, Word: 95.93, Topo: 99.52, Assm: 97.88, PNorm: 389.91, GNorm: 17.79
Wloss: 1.73, Tloss: 0.39, Aloss: 0.24
[3][5190] Beta: 0.000, KL: 608.22, Word: 95.55, Topo: 99.42, Assm: 98.07, PNorm: 390.26, GNorm: 12.35
Wloss: 1.87, Tloss: 0.40, Aloss: 0.23
[3][5240] Beta: 0.000, KL: 613.26, Word: 95.85, Topo: 99.45, Assm: 97.85, PNorm: 390.63, GNorm: 15.07
Wloss: 1.74, Tloss: 0.40, Aloss: 0.23
[3][5290] Beta: 0.000, KL: 609.18, Word: 95.23, Topo: 99.42, Assm: 97.71, PNorm: 390.99, GNorm: 13.89
Wloss: 1.94, Tloss: 0.42, Aloss: 0.26
[3][5340] Beta: 0.000, KL: 604.98, Word: 95.67, Topo: 99.45, Assm: 98.03, PNorm: 391.31, GNorm: 15.83
Wloss: 1.83, Tloss: 0.38, Aloss: 0.21
[3][5390] Beta: 0.000, KL: 608.66, Word: 95.79, Topo: 99.45, Assm: 97.65, PNorm: 391.63, GNorm: 15.04
Wloss: 1.78, Tloss: 0.39, Aloss: 0.31
[3][5440] Beta: 0.000, KL: 612.08, Word: 95.57, Topo: 99.47, Assm: 97.58, PNorm: 391.98, GNorm: 13.96
Wloss: 1.85, Tloss: 0.37, Aloss: 0.27
[3][5490] Beta: 0.000, KL: 609.54, Word: 95.56, Topo: 99.47, Assm: 98.23, PNorm: 392.28, GNorm: 12.80
Wloss: 1.90, Tloss: 0.39, Aloss: 0.21
[3][5540] Beta: 0.000, KL: 609.86, Word: 95.82, Topo: 99.45, Assm: 97.66, PNorm: 392.59, GNorm: 13.72
Wloss: 1.76, Tloss: 0.40, Aloss: 0.24
[3][5590] Beta: 0.000, KL: 592.68, Word: 95.65, Topo: 99.41, Assm: 97.91, PNorm: 392.96, GNorm: 19.47
Wloss: 1.84, Tloss: 0.42, Aloss: 0.22
[3][5640] Beta: 0.000, KL: 592.52, Word: 96.04, Topo: 99.47, Assm: 98.42, PNorm: 393.28, GNorm: 12.59
Wloss: 1.67, Tloss: 0.38, Aloss: 0.19
[3][5690] Beta: 0.000, KL: 611.07, Word: 95.76, Topo: 99.52, Assm: 98.18, PNorm: 393.58, GNorm: 13.70
Wloss: 1.81, Tloss: 0.36, Aloss: 0.20
[3][5740] Beta: 0.000, KL: 606.08, Word: 95.98, Topo: 99.55, Assm: 98.05, PNorm: 393.87, GNorm: 14.84
Wloss: 1.67, Tloss: 0.34, Aloss: 0.24
[3][5790] Beta: 0.000, KL: 597.51, Word: 95.14, Topo: 99.53, Assm: 97.82, PNorm: 394.18, GNorm: 19.66
Wloss: 1.97, Tloss: 0.35, Aloss: 0.23
[3][5840] Beta: 0.000, KL: 600.91, Word: 95.94, Topo: 99.49, Assm: 98.02, PNorm: 394.52, GNorm: 14.02
Wloss: 1.78, Tloss: 0.37, Aloss: 0.22
[3][5890] Beta: 0.000, KL: 605.40, Word: 95.87, Topo: 99.44, Assm: 97.83, PNorm: 394.84, GNorm: 15.77
Wloss: 1.72, Tloss: 0.40, Aloss: 0.27
[3][5940] Beta: 0.000, KL: 595.81, Word: 95.74, Topo: 99.53, Assm: 98.37, PNorm: 395.18, GNorm: 11.05
Wloss: 1.74, Tloss: 0.35, Aloss: 0.22
[3][5990] Beta: 0.000, KL: 608.25, Word: 95.54, Topo: 99.50, Assm: 98.14, PNorm: 395.47, GNorm: 14.13
Wloss: 1.80, Tloss: 0.37, Aloss: 0.20
[3][6040] Beta: 0.000, KL: 593.63, Word: 95.70, Topo: 99.48, Assm: 98.12, PNorm: 395.84, GNorm: 14.30
Wloss: 1.76, Tloss: 0.38, Aloss: 0.21
[3][6090] Beta: 0.000, KL: 594.67, Word: 95.75, Topo: 99.48, Assm: 98.11, PNorm: 396.15, GNorm: 10.56
Wloss: 1.76, Tloss: 0.37, Aloss: 0.21
[3][6140] Beta: 0.000, KL: 600.00, Word: 95.79, Topo: 99.48, Assm: 98.48, PNorm: 396.49, GNorm: 14.05
Wloss: 1.73, Tloss: 0.38, Aloss: 0.19
[3][6190] Beta: 0.000, KL: 606.74, Word: 95.60, Topo: 99.48, Assm: 98.14, PNorm: 396.81, GNorm: 14.11
Wloss: 1.83, Tloss: 0.36, Aloss: 0.20
[3][6240] Beta: 0.000, KL: 592.03, Word: 95.68, Topo: 99.47, Assm: 98.09, PNorm: 397.11, GNorm: 13.06
Wloss: 1.80, Tloss: 0.37, Aloss: 0.21
[3][6290] Beta: 0.000, KL: 591.55, Word: 95.46, Topo: 99.39, Assm: 97.91, PNorm: 397.45, GNorm: 15.91
Wloss: 1.88, Tloss: 0.45, Aloss: 0.25
[3][6340] Beta: 0.000, KL: 589.61, Word: 96.22, Topo: 99.48, Assm: 98.28, PNorm: 397.79, GNorm: 15.64
Wloss: 1.58, Tloss: 0.38, Aloss: 0.21
[3][6390] Beta: 0.000, KL: 590.10, Word: 95.65, Topo: 99.54, Assm: 98.27, PNorm: 398.06, GNorm: 10.21
Wloss: 1.76, Tloss: 0.34, Aloss: 0.19
[3][6440] Beta: 0.000, KL: 588.63, Word: 95.88, Topo: 99.46, Assm: 98.19, PNorm: 398.34, GNorm: 16.29
Wloss: 1.76, Tloss: 0.38, Aloss: 0.20
[3][6490] Beta: 0.000, KL: 585.09, Word: 95.53, Topo: 99.46, Assm: 97.84, PNorm: 398.63, GNorm: 13.87
Wloss: 1.83, Tloss: 0.37, Aloss: 0.22
[3][6540] Beta: 0.000, KL: 590.06, Word: 95.65, Topo: 99.49, Assm: 98.29, PNorm: 398.96, GNorm: 11.01
Wloss: 1.77, Tloss: 0.40, Aloss: 0.20
[3][6590] Beta: 0.000, KL: 587.18, Word: 95.72, Topo: 99.51, Assm: 97.95, PNorm: 399.32, GNorm: 15.72
Wloss: 1.78, Tloss: 0.34, Aloss: 0.24
[3][6640] Beta: 0.000, KL: 606.74, Word: 95.40, Topo: 99.43, Assm: 97.65, PNorm: 399.64, GNorm: 14.29
Wloss: 1.89, Tloss: 0.41, Aloss: 0.25
[3][6690] Beta: 0.000, KL: 586.52, Word: 95.78, Topo: 99.52, Assm: 98.42, PNorm: 399.95, GNorm: 17.35
Wloss: 1.78, Tloss: 0.36, Aloss: 0.19
[3][6740] Beta: 0.000, KL: 585.04, Word: 95.79, Topo: 99.47, Assm: 98.24, PNorm: 400.23, GNorm: 17.71
Wloss: 1.79, Tloss: 0.37, Aloss: 0.22
[3][6790] Beta: 0.000, KL: 600.37, Word: 95.88, Topo: 99.42, Assm: 98.25, PNorm: 400.53, GNorm: 13.42
Wloss: 1.73, Tloss: 0.40, Aloss: 0.21
[3][6840] Beta: 0.000, KL: 594.04, Word: 95.42, Topo: 99.41, Assm: 98.24, PNorm: 400.87, GNorm: 27.95
Wloss: 1.87, Tloss: 0.41, Aloss: 0.21
Cosume Time per Epoch 1:35:06.974448
EPOCH: 5 | TIME: 2020-03-13 20:19:09.281783 
[4][20] Beta: 0.000, KL: 592.59, Word: 95.60, Topo: 99.45, Assm: 98.02, PNorm: 401.22, GNorm: 11.99
Wloss: 1.90, Tloss: 0.38, Aloss: 0.23
[4][70] Beta: 0.000, KL: 591.80, Word: 95.86, Topo: 99.51, Assm: 98.15, PNorm: 401.50, GNorm: 14.58
Wloss: 1.75, Tloss: 0.38, Aloss: 0.20
[4][120] Beta: 0.000, KL: 586.27, Word: 95.57, Topo: 99.52, Assm: 98.02, PNorm: 401.80, GNorm: 10.26
Wloss: 1.83, Tloss: 0.37, Aloss: 0.24
[4][170] Beta: 0.000, KL: 589.32, Word: 95.79, Topo: 99.49, Assm: 97.91, PNorm: 402.14, GNorm: 14.71
Wloss: 1.76, Tloss: 0.37, Aloss: 0.23
[4][220] Beta: 0.000, KL: 583.79, Word: 95.82, Topo: 99.38, Assm: 97.87, PNorm: 402.44, GNorm: 14.81
Wloss: 1.74, Tloss: 0.42, Aloss: 0.24
[4][270] Beta: 0.000, KL: 586.61, Word: 95.78, Topo: 99.44, Assm: 98.04, PNorm: 402.74, GNorm: 11.14
Wloss: 1.70, Tloss: 0.39, Aloss: 0.22
[4][320] Beta: 0.000, KL: 577.79, Word: 95.64, Topo: 99.50, Assm: 98.05, PNorm: 403.03, GNorm: 11.49
Wloss: 1.79, Tloss: 0.35, Aloss: 0.24
[4][370] Beta: 0.000, KL: 596.11, Word: 95.80, Topo: 99.49, Assm: 97.88, PNorm: 403.36, GNorm: 14.96
Wloss: 1.79, Tloss: 0.38, Aloss: 0.24
[4][420] Beta: 0.000, KL: 579.79, Word: 95.89, Topo: 99.53, Assm: 98.25, PNorm: 403.66, GNorm: 14.05
Wloss: 1.70, Tloss: 0.34, Aloss: 0.19
[4][470] Beta: 0.000, KL: 585.81, Word: 95.67, Topo: 99.53, Assm: 98.31, PNorm: 403.93, GNorm: 16.81
Wloss: 1.81, Tloss: 0.36, Aloss: 0.21
[4][520] Beta: 0.000, KL: 589.22, Word: 95.67, Topo: 99.35, Assm: 97.83, PNorm: 404.27, GNorm: 20.46
Wloss: 1.90, Tloss: 0.45, Aloss: 0.24
[4][570] Beta: 0.000, KL: 586.90, Word: 95.69, Topo: 99.33, Assm: 98.36, PNorm: 404.62, GNorm: 20.98
Wloss: 1.83, Tloss: 0.49, Aloss: 0.18
[4][620] Beta: 0.000, KL: 586.83, Word: 95.68, Topo: 99.39, Assm: 98.45, PNorm: 404.96, GNorm: 13.56
Wloss: 1.82, Tloss: 0.44, Aloss: 0.18
[4][670] Beta: 0.000, KL: 580.85, Word: 96.15, Topo: 99.53, Assm: 98.36, PNorm: 405.24, GNorm: 10.50
Wloss: 1.62, Tloss: 0.33, Aloss: 0.18
Traceback (most recent call last):
  File "vae_train.py", line 165, in <module>
    for it, batch in enumerate(loader):
  File "/home/shinhwan/icml18/icml18-jtnn/fast_jtnn/datautils.py", line 76, in __iter__
    for b in dataloader:
  File "/home/shinhwan/.local/lib/python2.7/site-packages/torch/utils/data/dataloader.py", line 501, in __iter__
    return _DataLoaderIter(self)
  File "/home/shinhwan/.local/lib/python2.7/site-packages/torch/utils/data/dataloader.py", line 289, in __init__
    w.start()
  File "/home/shinhwan/anaconda3/envs/icml18/lib/python2.7/multiprocessing/process.py", line 130, in start
    self._popen = Popen(self)
  File "/home/shinhwan/anaconda3/envs/icml18/lib/python2.7/multiprocessing/forking.py", line 121, in __init__
    self.pid = os.fork()
OSError: [Errno 12] Cannot allocate memory
