Cc1ccc(SCc2ccccc2)cc1NC(=O)/C=C\c1ccc(Cl)cc1 4.3464716902019465
O=C(NCc1ccccc1Cl)c1cc(S/C=C\c2ccccc2)ccc1Cl 4.135197096906547
Clc1ccccc1CSc1cccc(Cl)c1Cl 3.9568344909048516
Cc1cc(Cl)c(Cl)cc1NCc1ccc(Cl)cc1 3.935533191060803
Cc1ccc(SCC(=O)N(Cc2ccccc2)c2ccccc2)c(Cl)c1 3.934057087817475
Clc1ccccc1-c1nnc(Cl)n1/C=C/c1ccc(Oc2ccccc2)cc1 3.872738975294593
C=Cc1cc(SCC(=O)N(Cc2ccccc2)c2ccccc2)ccc1Cl 3.8705149966977346
Clc1ccc(NCc2ccccc2Cl)cc1Cl 3.8456091028583756
O=C(NCc1ccccc1)c1cc(S/C=C\c2ccccc2)ccc1Cl 3.8212048128730585
O=C(NCc1ccccc1)c1cc(S/C=C\c2ccccc2)ccc1Cl 3.8212048128730585
O=C(NCc1ccccc1)c1cc(S/C=C\c2ccccc2)ccc1Cl 3.8212048128730585
O=C(NCc1ccc(Cl)cc1)c1ccccc1S/C=C\c1ccccc1 3.8071360132297745
O=C(NCc1ccc(Cl)cc1)c1ccccc1S/C=C\c1ccccc1 3.8071360132297745
O=C(NCc1ccc(Cl)cc1)c1ccccc1S/C=C\c1ccccc1 3.8071360132297745
O=C(NCc1ccc(Cl)cc1)c1ccccc1S/C=C\c1ccccc1 3.8071360132297745
Cc1cc(Cl)c(NCc2ccccc2Cl)cc1Cl 3.7894644299470333
O=C(Nc1nnc(C2CCCCC2)s1)c1cccc(SCc2ccccc2)c1 3.786713786934614
Cc1ccc(NC(=O)c2ccc(Cl)cc2Cl)c(Cl)c1 3.7861564438525073
Cc1ccc(CN2CCc3ccccc32)cc1NC(=O)CSc1ccc(Cl)cc1 3.7837646163976917
O=C(Nc1ccccc1Br)c1ccc(SCc2nc3ccccc3[nH]2)cc1 3.7661619459247406
CN(Cc1ccccc1)C(=O)/C=C\c1ccc(Cl)c(Nc2ccccc2)c1 3.736059183431549
O=C(NCc1ccc(Cl)cc1)c1ccccc1N/C=C\c1cc2ccccc2o1 3.659655532433591
O=C(c1c(-c2cccs2)oc2ccccc12)N(Cc1ccccn1)Cc1cccs1 3.58920642073567
O=C(NCc1ccccc1)c1cc(SCc2cc(=O)c3ccccc3o2)ccc1Cl 3.459921142161453
CC(C)=CCSc1ccccc1C(=O)NCc1ccc(Cl)cc1 3.383313000629504
C[C@H](Nc1ccccc1Cl)c1cc(F)c(Cl)cc1Cl 3.353670214550976
Nc1ccc(S/C=C\c2ccccc2)cc1C(=O)NCc1ccc(Cl)cc1 3.3455174118604485
C/C(=C/c1ccccc1)N(C(=O)c1ccccc1[N+](=O)[O-])c1ccccc1Cl 3.3348852622204954
Cc1ccc(NC(=O)/C=C\c2ccc(Cl)cc2)cc1S(=O)(=O)c1ccccc1 3.2951192494890806
Cc1ccc(NC(=O)/C=C/c2ccc(Cl)cc2)cc1S(=O)(=O)c1ccccc1 3.2951192494890806
Cc1ccc(NC(=O)/C=C\c2ccc(Cl)cc2)cc1S(=O)(=O)c1ccccc1 3.2951192494890806
Cc1ccc(NC(=O)/C=C\c2ccc(Cl)cc2)cc1S(=O)(=O)c1ccccc1 3.2951192494890806
Cc1ccc(NC(=O)/C=C\c2ccc(Cl)cc2)cc1S(=O)(=O)c1ccccc1 3.2951192494890806
Cc1ccc(NC(=O)/C=C\c2ccc(Cl)cc2)cc1S(=O)(=O)c1ccccc1 3.2951192494890806
Cc1ccc(NC(=O)/C=C/c2ccc(Cl)cc2)cc1S(=O)(=O)c1ccccc1 3.2951192494890806
Nc1ccc(S/C=C\c2ccccc2)cc1C(=O)NCc1ccccc1Cl 3.2865440351901887
CCOc1cccc(Cl)c1C(=O)Nc1cccc(Cl)c1 3.2639516017926162
CN(Cc1cccs1)C(=O)/C=C\c1ccccc1Oc1ccccc1 3.228619551028986
O=C(CSc1cccc(C(F)(F)F)c1)c1ccccc1 3.207529266060274
Cc1cc(NC(=O)Cc2c(C)oc3[nH]c4cccc(Cl)c4c23)ccc1Cl 3.1795014171774056
O=C(Nc1nc2ccccc2s1)c1cccc(-c2noc(C3CCCC3)n2)c1 3.173204875755782
COc1ccc(Nc2nnc(-c3ccccc3)o2)c(C(=O)NCc2ccc(Cl)cc2)c1 3.1138914187888607
O=C(CNc1ccc(Cl)cc1)Oc1cccc(/C=C\c2nc3ccccc3[nH]2)c1 3.103546046641431
CN(Cc1ccccc1Cl)C(=O)/C=C\c1ccc(Cl)cc1 3.0971711218423716
Cc1cc(Cl)ccc1NC(=O)Cc1ccc2c(Cl)c[nH]c2c1 3.0967071457244373
CNC(=O)c1ccc(Cl)c(NCc2ccc(Cl)cc2Cl)c1 3.085047437831819
O=C(CNc1ccccc1Cl)Oc1cccc(/C=C\c2nc3ccccc3[nH]2)c1 3.0717302327832265
O=C(Nc1ccccc1Cl)c1ccnc2ccccc12 3.06441425501518
C=C(c1ccc(Cl)cc1)N1CC(c2ccc(OC)cc2)=C(Nc2ccccc2)C1=O 3.0616017436744736
C=C(c1ccc(Cl)cc1)N1CC(c2ccc(OC)cc2)=C(Nc2ccccc2)C1=O 3.0616017436744736
CCOc1ccc(-n2c(CC(=O)c3ccccc3)nnc2SCc2cccc([N+](=O)[O-])c2)cc1 3.036152167120016
Nc1ccc2oc3ccccc3c2c1C(=O)NCCSc1ccc(Cl)cc1 3.0234873841755374
O=C(NCc1ccc(Cl)cc1)c1ccccc1N/C=C\c1nc2ccccc2[nH]1 3.0075383152049384
Cc1ccc(SCC(=O)N(C)Cc2ccccc2)c(Cl)c1 2.9314275886023453
Cc1cccc(Cl)c1NC(=O)c1cc2ccccc2[nH]1 2.9167426521515774
Cc1coc2cc(Cl)c(SCC(=O)N(C)Cc3ccccc3)cc12 2.9144480062339286
O=C(CSc1nc2ccccc2s1)Nc1ccccc1 2.889947653606926
CC(=O)NCc1cc2[nH]cc(-c3ccc(Cl)cc3)c2cc1Cl 2.859677746988659
Fc1ccc([C@H](NC2CCCCC2)C2CCCCC2)cc1 2.8565876380827135
Clc1ccc(OCc2ncoc2N/C=C\c2ccccc2)cc1Cl 2.8406849808235553
O=C(NCc1cccs1)c1ccc(O[C@H](C#Cc2cccs2)c2nc3ccccc3s2)cc1 2.8288468483056377
Cc1ccc(Cl)cc1NC(=O)Cc1cccc(N2CCC=C2Cl)c1 2.8269254799492467
CC(=O)Nc1cccc(CS/C(=C\c2ccccc2)CCl)c1 2.824602974802506
CC(=O)Nc1cccc(CS/C(=C\c2ccccc2)CCl)c1 2.824602974802506
O=C(Nc1nnc(C2CCCCC2)s1)c1ccccc1Br 2.81707198685001
CN(C(=O)Cn1c([C@@H](Nc2ccccc2)c2ccccc2)nc2ccccc21)C1CCCC1 2.7404248179377735
O=C(CN(Cc1nc(-c2cccs2)no1)c1ccccc1)c1ccc(F)cc1 2.734041995711653
Cc1cc(Cl)ccc1Cl 2.7008531022860316
Cc1c(Cl)ccc(Cl)c1Cl 2.6919489825266196
Cc1c(Cl)ccc(Cl)c1Cl 2.6919489825266196
Cc1c(Cl)ccc(Cl)c1Cl 2.6919489825266196
Cc1c(Cl)ccc(Cl)c1Cl 2.6919489825266196
Cc1c(Cl)ccc(Cl)c1Cl 2.6919489825266196
Cc1c(Cl)ccc(Cl)c1Cl 2.6919489825266196
Cc1c(Cl)ccc(Cl)c1Cl 2.6919489825266196
Cc1c(Cl)ccc(Cl)c1Cl 2.6919489825266196
Cc1c(Cl)ccc(Cl)c1Cl 2.6919489825266196
Cc1c(Cl)ccc(Cl)c1Cl 2.6919489825266196
Cc1c(Cl)ccc(Cl)c1Cl 2.6919489825266196
O=C(Nc1nnc(C2CCCCC2)o1)c1ccc(-c2cccs2)s1 2.6914785786528963
Cc1cc(Cl)c([C@@H](Cl)Nc2ccccc2)c(Cl)c1 2.689555850116605
CCOC(=O)c1c(C)cnn1-c1ccccc1NCc1ccc(Cl)cc1 2.67969657215393
Cc1cc(SCCCCl)ccc1Cl 2.5890535347002883
Cc1c(Cl)cccc1Cl 2.580526846469591
Cc1c(Cl)cccc1Cl 2.580526846469591
Cc1c(Cl)cccc1Cl 2.580526846469591
Cc1c(Cl)cccc1Cl 2.580526846469591
Cc1c(Cl)cccc1Cl 2.580526846469591
CN(Cc1ccccc1)C(=O)C=C1CCC(c2cccs2)CC1 2.5763495230150344
CN(Cc1ccccc1)C(=O)C=C1CCC(c2cccs2)CC1 2.5763495230150344
CN(Cc1ccccc1)C(=O)CSc1cc(CN2CCSC2=O)ccc1Cl 2.5360396208738627
Clc1ccc2nc([C@@H](Cl)c3ccccc3Cl)[nH]c2c1 2.487772908549464
Cc1ccc(-c2ccc(Cl)c([C@@H](C)Cl)n2)cc1 2.4763260935280016
Cc1nc2ccc(N[C@@H](CC(=O)NC3(c4ccccc4)CCC3)c3ccncc3)cc2s1 2.4697814102036832
O=C(Nc1cc(C[S@](=O)Cc2ccccc2)ccc1I)c1ccccc1 2.458038032747397
CC1=CCOc2cc(Cl)c(SCC(=O)N(C)Cc3ccccc3)cc21 2.436642944292971
C=C(c1cccs1)C1(Oc2ccccc2C(=O)NCc2cccs2)CCOCC1 2.43586770646379
O=C(NCc1cccs1)c1ccc(OC2(/C=C/c3cccs3)CCOCC2)cc1 2.40275314808296
O=C(NCc1cccs1)c1ccc(OC2(/C=C/c3cccs3)CCOCC2)cc1 2.40275314808296
Cc1cc(Cl)c([S@@](=O)Cc2ccccc2Cl)cc1Cl 2.3939717377759866
C=C(CN1C(=O)NCc2c(Cl)ccc(OCC)c21)c1ccccc1Cl 2.3926222270929065
O=C(NCc1cccs1)c1cccc(OC2(/C=C/c3cccs3)CCOCC2)c1 2.3503498074447444
O=C(NCc1cccs1)c1ccccc1OC1(/C=C/c2cccs2)CCOCC1 2.3352933718223907
O=C(NCc1cccs1)c1ccccc1OC1(/C=C/c2cccs2)CCOCC1 2.3352933718223907
O=C(NCc1cccs1)c1ccccc1OC1(/C=C/c2cccs2)CCOCC1 2.3352933718223907
O=C(NCc1cccs1)c1ccccc1OC1(/C=C/c2cccs2)CCOCC1 2.3352933718223907
O=C(NCc1cccs1)c1ccccc1OC1(/C=C/c2cccs2)CCOCC1 2.3352933718223907
O=C(NCc1cccs1)c1ccccc1OC1(/C=C/c2cccs2)CCOCC1 2.3352933718223907
O=C(NCc1cccs1)c1ccccc1OC1(/C=C/c2cccs2)CCOCC1 2.3352933718223907
Cc1c(Cl)ccc(Cl)c1[S@@](=O)Cc1ccccc1Cl 2.334812254766831
CCOC(=O)c1ccc(Cl)c(NCc2ccc3cc(N)[nH]c3c2)c1 2.326191570899111
CN(Cc1ccccc1)C(=O)CSc1cc(C=O)ccc1Cl 2.3248945960387943
COc1ccc(Cl)cc1C1=NN(c2ccc(Cl)c(Cl)c2)CO1 2.3130705121563437
O=C(NCc1ccccc1)c1nc2ccccc2s1 2.308771201888933
CCN(Cc1cccs1)C(=O)/C=C1/CCCc2ccccc21 2.305002723248972
CN(Cc1ccccc1)C(=O)CSc1ccc(Cl)c(C=O)c1 2.30341850772024
CN(Cc1ccccc1)C(=O)CSc1ccc(Cl)c(C=O)c1 2.30341850772024
CN(Cc1ccccc1)C(=O)CSc1ccc(Cl)c(C=O)c1 2.30341850772024
CN(Cc1ccccc1)C(=O)CSc1ccc(Cl)c(C=O)c1 2.30341850772024
Cc1cc(Cl)cc(Cl)c1 2.2759404266362067
Cc1cccc(N2C(=O)C=C(Cl)/C2=C/NCc2ccc(Cl)cc2)c1 2.267501538042945
O=CN(/C=C(/C#Cc1cccs1)c1nc2ccccc2s1)Cc1ccccc1 2.264793965972403
O=C(Cn1ccc2ccccc21)/N=C\c1cccc(-c2ccco2)c1 2.2280325731917126
C=Cc1ccc2c(C)nn(/C=C/C(=O)Nc3ccc(Cl)cc3)c2c1 2.1906347539082978
Cc1nc2ccccc2n1CC(=O)NC1(c2ccccc2)CCCC1 2.180651367312943
CN(Cc1cccs1)C(=O)c1ccccc1/C=C/S(=O)(=O)C1CCCCC1 2.1558350920399656
NC1=CC(=O)N(Cc2ccc(Cl)cc2)/C1=C\c1ccc(Cl)cc1 2.141599079677378
CS(=O)(=O)c1ccc(NC(=O)/C=C\c2ccc(Cl)cc2)c(C(=O)N2CCCC2)c1 2.104900328493978
Cc1ccc(C(=O)c2cccnc2COC2CCC(C)CC2)o1 2.0891628359911616
O=C(NC[C@H]1CCCc2ccccc21)c1ccc2nc(S(=O)(=O)C3CCCCC3)sc2c1 2.080187555589502
O=C(NCc1ccccc1)c1cccc([N+](=O)[O-])c1 2.077431732110877
Cc1ccc([C@H](NC(=O)c2cccs2)c2cccc3ncccc23)o1 2.071700169398881
O=C(NCc1ccc(Br)cc1)c1ccc([N-]S(=O)(=O)c2cccs2)cc1 2.05332493706994
NC1=CC(=O)N(Cc2ccccc2Cl)/C1=C\c1ccccc1Cl 2.0025872157031004
O=C(NCc1nc2ccccc2s1)c1cccc([N+](=O)[O-])c1 1.9770549457964257
O=C(NCc1nc2ccccc2s1)c1cccc([N+](=O)[O-])c1 1.9770549457964257
O=C(NCc1nc2ccccc2s1)c1cccc([N+](=O)[O-])c1 1.9770549457964257
O=C(NCc1nc2ccccc2s1)c1cccc([N+](=O)[O-])c1 1.9770549457964257
O=C(NCc1nc2ccccc2s1)c1cccc([N+](=O)[O-])c1 1.9770549457964257
O=C(NCc1nc2ccccc2s1)c1cccc([N+](=O)[O-])c1 1.9770549457964257
O=C(NCc1nc2ccccc2s1)c1cccc([N+](=O)[O-])c1 1.9770549457964257
O=C(NCc1nc2ccccc2s1)c1cccc([N+](=O)[O-])c1 1.9770549457964257
O=C(NCc1nc2ccccc2s1)c1cccc([N+](=O)[O-])c1 1.9770549457964257
O=C(NCc1nc2ccccc2s1)c1cccc([N+](=O)[O-])c1 1.9770549457964257
O=C(NCc1nc2ccccc2s1)c1cccc([N+](=O)[O-])c1 1.9770549457964257
O=C(NCc1nc2ccccc2s1)c1cccc([N+](=O)[O-])c1 1.9770549457964257
O=C(NCc1nc2ccccc2s1)c1cccc([N+](=O)[O-])c1 1.9770549457964257
O=C(NCc1nc2ccccc2s1)c1cccc([N+](=O)[O-])c1 1.9770549457964257
O=C(NCc1nc2ccccc2s1)c1cccc([N+](=O)[O-])c1 1.9770549457964257
O=C(NCc1nc2ccccc2s1)c1cccc([N+](=O)[O-])c1 1.9770549457964257
O=C(NCc1nc2ccccc2s1)c1cccc([N+](=O)[O-])c1 1.9770549457964257
O=C(NCc1nc2ccccc2s1)c1cccc([N+](=O)[O-])c1 1.9770549457964257
O=C(NCc1nc2ccccc2s1)c1cccc([N+](=O)[O-])c1 1.9770549457964257
O=C(NCc1nc2ccccc2s1)c1cccc([N+](=O)[O-])c1 1.9770549457964257
O=C(NCc1nc2ccccc2s1)c1cccc([N+](=O)[O-])c1 1.9770549457964257
O=C(NCc1nc2ccccc2s1)c1cccc([N+](=O)[O-])c1 1.9770549457964257
O=C(NCc1nc2ccccc2s1)c1cccc([N+](=O)[O-])c1 1.9770549457964257
O=C(NCc1ccc2c(c1)CCC2)c1nnc(Oc2ccccc2)s1 1.9479829234877832
CCOC(=O)n1cc(-c2c(Cl)cccc2Cl)cn1 1.8595543425114958
O=CN(Cc1ccccc1)C(=O)C=C1CCC(c2cccs2)CC1 1.832592937104941
O=CN(Cc1ccccc1)C(=O)C=C1CCC(c2cccs2)CC1 1.832592937104941
O=CN(Cc1ccccc1)C(=O)C=C1CCC(c2cccs2)CC1 1.832592937104941
O=CN(Cc1ccccc1)C(=O)C=C1CCC(c2cccs2)CC1 1.832592937104941
O=CN(Cc1ccccc1)C(=O)C=C1CCC(c2cccs2)CC1 1.832592937104941
O=CN(Cc1ccccc1)C(=O)C=C1CCC(c2cccs2)CC1 1.832592937104941
O=CN(Cc1ccccc1)C(=O)C=C1CCC(c2cccs2)CC1 1.832592937104941
O=CN(Cc1ccccc1)C(=O)C=C1CCC(c2cccs2)CC1 1.832592937104941
O=CN(Cc1ccccc1)C(=O)C=C1CCC(c2cccs2)CC1 1.832592937104941
O=CN(Cc1ccccc1)C(=O)C=C1CCC(c2cccs2)CC1 1.832592937104941
COc1cccc(C)c1NC(=O)c1ccc(Br)c(Cn2cnnc2)c1 1.7569492541628886
CSc1cccc(/C=C\C(=O)N(C=O)Cc2ccccc2)c1 1.6768928559550043
CCOc1ccc2c(=O)[nH]c(=O)n(/C(C)=C(\Cl)c3ccccc3)c2c1 1.601280255491597
COc1cccc(-n2c(=O)ccn(Cc3ccc(Cl)cc3)c2=O)c1 1.5561325443417477
Cc1ccc(NC(=O)/C=C\c2ccc(Cl)cc2)cc1S(=O)(=O)C1=CNCC1 1.5540764919323378
O=C1C=C(Cl)/C(=C/Nc2ccccc2CO)N1Cc1ccccc1 1.4854067556074795
C=Cc1cccc2c1C(=S)N([C@H](C)Oc1cccc(Cl)c1)C2=O 1.4306365047383331
CC(=O)c1cccc(C2(CBr)CCCCC2)n1 1.4195561099599168
CC(=O)Nc1cccc(CSC(=O)/C=C2\NCc3ccccc32)c1 1.3795035058920024
CCn1ncc(/C=C(/C=O)Nc2c(C)cccc2Cl)c1Cl 1.3709839701882378
Cc1nsc(-c2cc(C(=O)C[C@H](C)c3ccccc3)nc3c(C)noc23)n1 1.279981791693955
NC(=O)c1ccccc1Br 1.2470202680215663
O=C(Cn1cncn1)O[C@@H](c1ccc(-c2ccncc2)s1)C1CCCCC1 1.233863821419423
CN1CC[C@@H](COc2cccc(Cl)c2)C1 1.189921992059894
O=C(N[C@H]1CCc2ccccc21)c1ccc2nc(O)sc2c1 1.1899030456336477
O=C(NCc1cccs1)c1ccccc1OC(=S)C1=CCN=N1 1.1445280905553277
C=C(c1cccc(OC)c1)N1C(=O)C=C[C@]1(Cl)c1ccccc1 1.1213538983017806
C[C@]1(Sc2ccc(Cl)cc2)C(N)=CC(=O)N1c1ccccc1 1.101453247530446
O=C(N[C@H]1Cc2ccccc2[C@@]1(c1ccccc1)c1ncno1)c1ccc(Br)cc1 1.0801137096519078
CC1=N/C(=C/c2ccccc2)[C@@H](NC(=O)c2cccc(Cn3nnc4ccccc43)c2)O1 1.042202034769169
N#C/C(=C\c1ccc(-n2cccc2)cc1)c1nn(-c2ccco2)c(=O)s1 1.0179862403713886
O=C(N[C@H]1CCc2ccccc21)c1cccc(-c2ncno2)c1 1.0126695561817018
Cc1ccnc([C@H](Br)c2ncccc2C)c1 1.012411056613006
CCOc1cc(Cl)cc2[nH]c(C(N)=O)cc12 1.0075586680400084
C/C(C#Cc1cccs1)=C/N(C=O)Cc1ccccc1 0.9671314960161437
Cc1ccnc([C@@H](Br)c2nnc(-c3ccncc3)s2)c1 0.9650571630394921
COC(=O)C1=C(c2csc(NC(=O)/C=C/c3ccccc3)n2)N=NC1 0.8850889603141816
C[C@@H](c1ccc(OC(F)F)cc1)N1CN(C=O)[C@H]1c1nc2ccccc2s1 0.8695745219130022
CC(=O)N1CCc2cc(Cl)c(NC[C@H](C)Cl)cc21 0.8280059871698247
CCNc1cccc([C@@](C)(Cl)[C@@]2(N)CNc3cc(Cl)ccc32)c1 0.8237440750210396
O=C(N[C@@]1(C(=O)c2ccccc2[N+](=O)[O-])CC[C@H]2C=CC=C[C@H]21)OCc1ccccc1 0.8159440701575773
O=C1C(c2ccccc2)=CC(O)(O)N1Cc1ccccc1Cl 0.7972038737067972
CC(=O)Nc1cc([C@]2(N)CNc3cc(Cl)ccc32)ccc1Cl 0.7916535124687102
Cc1ccc([C@@H](N)C#Cc2sccc2C)cc1Br 0.7639369094143319
Cc1c(Cl)ccc(Cl)c1C[S@@](C)=O 0.6777693003239278
C=Cc1ccccc1N1C(=O)C=C(Cl)[C@@]1(N)c1ccccc1 0.5777275260228005
C=Cc1ccccc1N1C(=O)C=C(Cl)[C@]1(N)c1ccccc1 0.5777275260228005
CC(=O)Nc1ccc2c(c1)NC[C@@]2(N)[C@H](Cl)c1ccc(Cl)cc1 0.5757496987881978
O=c1[nH]cnc(/C=[NH+]\c2cccc(-c3ccccc3)c2)c1-c1ccccc1 0.5726356664945258
CC(=O)N1CCN=C1[C@H](c1ccccn1)c1ccccc1Br 0.5012534480593125
CCOc1ccc2c(c1)C(=O)N([C@H](C)Nc1cccc(C(N)=O)c1)[C@@H]2C 0.4302435261904912
O=C(Nc1nc(C2=NC(=O)[C@@]3(CO3)O2)c(-c2ccc(Br)cc2)s1)c1ccccc1 0.41315067985504683
O=CN(Cc1ccccc1)C(=O)/C=C1\SC=N[C@@H]1c1ccccc1 0.3554831729198563
O=C(/N=C/c1ccccc1)c1ccc(NCC(=O)N2C=C3C=CC=C[C@H]3C2)c([N+](=O)[O-])c1 0.31258630469162874
NC1=CC(=O)N(Cc2cccc(S(=O)(=O)[O-])c2)/C1=C\c1ccc(Cl)cc1 0.2794627460669786
CCOC(=O)c1ccc2c(c1)N[C@](N)(c1ccccc1)C2=O 0.1573617648042025
O=C(CN1N=CO[C@]1(c1ccccn1)c1cccs1)Oc1ccccc1 0.11664312820293643
N[C@]1(C(=O)Nc2ccccc2Cl)NNC/C1=C/c1ccc(Cl)cc1 0.07215222839048088
CCOC(=O)n1nccc1/C=C1\N=CN(c2ccccc2)CC1=O -0.03396231640482844
C=C(Cl)c1cccc(N2C(=O)c3ccccc3[C@]2(N)CS(C)(=O)=O)c1 -0.11049774112823912
CC(=O)Nc1ccc([C@@]23C=CC=C[C@H]2N=CN3[C@@H](F)C(=O)c2ccccc2)cc1 -0.1487072390014912
NC1=N/C(=C\c2ccccc2NC(=O)c2ccccc2)N[C@@H](Cl)C1=O -0.1553106949337571
O=C(Nc1ccc(-c2nnc(C(F)F)s2)cc1)C1=NC2(CCCC2)[C@@H](O)S1 -0.15808466314838765
C[C@@H]1CN(c2ccccc2[C@@H](C=O)c2cnc3ccccc3n2)C=N1 -0.2390052914498011
Cc1ccc(Cl)cc1NC(=O)C1=C2C=C(Cl)C=C[C@]2(N)CN1 -0.26327695904782633
Cc1cccc([C@H](C=O)Sc2nnc([C@H]3CCCO3)s2)n1 -0.33874037640106835
Cc1cc(C)c2c([C@]3(N)NC(=O)c4ccccc43)noc2c1 -0.3656641514975072
O=C(NCc1cccc([N+](=O)[O-])c1)C1=N[C@@]23C=CC=C[C@@]2(CCCC3)S1 -0.40615728614541624
O=C(NCc1cccc([N+](=O)[O-])c1)C1=N[C@@]23C=CC=C[C@@]2(CCCC3)S1 -0.40615728614541624
N[C@@]12C=CC(Sc3ccccc3)=C[C@]1(C(=O)NCc1ccccc1Cl)C(=O)NN=C2 -0.7524897585509828
C/C(Oc1ccccc1)=C1/NCN1C=O -0.7695309393396598
CC(=O)Nc1cc(Cl)ccc1[C@]1(N)NC=C2C=CC=C[C@@]21Cl -0.8628034178462554
NC1=C([O-])C(=O)N/C1=C\c1cccc(S(=O)(=O)NCc2ccccc2)c1 -1.0847777723170136
O=CN1CN[C@H]1/C(=N/Cc1ccccc1)c1ccncc1 -1.1278286840596121
CC(C)Oc1ccccc1-n1nc([C@@]2(N)NCC[C@H]3C=CC=C[C@@H]32)ccc1=O -1.145908234030848
O=C(CN1N=CO[C@]1(c1ccccc1)c1ccccn1)OCc1nnco1 -1.25334268049968
CCOc1c(Cl)ccc(F)c1NCC(=O)N1CCN[C@]2(C)C=CC=C[C@]12N -1.4299791433566333
CC1=CC=C(NC(=O)Cc2cccc([N+](=O)[O-])c2)[C@]23OC(C)=N[C@]12O3 -1.5069942449976306
CCC(=O)NCc1ccc([C@@H](C)N2N=N[C@@H]3C=CC=C[C@]32C(N)=O)c(F)c1 -1.5486302568539303
O=C[C@@]1(NCc2cccc(N3CCC(=O)C3)c2)CO1 -1.7213204260411477
[NH2+]=C1N[C@@H](c2cccc(OC(=O)c3nnc(Nc4ccccc4)s3)c2)N1C=O -1.7477723219822243
O=CCl -1.7578240681711526
CC(C)N[C@H]1N[C@]23C=CC=C[C@]2(C[C@H]1c1ccccc1Cl)N=CN3 -1.8023699311451462
C[C@@]1(N)NN=CC(=O)[C@H]1C(=O)NCC1(c2ccccc2)CCCC1 -1.80287107322862
[NH2+]=C1N[C@@H](c2ccc(OC3(c4ccncc4)CCCC3)cc2)N1C=O -1.8273243992252914
O=CN1CN[C@H]1[C@H]([NH2+]Cc1ccccc1)c1nc2ccccc2s1 -1.9194918365167362
NC(=O)[C@@]1([N+](=O)[O-])N[C@@]1(N)C(=O)Nc1ccc(-c2ccccc2)cc1 -1.9987875936245825
C[C@@H](N1C[C@@H](C(=O)N2CC[C@H]3C=CC=C[C@H]3C2)N=N1)[C@@]1(N)CNc2ccccc21 -2.252359016455482
[NH2+]=C1N[C@@H](c2cccc(C(=O)OC3CCCC3)c2)N1C=O -2.2535030316726643
CCOC(=O)c1cc(/C=C\C2=[NH+]C3(CCCCC3)[NH+]=C2)n(-c2ccccc2)n1 -2.675678645234787
O=CN1CC=C[C@]1(Cl)[N@@H+]1CNC=C[C@@H]1c1ccccc1 -3.6656483124506254
